[2026-02-24 11:31:13] INFO - Consolidation method: distillation
[2026-02-24 11:31:13] INFO - Device: cuda
[2026-02-24 11:31:13] INFO - Debug: False
[2026-02-24 11:31:13] INFO - Tag: default
[2026-02-24 11:31:13] INFO - Config: configs/base.yaml
[2026-02-24 11:31:13] INFO - Task sequence: ['PongNoFrameskip-v4', 'BreakoutNoFrameskip-v4', 'SpaceInvadersNoFrameskip-v4']
[2026-02-24 11:31:13] INFO - Distillation config: temperature=2.0, alpha=0.5, epochs=50, lr=5e-05, batch_size=64
[2026-02-24 11:31:13] INFO - Loading expert checkpoints and collecting replay data...
A.L.E: Arcade Learning Environment (version 0.11.2+ecc1138)
[Powered by Stella]
[2026-02-24 11:32:10] INFO - Loaded 3 expert models in 56.8s.
[2026-02-24 11:32:10] INFO -   Pong: best_reward=-0.70, valid_actions=[0, 1, 3, 4, 11, 12], buffer_size=10000
[2026-02-24 11:32:10] INFO -   Breakout: best_reward=80.90, valid_actions=[0, 1, 3, 4], buffer_size=10000
[2026-02-24 11:32:10] INFO -   SpaceInvaders: best_reward=762.50, valid_actions=[0, 1, 3, 4, 11, 12], buffer_size=10000
[2026-02-24 11:32:10] INFO - Initializing global model as parameter average of experts...
[2026-02-24 11:32:10] INFO - Global model param norm: 31.9327
[2026-02-24 11:32:10] INFO - Starting Knowledge Distillation consolidation...
[2026-02-24 11:32:12] INFO - Task Pong: Q-value stats mean=0.003, std=0.010
[2026-02-24 11:32:12] INFO - Task Breakout: Q-value stats mean=1.495, std=0.374
[2026-02-24 11:32:13] INFO - Task SpaceInvaders: Q-value stats mean=2.184, std=1.322
[2026-02-24 11:32:32] INFO - Distillation epoch 5/50 | Avg loss: 0.023768
[2026-02-24 11:32:52] INFO - Distillation epoch 10/50 | Avg loss: 0.012661
[2026-02-24 11:33:11] INFO - Distillation epoch 15/50 | Avg loss: 0.009693
[2026-02-24 11:33:31] INFO - Distillation epoch 20/50 | Avg loss: 0.007651
[2026-02-24 11:33:50] INFO - Distillation epoch 25/50 | Avg loss: 0.007375
[2026-02-24 11:34:09] INFO - Distillation epoch 30/50 | Avg loss: 0.004878
[2026-02-24 11:34:28] INFO - Distillation epoch 35/50 | Avg loss: 0.004951
[2026-02-24 11:34:48] INFO - Distillation epoch 40/50 | Avg loss: 0.003268
[2026-02-24 11:35:07] INFO - Distillation epoch 45/50 | Avg loss: 0.003130
[2026-02-24 11:35:26] INFO - Distillation epoch 50/50 | Avg loss: 0.002566
[2026-02-24 11:35:26] INFO - Knowledge Distillation consolidation complete.
[2026-02-24 11:35:26] INFO - Consolidated model param norm: 37.7677 (delta: +5.8350)
[2026-02-24 11:35:26] INFO -   Weight drift [features]: 9.270684
[2026-02-24 11:35:26] INFO -   Weight drift [fc]: 20.325518
[2026-02-24 11:35:26] INFO - Consolidated model saved to results/checkpoints/default/consolidated_distillation.pt
[2026-02-24 11:35:26] INFO - Total consolidation time (distillation): 253.4s
Collecting 10000 replay samples for Pong...
Collecting 10000 replay samples for Breakout...
Collecting 10000 replay samples for SpaceInvaders...
