[2026-02-24 11:35:31] INFO - Consolidation method: htcl
[2026-02-24 11:35:31] INFO - Device: cuda
[2026-02-24 11:35:31] INFO - Debug: False
[2026-02-24 11:35:31] INFO - Tag: default
[2026-02-24 11:35:31] INFO - Config: configs/base.yaml
[2026-02-24 11:35:31] INFO - Task sequence: ['PongNoFrameskip-v4', 'BreakoutNoFrameskip-v4', 'SpaceInvadersNoFrameskip-v4']
[2026-02-24 11:35:31] INFO - HTCL config: lambda=100000.0, lambda_auto=True, fisher_samples=2000, catch_up_iters=2, eta=0.9
[2026-02-24 11:35:31] INFO - Loading expert checkpoints and collecting replay data...
A.L.E: Arcade Learning Environment (version 0.11.2+ecc1138)
[Powered by Stella]
[2026-02-24 11:36:28] INFO - Loaded 3 expert models in 56.6s.
[2026-02-24 11:36:28] INFO -   Pong: best_reward=-0.70, valid_actions=[0, 1, 3, 4, 11, 12], buffer_size=10000
[2026-02-24 11:36:28] INFO -   Breakout: best_reward=80.90, valid_actions=[0, 1, 3, 4], buffer_size=10000
[2026-02-24 11:36:28] INFO -   SpaceInvaders: best_reward=762.50, valid_actions=[0, 1, 3, 4, 11, 12], buffer_size=10000
[2026-02-24 11:36:28] INFO - Initializing global model as parameter average of experts...
[2026-02-24 11:36:28] INFO - Global model param norm: 31.9327
[2026-02-24 11:36:28] INFO - Starting HTCL consolidation...
[2026-02-24 11:36:28] INFO - HTCL: Consolidating task 1/3 (Pong)...
[2026-02-24 11:36:32] INFO - HTCL: mu_min(H) = 0.000000 | Constraint: lambda > -0.000000 | Using lambda = 100000.000000
[2026-02-24 11:36:32] INFO - HTCL: Task 1 (Pong) | effective_lambda = 100000.00
[2026-02-24 11:36:32] INFO - HTCL: Pong | expert_drift_norm = 30.9324 | update_norm = 27.8391
[2026-02-24 11:36:32] INFO - HTCL: Catch-up iteration 1/2 for Pong
[2026-02-24 11:36:32] INFO - HTCL: Catch-up iteration 2/2 for Pong
[2026-02-24 11:36:32] INFO - HTCL: Consolidating task 2/3 (Breakout)...
[2026-02-24 11:36:36] INFO - HTCL: mu_min(H) = 0.000000 | Constraint: lambda > -0.000000 | Using lambda = 100000.000000
[2026-02-24 11:36:36] INFO - HTCL: Task 2 (Breakout) | effective_lambda = 100000.00
[2026-02-24 11:36:36] INFO - HTCL: Breakout | expert_drift_norm = 51.1757 | update_norm = 46.0581
[2026-02-24 11:36:36] INFO - HTCL: Catch-up iteration 1/2 for Breakout
[2026-02-24 11:36:36] INFO - HTCL: Catch-up iteration 2/2 for Breakout
[2026-02-24 11:36:36] INFO - HTCL: Consolidating task 3/3 (SpaceInvaders)...
[2026-02-24 11:36:40] INFO - HTCL: mu_min(H) = 0.000000 | Constraint: lambda > -0.000000 | Using lambda = 100000.000000
[2026-02-24 11:36:40] INFO - HTCL: Task 3 (SpaceInvaders) | effective_lambda = 100000.00
[2026-02-24 11:36:40] INFO - HTCL: SpaceInvaders | expert_drift_norm = 63.5677 | update_norm = 57.2109
[2026-02-24 11:36:40] INFO - HTCL: Catch-up iteration 1/2 for SpaceInvaders
[2026-02-24 11:36:41] INFO - HTCL: Catch-up iteration 2/2 for SpaceInvaders
[2026-02-24 11:36:41] INFO - HTCL consolidation complete.
[2026-02-24 11:36:41] INFO - Consolidated model param norm: 60.5586 (delta: +28.6259)
[2026-02-24 11:36:41] INFO -   Weight drift [features]: 20.352094
[2026-02-24 11:36:41] INFO -   Weight drift [fc]: 39.717180
[2026-02-24 11:36:41] INFO - Consolidated model saved to results/checkpoints/default/consolidated_htcl.pt
[2026-02-24 11:36:41] INFO - Total consolidation time (htcl): 69.6s
Collecting 10000 replay samples for Pong...
Collecting 10000 replay samples for Breakout...
Collecting 10000 replay samples for SpaceInvaders...
