A.L.E: Arcade Learning Environment (version 0.11.2+ecc1138)
[Powered by Stella]

============================================================
Evaluating Expert Models
============================================================
  Expert (Pong) on Pong: -21.00 +/- 0.00
  Expert (Breakout) on Breakout: 56.07 +/- 22.22
  Expert (SpaceInvaders) on SpaceInvaders: 647.50 +/- 87.36

============================================================
Evaluating EWC Consolidated Model
============================================================
  EWC on Pong: -21.00 +/- 0.00
  EWC on Breakout: 0.00 +/- 0.00
  EWC on SpaceInvaders: 194.50 +/- 127.45

============================================================
Evaluating Distillation Consolidated Model
============================================================
  Distillation on Pong: -21.00 +/- 0.00
  Distillation on Breakout: 1.33 +/- 2.21
  Distillation on SpaceInvaders: 203.17 +/- 37.32

============================================================
Evaluating HTCL Consolidated Model
============================================================
  HTCL on Pong: -21.00 +/- 0.00
  HTCL on Breakout: 0.33 +/- 0.75
  HTCL on SpaceInvaders: 699.17 +/- 268.77

Generating comparison plots...
Saved comparison plot to results/figures/comparison_bar.png/.svg
Saved heatmap to results/figures/performance_heatmap.png/.svg

Numerical results saved to results/figures/comparison_results_default.json

================================================================================
COMPARISON SUMMARY
================================================================================
Method                         Pong       Breakout   SpaceInvaders        Average
--------------------------------------------------------------------------------
Expert                       -21.00          56.07         647.50         227.52
EWC                          -21.00           0.00         194.50          57.83
Distillation                 -21.00           1.33         203.17          61.17
HTCL                         -21.00           0.33         699.17         226.17
================================================================================
