[2026-02-24 11:28:51] ============================================================
[2026-02-24 11:28:51]  CRL-Atari Experiment Pipeline
[2026-02-24 11:28:51] ============================================================
[2026-02-24 11:28:51]  Hostname:  node242
[2026-02-24 11:28:51]  Date:      Tue Feb 24 11:28:51 EST 2026
[2026-02-24 11:28:51]  Tag:       default
[2026-02-24 11:28:51]  Config:    configs/base.yaml
[2026-02-24 11:28:51]  Debug:     off
[2026-02-24 11:28:51]  Device:    auto
[2026-02-24 11:28:51]  Log dir:   results/logs/pipeline_default_20260224_112851
[2026-02-24 11:28:51]  Master log: results/logs/pipeline_default_20260224_112851/pipeline_master.log
[2026-02-24 11:28:51] ============================================================
[2026-02-24 11:28:55] Environment snapshot saved to results/logs/pipeline_default_20260224_112851/environment_snapshot.log
[2026-02-24 11:28:55] Skipping expert training (--skip-train).
[2026-02-24 11:28:55] ============================================================
[2026-02-24 11:28:55]  Step 2/4: Consolidation
[2026-02-24 11:28:55] ============================================================
[2026-02-24 11:28:55] --- EWC ---
[2026-02-24 11:28:55] START: 02a_consolidate_ewc
[2026-02-24 11:28:55] CMD: python scripts/consolidate.py --method ewc --config configs/base.yaml --tag default
[2026-02-24 11:28:55] Step log: results/logs/pipeline_default_20260224_112851/02a_consolidate_ewc.log
[2026-02-24 11:28:58] INFO - Consolidation method: ewc
[2026-02-24 11:28:58] INFO - Device: cuda
[2026-02-24 11:28:58] INFO - Debug: False
[2026-02-24 11:28:58] INFO - Tag: default
[2026-02-24 11:28:58] INFO - Config: configs/base.yaml
[2026-02-24 11:28:58] INFO - Task sequence: ['PongNoFrameskip-v4', 'BreakoutNoFrameskip-v4', 'SpaceInvadersNoFrameskip-v4']
[2026-02-24 11:28:58] INFO - EWC config: lambda=5000.0, fisher_samples=2000, online=True, gamma=0.95
[2026-02-24 11:28:58] INFO - Loading expert checkpoints and collecting replay data...
A.L.E: Arcade Learning Environment (version 0.11.2+ecc1138)
[Powered by Stella]
[2026-02-24 11:29:55] INFO - Loaded 3 expert models in 57.1s.
[2026-02-24 11:29:55] INFO -   Pong: best_reward=-0.70, valid_actions=[0, 1, 3, 4, 11, 12], buffer_size=10000
[2026-02-24 11:29:55] INFO -   Breakout: best_reward=80.90, valid_actions=[0, 1, 3, 4], buffer_size=10000
[2026-02-24 11:29:55] INFO -   SpaceInvaders: best_reward=762.50, valid_actions=[0, 1, 3, 4, 11, 12], buffer_size=10000
[2026-02-24 11:29:55] INFO - Initializing global model as parameter average of experts...
[2026-02-24 11:29:55] INFO - Global model param norm: 31.9327
[2026-02-24 11:29:55] INFO - Starting EWC consolidation...
[2026-02-24 11:29:55] INFO - Computing Fisher Information Matrix for EWC...
[2026-02-24 11:29:55] INFO - EWC: Registered task 1. Fisher norm: 1.66
[2026-02-24 11:29:55] INFO - Computing Fisher Information Matrix for EWC...
[2026-02-24 11:29:56] INFO - EWC: Registered task 2. Fisher norm: 0.98
[2026-02-24 11:29:56] INFO - Computing Fisher Information Matrix for EWC...
[2026-02-24 11:29:56] INFO - EWC: Registered task 3. Fisher norm: 0.95
[2026-02-24 11:30:07] INFO - EWC consolidation step 500/5000 | Loss: 1163.115479 (EWC: 10.741982, Avg: 1152.373535)
[2026-02-24 11:30:14] INFO - EWC consolidation step 1000/5000 | Loss: 1163.115479 (EWC: 10.741982, Avg: 1152.373535)
[2026-02-24 11:30:21] INFO - EWC consolidation step 1500/5000 | Loss: 1163.115479 (EWC: 10.741982, Avg: 1152.373535)
[2026-02-24 11:30:27] INFO - EWC consolidation step 2000/5000 | Loss: 1163.115479 (EWC: 10.741982, Avg: 1152.373535)
[2026-02-24 11:30:34] INFO - EWC consolidation step 2500/5000 | Loss: 1163.115479 (EWC: 10.741983, Avg: 1152.373535)
[2026-02-24 11:30:41] INFO - EWC consolidation step 3000/5000 | Loss: 1163.115479 (EWC: 10.741982, Avg: 1152.373535)
[2026-02-24 11:30:48] INFO - EWC consolidation step 3500/5000 | Loss: 1163.115601 (EWC: 10.741983, Avg: 1152.373657)
[2026-02-24 11:30:54] INFO - EWC consolidation step 4000/5000 | Loss: 1163.115479 (EWC: 10.741983, Avg: 1152.373535)
[2026-02-24 11:31:01] INFO - EWC consolidation step 4500/5000 | Loss: 1163.115479 (EWC: 10.741984, Avg: 1152.373535)
[2026-02-24 11:31:08] INFO - EWC consolidation step 5000/5000 | Loss: 1163.115601 (EWC: 10.741982, Avg: 1152.373657)
[2026-02-24 11:31:08] INFO - EWC consolidation complete.
[2026-02-24 11:31:08] INFO - Consolidated model param norm: 31.9327 (delta: -0.0000)
[2026-02-24 11:31:08] INFO -   Weight drift [features]: 0.001322
[2026-02-24 11:31:08] INFO -   Weight drift [fc]: 0.004041
[2026-02-24 11:31:08] INFO - Consolidated model saved to results/checkpoints/default/consolidated_ewc.pt
[2026-02-24 11:31:08] INFO - Total consolidation time (ewc): 130.0s
Collecting 10000 replay samples for Pong...
Collecting 10000 replay samples for Breakout...
Collecting 10000 replay samples for SpaceInvaders...
[2026-02-24 11:31:09] DONE: 02a_consolidate_ewc

[2026-02-24 11:31:09] --- Knowledge Distillation ---
[2026-02-24 11:31:09] START: 02b_consolidate_distillation
[2026-02-24 11:31:09] CMD: python scripts/consolidate.py --method distillation --config configs/base.yaml --tag default
[2026-02-24 11:31:09] Step log: results/logs/pipeline_default_20260224_112851/02b_consolidate_distillation.log
[2026-02-24 11:31:13] INFO - Consolidation method: distillation
[2026-02-24 11:31:13] INFO - Device: cuda
[2026-02-24 11:31:13] INFO - Debug: False
[2026-02-24 11:31:13] INFO - Tag: default
[2026-02-24 11:31:13] INFO - Config: configs/base.yaml
[2026-02-24 11:31:13] INFO - Task sequence: ['PongNoFrameskip-v4', 'BreakoutNoFrameskip-v4', 'SpaceInvadersNoFrameskip-v4']
[2026-02-24 11:31:13] INFO - Distillation config: temperature=2.0, alpha=0.5, epochs=50, lr=5e-05, batch_size=64
[2026-02-24 11:31:13] INFO - Loading expert checkpoints and collecting replay data...
A.L.E: Arcade Learning Environment (version 0.11.2+ecc1138)
[Powered by Stella]
[2026-02-24 11:32:10] INFO - Loaded 3 expert models in 56.8s.
[2026-02-24 11:32:10] INFO -   Pong: best_reward=-0.70, valid_actions=[0, 1, 3, 4, 11, 12], buffer_size=10000
[2026-02-24 11:32:10] INFO -   Breakout: best_reward=80.90, valid_actions=[0, 1, 3, 4], buffer_size=10000
[2026-02-24 11:32:10] INFO -   SpaceInvaders: best_reward=762.50, valid_actions=[0, 1, 3, 4, 11, 12], buffer_size=10000
[2026-02-24 11:32:10] INFO - Initializing global model as parameter average of experts...
[2026-02-24 11:32:10] INFO - Global model param norm: 31.9327
[2026-02-24 11:32:10] INFO - Starting Knowledge Distillation consolidation...
[2026-02-24 11:32:12] INFO - Task Pong: Q-value stats mean=0.003, std=0.010
[2026-02-24 11:32:12] INFO - Task Breakout: Q-value stats mean=1.495, std=0.374
[2026-02-24 11:32:13] INFO - Task SpaceInvaders: Q-value stats mean=2.184, std=1.322
[2026-02-24 11:32:32] INFO - Distillation epoch 5/50 | Avg loss: 0.023768
[2026-02-24 11:32:52] INFO - Distillation epoch 10/50 | Avg loss: 0.012661
[2026-02-24 11:33:11] INFO - Distillation epoch 15/50 | Avg loss: 0.009693
[2026-02-24 11:33:31] INFO - Distillation epoch 20/50 | Avg loss: 0.007651
[2026-02-24 11:33:50] INFO - Distillation epoch 25/50 | Avg loss: 0.007375
[2026-02-24 11:34:09] INFO - Distillation epoch 30/50 | Avg loss: 0.004878
[2026-02-24 11:34:28] INFO - Distillation epoch 35/50 | Avg loss: 0.004951
[2026-02-24 11:34:48] INFO - Distillation epoch 40/50 | Avg loss: 0.003268
[2026-02-24 11:35:07] INFO - Distillation epoch 45/50 | Avg loss: 0.003130
[2026-02-24 11:35:26] INFO - Distillation epoch 50/50 | Avg loss: 0.002566
[2026-02-24 11:35:26] INFO - Knowledge Distillation consolidation complete.
[2026-02-24 11:35:26] INFO - Consolidated model param norm: 37.7677 (delta: +5.8350)
[2026-02-24 11:35:26] INFO -   Weight drift [features]: 9.270684
[2026-02-24 11:35:26] INFO -   Weight drift [fc]: 20.325518
[2026-02-24 11:35:26] INFO - Consolidated model saved to results/checkpoints/default/consolidated_distillation.pt
[2026-02-24 11:35:26] INFO - Total consolidation time (distillation): 253.4s
Collecting 10000 replay samples for Pong...
Collecting 10000 replay samples for Breakout...
Collecting 10000 replay samples for SpaceInvaders...
[2026-02-24 11:35:27] DONE: 02b_consolidate_distillation

[2026-02-24 11:35:27] --- HTCL ---
[2026-02-24 11:35:27] START: 02c_consolidate_htcl
[2026-02-24 11:35:27] CMD: python scripts/consolidate.py --method htcl --config configs/base.yaml --tag default
[2026-02-24 11:35:27] Step log: results/logs/pipeline_default_20260224_112851/02c_consolidate_htcl.log
[2026-02-24 11:35:31] INFO - Consolidation method: htcl
[2026-02-24 11:35:31] INFO - Device: cuda
[2026-02-24 11:35:31] INFO - Debug: False
[2026-02-24 11:35:31] INFO - Tag: default
[2026-02-24 11:35:31] INFO - Config: configs/base.yaml
[2026-02-24 11:35:31] INFO - Task sequence: ['PongNoFrameskip-v4', 'BreakoutNoFrameskip-v4', 'SpaceInvadersNoFrameskip-v4']
[2026-02-24 11:35:31] INFO - HTCL config: lambda=100000.0, lambda_auto=True, fisher_samples=2000, catch_up_iters=2, eta=0.9
[2026-02-24 11:35:31] INFO - Loading expert checkpoints and collecting replay data...
A.L.E: Arcade Learning Environment (version 0.11.2+ecc1138)
[Powered by Stella]
[2026-02-24 11:36:28] INFO - Loaded 3 expert models in 56.6s.
[2026-02-24 11:36:28] INFO -   Pong: best_reward=-0.70, valid_actions=[0, 1, 3, 4, 11, 12], buffer_size=10000
[2026-02-24 11:36:28] INFO -   Breakout: best_reward=80.90, valid_actions=[0, 1, 3, 4], buffer_size=10000
[2026-02-24 11:36:28] INFO -   SpaceInvaders: best_reward=762.50, valid_actions=[0, 1, 3, 4, 11, 12], buffer_size=10000
[2026-02-24 11:36:28] INFO - Initializing global model as parameter average of experts...
[2026-02-24 11:36:28] INFO - Global model param norm: 31.9327
[2026-02-24 11:36:28] INFO - Starting HTCL consolidation...
[2026-02-24 11:36:28] INFO - HTCL: Consolidating task 1/3 (Pong)...
[2026-02-24 11:36:32] INFO - HTCL: mu_min(H) = 0.000000 | Constraint: lambda > -0.000000 | Using lambda = 100000.000000
[2026-02-24 11:36:32] INFO - HTCL: Task 1 (Pong) | effective_lambda = 100000.00
[2026-02-24 11:36:32] INFO - HTCL: Pong | expert_drift_norm = 30.9324 | update_norm = 27.8391
[2026-02-24 11:36:32] INFO - HTCL: Catch-up iteration 1/2 for Pong
[2026-02-24 11:36:32] INFO - HTCL: Catch-up iteration 2/2 for Pong
[2026-02-24 11:36:32] INFO - HTCL: Consolidating task 2/3 (Breakout)...
[2026-02-24 11:36:36] INFO - HTCL: mu_min(H) = 0.000000 | Constraint: lambda > -0.000000 | Using lambda = 100000.000000
[2026-02-24 11:36:36] INFO - HTCL: Task 2 (Breakout) | effective_lambda = 100000.00
[2026-02-24 11:36:36] INFO - HTCL: Breakout | expert_drift_norm = 51.1757 | update_norm = 46.0581
[2026-02-24 11:36:36] INFO - HTCL: Catch-up iteration 1/2 for Breakout
[2026-02-24 11:36:36] INFO - HTCL: Catch-up iteration 2/2 for Breakout
[2026-02-24 11:36:36] INFO - HTCL: Consolidating task 3/3 (SpaceInvaders)...
[2026-02-24 11:36:40] INFO - HTCL: mu_min(H) = 0.000000 | Constraint: lambda > -0.000000 | Using lambda = 100000.000000
[2026-02-24 11:36:40] INFO - HTCL: Task 3 (SpaceInvaders) | effective_lambda = 100000.00
[2026-02-24 11:36:40] INFO - HTCL: SpaceInvaders | expert_drift_norm = 63.5677 | update_norm = 57.2109
[2026-02-24 11:36:40] INFO - HTCL: Catch-up iteration 1/2 for SpaceInvaders
[2026-02-24 11:36:41] INFO - HTCL: Catch-up iteration 2/2 for SpaceInvaders
[2026-02-24 11:36:41] INFO - HTCL consolidation complete.
[2026-02-24 11:36:41] INFO - Consolidated model param norm: 60.5586 (delta: +28.6259)
[2026-02-24 11:36:41] INFO -   Weight drift [features]: 20.352094
[2026-02-24 11:36:41] INFO -   Weight drift [fc]: 39.717180
[2026-02-24 11:36:41] INFO - Consolidated model saved to results/checkpoints/default/consolidated_htcl.pt
[2026-02-24 11:36:41] INFO - Total consolidation time (htcl): 69.6s
Collecting 10000 replay samples for Pong...
Collecting 10000 replay samples for Breakout...
Collecting 10000 replay samples for SpaceInvaders...
[2026-02-24 11:36:41] DONE: 02c_consolidate_htcl

[2026-02-24 11:36:41] All consolidation methods complete.
[2026-02-24 11:36:41] ============================================================
[2026-02-24 11:36:41]  Step 3/4: Evaluating All Models
[2026-02-24 11:36:41] ============================================================
[2026-02-24 11:36:41] Evaluating expert: Breakout
[2026-02-24 11:36:41] START: 03_eval_expert_Breakout
[2026-02-24 11:36:41] CMD: python scripts/evaluate.py --model-path results/checkpoints/default/expert_Breakout_best.pt --all-tasks --config configs/base.yaml --output results/figures/eval_expert_Breakout_default.json
[2026-02-24 11:36:41] Step log: results/logs/pipeline_default_20260224_112851/03_eval_expert_Breakout.log
A.L.E: Arcade Learning Environment (version 0.11.2+ecc1138)
[Powered by Stella]
Model loaded from results/checkpoints/default/expert_Breakout_best.pt
Device: cuda

Evaluating on PongNoFrameskip-v4...
  Pong: mean=-21.00 +/- 0.00 (min=-21.0, max=-21.0)

Evaluating on BreakoutNoFrameskip-v4...
  Breakout: mean=56.07 +/- 22.22 (min=35.0, max=98.0)

Evaluating on SpaceInvadersNoFrameskip-v4...
  SpaceInvaders: mean=38.33 +/- 18.63 (min=30.0, max=80.0)

Results saved to results/figures/eval_expert_Breakout_default.json
[2026-02-24 11:50:44] DONE: 03_eval_expert_Breakout

[2026-02-24 11:50:44] Evaluating expert: Pong
[2026-02-24 11:50:44] START: 03_eval_expert_Pong
[2026-02-24 11:50:44] CMD: python scripts/evaluate.py --model-path results/checkpoints/default/expert_Pong_best.pt --all-tasks --config configs/base.yaml --output results/figures/eval_expert_Pong_default.json
[2026-02-24 11:50:44] Step log: results/logs/pipeline_default_20260224_112851/03_eval_expert_Pong.log
A.L.E: Arcade Learning Environment (version 0.11.2+ecc1138)
[Powered by Stella]
Model loaded from results/checkpoints/default/expert_Pong_best.pt
Device: cuda

Evaluating on PongNoFrameskip-v4...
  Pong: mean=-21.00 +/- 0.00 (min=-21.0, max=-21.0)

Evaluating on BreakoutNoFrameskip-v4...
  Breakout: mean=0.00 +/- 0.00 (min=0.0, max=0.0)

Evaluating on SpaceInvadersNoFrameskip-v4...
  SpaceInvaders: mean=0.00 +/- 0.00 (min=0.0, max=0.0)

Results saved to results/figures/eval_expert_Pong_default.json
[2026-02-24 12:16:40] DONE: 03_eval_expert_Pong

[2026-02-24 12:16:40] Evaluating expert: SpaceInvaders
[2026-02-24 12:16:40] START: 03_eval_expert_SpaceInvaders
[2026-02-24 12:16:40] CMD: python scripts/evaluate.py --model-path results/checkpoints/default/expert_SpaceInvaders_best.pt --all-tasks --config configs/base.yaml --output results/figures/eval_expert_SpaceInvaders_default.json
[2026-02-24 12:16:40] Step log: results/logs/pipeline_default_20260224_112851/03_eval_expert_SpaceInvaders.log
A.L.E: Arcade Learning Environment (version 0.11.2+ecc1138)
[Powered by Stella]
Model loaded from results/checkpoints/default/expert_SpaceInvaders_best.pt
Device: cuda

Evaluating on PongNoFrameskip-v4...
  Pong: mean=-21.00 +/- 0.00 (min=-21.0, max=-21.0)

Evaluating on BreakoutNoFrameskip-v4...
  Breakout: mean=0.53 +/- 0.88 (min=0.0, max=2.0)

Evaluating on SpaceInvadersNoFrameskip-v4...
  SpaceInvaders: mean=647.50 +/- 87.36 (min=570.0, max=770.0)

Results saved to results/figures/eval_expert_SpaceInvaders_default.json
[2026-02-24 12:42:17] DONE: 03_eval_expert_SpaceInvaders

[2026-02-24 12:42:17] Evaluating consolidated: ewc
[2026-02-24 12:42:17] START: 03_eval_ewc
[2026-02-24 12:42:17] CMD: python scripts/evaluate.py --model-path results/checkpoints/default/consolidated_ewc.pt --all-tasks --config configs/base.yaml --output results/figures/eval_ewc_default.json
[2026-02-24 12:42:17] Step log: results/logs/pipeline_default_20260224_112851/03_eval_ewc.log
A.L.E: Arcade Learning Environment (version 0.11.2+ecc1138)
[Powered by Stella]
Model loaded from results/checkpoints/default/consolidated_ewc.pt
Device: cuda

Evaluating on PongNoFrameskip-v4...
  Pong: mean=-21.00 +/- 0.00 (min=-21.0, max=-21.0)

Evaluating on BreakoutNoFrameskip-v4...
  Breakout: mean=0.00 +/- 0.00 (min=0.0, max=0.0)

Evaluating on SpaceInvadersNoFrameskip-v4...
  SpaceInvaders: mean=180.00 +/- 120.62 (min=55.0, max=365.0)

Results saved to results/figures/eval_ewc_default.json
[2026-02-24 12:43:39] DONE: 03_eval_ewc

[2026-02-24 12:43:39] Evaluating consolidated: distillation
[2026-02-24 12:43:39] START: 03_eval_distillation
[2026-02-24 12:43:39] CMD: python scripts/evaluate.py --model-path results/checkpoints/default/consolidated_distillation.pt --all-tasks --config configs/base.yaml --output results/figures/eval_distillation_default.json
[2026-02-24 12:43:39] Step log: results/logs/pipeline_default_20260224_112851/03_eval_distillation.log
A.L.E: Arcade Learning Environment (version 0.11.2+ecc1138)
[Powered by Stella]
Model loaded from results/checkpoints/default/consolidated_distillation.pt
Device: cuda

Evaluating on PongNoFrameskip-v4...
  Pong: mean=-21.00 +/- 0.00 (min=-21.0, max=-21.0)

Evaluating on BreakoutNoFrameskip-v4...
  Breakout: mean=1.17 +/- 2.11 (min=0.0, max=5.0)

Evaluating on SpaceInvadersNoFrameskip-v4...
  SpaceInvaders: mean=200.83 +/- 30.61 (min=150.0, max=255.0)

Results saved to results/figures/eval_distillation_default.json
[2026-02-24 13:09:23] DONE: 03_eval_distillation

[2026-02-24 13:09:23] Evaluating consolidated: htcl
[2026-02-24 13:09:23] START: 03_eval_htcl
[2026-02-24 13:09:23] CMD: python scripts/evaluate.py --model-path results/checkpoints/default/consolidated_htcl.pt --all-tasks --config configs/base.yaml --output results/figures/eval_htcl_default.json
[2026-02-24 13:09:23] Step log: results/logs/pipeline_default_20260224_112851/03_eval_htcl.log
A.L.E: Arcade Learning Environment (version 0.11.2+ecc1138)
[Powered by Stella]
Model loaded from results/checkpoints/default/consolidated_htcl.pt
Device: cuda

Evaluating on PongNoFrameskip-v4...
  Pong: mean=-21.00 +/- 0.00 (min=-21.0, max=-21.0)

Evaluating on BreakoutNoFrameskip-v4...
  Breakout: mean=0.53 +/- 0.88 (min=0.0, max=2.0)

Evaluating on SpaceInvadersNoFrameskip-v4...
  SpaceInvaders: mean=666.67 +/- 240.76 (min=255.0, max=1065.0)

Results saved to results/figures/eval_htcl_default.json
[2026-02-24 13:35:20] DONE: 03_eval_htcl

[2026-02-24 13:35:20] ============================================================
[2026-02-24 13:35:20]  Step 4/5: Generating Comparison Plots & Visualizations
[2026-02-24 13:35:20] ============================================================
[2026-02-24 13:35:20] START: 04a_compare
[2026-02-24 13:35:20] CMD: python scripts/compare.py --config configs/base.yaml --tag default
[2026-02-24 13:35:20] Step log: results/logs/pipeline_default_20260224_112851/04a_compare.log
A.L.E: Arcade Learning Environment (version 0.11.2+ecc1138)
[Powered by Stella]

============================================================
Evaluating Expert Models
============================================================
  Expert (Pong) on Pong: -21.00 +/- 0.00
  Expert (Breakout) on Breakout: 56.07 +/- 22.22
  Expert (SpaceInvaders) on SpaceInvaders: 647.50 +/- 87.36

============================================================
Evaluating EWC Consolidated Model
============================================================
  EWC on Pong: -21.00 +/- 0.00
  EWC on Breakout: 0.00 +/- 0.00
  EWC on SpaceInvaders: 194.50 +/- 127.45

============================================================
Evaluating Distillation Consolidated Model
============================================================
  Distillation on Pong: -21.00 +/- 0.00
  Distillation on Breakout: 1.33 +/- 2.21
  Distillation on SpaceInvaders: 203.17 +/- 37.32

============================================================
Evaluating HTCL Consolidated Model
============================================================
  HTCL on Pong: -21.00 +/- 0.00
  HTCL on Breakout: 0.33 +/- 0.75
  HTCL on SpaceInvaders: 699.17 +/- 268.77

Generating comparison plots...
Saved comparison plot to results/figures/comparison_bar.png/.svg
Saved heatmap to results/figures/performance_heatmap.png/.svg

Numerical results saved to results/figures/comparison_results_default.json

================================================================================
COMPARISON SUMMARY
================================================================================
Method                         Pong       Breakout   SpaceInvaders        Average
--------------------------------------------------------------------------------
Expert                       -21.00          56.07         647.50         227.52
EWC                          -21.00           0.00         194.50          57.83
Distillation                 -21.00           1.33         203.17          61.17
HTCL                         -21.00           0.33         699.17         226.17
================================================================================
[2026-02-24 14:41:20] DONE: 04a_compare

[2026-02-24 14:41:20] START: 04b_visualize
[2026-02-24 14:41:20] CMD: python scripts/visualize.py --tag default
[2026-02-24 14:41:20] Step log: results/logs/pipeline_default_20260224_112851/04b_visualize.log
CRL-Atari Visualization Generator
  PNG: results/figures/png  |  SVG: results/figures/svg
  JSON: results/figures/comparison_results_default.json

Methods: ['Expert', 'EWC', 'Distillation', 'HTCL']
Games  : ['Pong', 'Breakout', 'SpaceInvaders']

Generating plots...
  Saved: 01_grouped_bar_comparison.png / 01_grouped_bar_comparison.svg
  Saved: 02_performance_heatmap.png / 02_performance_heatmap.svg
  Saved: 03_radar_chart.png / 03_radar_chart.svg
Traceback (most recent call last):
  File "/work/pnag/CRL-Atari/scripts/visualize.py", line 741, in <module>
    main()
  File "/work/pnag/CRL-Atari/scripts/visualize.py", line 729, in main
    plot_box_plots(results, methods, games, png_dir, svg_dir)
  File "/work/pnag/CRL-Atari/scripts/visualize.py", line 314, in plot_box_plots
    bp = ax.boxplot(
         ^^^^^^^^^^^
  File "/work/apps/python3/anaconda/2023.9/lib/python3.11/site-packages/matplotlib/__init__.py", line 1465, in inner
    return func(ax, *map(sanitize_sequence, args), **kwargs)
           ^^^^^^^^^^^^^^^^^^^^^^^^^^^^^^^^^^^^^^^^^^^^^^^^^
TypeError: Axes.boxplot() got an unexpected keyword argument 'tick_labels'
[2026-02-24 14:41:23] FAILED: 04b_visualize (exit code 1)
[2026-02-24 14:41:23] Check results/logs/pipeline_default_20260224_112851/04b_visualize.log for details.
