[2026-02-23 00:05:39] INFO - Device: mps
[2026-02-23 00:05:39] INFO - Model parameters: 6,737,234
[2026-02-23 00:05:39] INFO - Debug: True
[2026-02-23 00:05:39] INFO - 
============================================================
[2026-02-23 00:05:39] INFO - Training Expert 1/3: PongNoFrameskip-v4
[2026-02-23 00:05:39] INFO - ============================================================
[2026-02-23 00:05:39] INFO - Task: PongNoFrameskip-v4 | Valid actions: [0, 1, 3, 4, 11, 12] (6 actions)
[2026-02-23 00:05:40] INFO - Initializing expert from global model weights.
[2026-02-23 00:09:22] INFO - Device: mps
[2026-02-23 00:09:22] INFO - Model parameters: 6,737,234
[2026-02-23 00:09:22] INFO - Debug: True
[2026-02-23 00:09:22] INFO - 
============================================================
[2026-02-23 00:09:22] INFO - Training Expert 1/3: PongNoFrameskip-v4
[2026-02-23 00:09:22] INFO - ============================================================
[2026-02-23 00:09:22] INFO - Task: PongNoFrameskip-v4 | Valid actions: [0, 1, 3, 4, 11, 12] (6 actions)
[2026-02-23 00:09:22] INFO - Initializing expert from global model weights.
[2026-02-23 00:09:28] INFO - [Pong] Eval at step 1000: mean reward = -21.00
[2026-02-23 00:09:28] INFO - [Pong] New best model saved: -21.00
[2026-02-23 00:09:33] INFO - [Pong] Eval at step 2000: mean reward = -21.00
[2026-02-23 00:09:38] INFO - [Pong] Eval at step 3000: mean reward = -21.00
[2026-02-23 00:09:42] INFO - [Pong] Eval at step 4000: mean reward = -21.00
[2026-02-23 00:09:47] INFO - [Pong] Eval at step 5000: mean reward = -21.00
[2026-02-23 00:09:49] INFO - [Pong] Training complete. Final eval: -21.00 | Best eval: -21.00
[2026-02-23 00:09:49] INFO - Expert 1: Pong | Final: -21.00 | Best: -21.00
[2026-02-23 00:09:49] INFO - 
============================================================
[2026-02-23 00:09:49] INFO - Training Expert 2/3: BreakoutNoFrameskip-v4
[2026-02-23 00:09:49] INFO - ============================================================
[2026-02-23 00:09:49] INFO - Task: BreakoutNoFrameskip-v4 | Valid actions: [0, 1, 3, 4] (4 actions)
[2026-02-23 00:09:49] INFO - Initializing expert from global model weights.
[2026-02-23 00:09:49] INFO - [Breakout] Step 276/5000 | Ep 10 | Reward: 0.0 | Mean100: 0.1 | Eps: 1.000 | Time: 0s
[2026-02-23 00:09:50] INFO - [Breakout] Step 532/5000 | Ep 20 | Reward: 0.0 | Mean100: 0.1 | Eps: 1.000 | Time: 0s
[2026-02-23 00:09:50] INFO - [Breakout] Step 830/5000 | Ep 30 | Reward: 0.0 | Mean100: 0.1 | Eps: 1.000 | Time: 1s
[2026-02-23 00:10:41] INFO - Device: mps
[2026-02-23 00:10:41] INFO - Model parameters: 6,737,234
[2026-02-23 00:10:41] INFO - Debug: True
[2026-02-23 00:10:41] INFO - 
============================================================
[2026-02-23 00:10:41] INFO - Training Expert 1/3: PongNoFrameskip-v4
[2026-02-23 00:10:41] INFO - ============================================================
[2026-02-23 00:10:41] INFO - Task: PongNoFrameskip-v4 | Valid actions: [0, 1, 3, 4, 11, 12] (6 actions)
[2026-02-23 00:10:42] INFO - Initializing expert from global model weights.
[2026-02-23 00:10:46] INFO - [Pong] Eval at step 1000: mean reward = -21.00
[2026-02-23 00:10:46] INFO - [Pong] New best model saved: -21.00
[2026-02-23 00:10:48] INFO - Device: mps
[2026-02-23 00:10:48] INFO - Model parameters: 6,737,234
[2026-02-23 00:10:48] INFO - Debug: True
[2026-02-23 00:10:48] INFO - 
============================================================
[2026-02-23 00:10:48] INFO - Training Expert 1/3: PongNoFrameskip-v4
[2026-02-23 00:10:48] INFO - ============================================================
[2026-02-23 00:10:48] INFO - Task: PongNoFrameskip-v4 | Valid actions: [0, 1, 3, 4, 11, 12] (6 actions)
[2026-02-23 00:10:49] INFO - Initializing expert from global model weights.
[2026-02-23 00:10:52] INFO - [Pong] Eval at step 1000: mean reward = -21.00
[2026-02-23 00:10:52] INFO - [Pong] New best model saved: -21.00
[2026-02-23 00:10:57] INFO - [Pong] Eval at step 2000: mean reward = -21.00
[2026-02-23 00:11:02] INFO - [Pong] Eval at step 3000: mean reward = -21.00
[2026-02-23 00:11:07] INFO - [Pong] Eval at step 4000: mean reward = -21.00
[2026-02-23 00:11:11] INFO - [Pong] Eval at step 5000: mean reward = -21.00
[2026-02-23 00:11:13] INFO - [Pong] Training complete. Final eval: -21.00 | Best eval: -21.00
[2026-02-23 00:11:13] INFO - Expert 1: Pong | Final: -21.00 | Best: -21.00
[2026-02-23 00:11:13] INFO - 
============================================================
[2026-02-23 00:11:13] INFO - Training Expert 2/3: BreakoutNoFrameskip-v4
[2026-02-23 00:11:13] INFO - ============================================================
[2026-02-23 00:11:13] INFO - Task: BreakoutNoFrameskip-v4 | Valid actions: [0, 1, 3, 4] (4 actions)
[2026-02-23 00:11:13] INFO - Initializing expert from global model weights.
[2026-02-23 00:11:13] INFO - [Breakout] Step 276/5000 | Ep 10 | Reward: 0.0 | Mean100: 0.1 | Eps: 1.000 | Time: 0s
[2026-02-23 00:11:14] INFO - [Breakout] Step 532/5000 | Ep 20 | Reward: 0.0 | Mean100: 0.1 | Eps: 1.000 | Time: 0s
[2026-02-23 00:11:15] INFO - [Breakout] Step 830/5000 | Ep 30 | Reward: 0.0 | Mean100: 0.1 | Eps: 1.000 | Time: 1s
[2026-02-23 00:11:16] INFO - Device: mps
[2026-02-23 00:11:16] INFO - Model parameters: 6,737,234
[2026-02-23 00:11:16] INFO - Debug: True
[2026-02-23 00:11:16] INFO - 
============================================================
[2026-02-23 00:11:16] INFO - Training Expert 1/3: PongNoFrameskip-v4
[2026-02-23 00:11:16] INFO - ============================================================
[2026-02-23 00:11:16] INFO - Task: PongNoFrameskip-v4 | Valid actions: [0, 1, 3, 4, 11, 12] (6 actions)
[2026-02-23 00:11:16] INFO - Initializing expert from global model weights.
[2026-02-23 00:11:23] INFO - [Pong] Eval at step 1000: mean reward = -21.00
[2026-02-23 00:11:24] INFO - [Pong] New best model saved: -21.00
[2026-02-23 00:11:29] INFO - [Pong] Eval at step 2000: mean reward = -21.00
[2026-02-23 00:11:35] INFO - [Pong] Eval at step 3000: mean reward = -21.00
[2026-02-23 00:11:41] INFO - [Pong] Eval at step 4000: mean reward = -21.00
[2026-02-23 00:11:46] INFO - [Pong] Eval at step 5000: mean reward = -21.00
[2026-02-23 00:11:50] INFO - [Pong] Training complete. Final eval: -21.00 | Best eval: -21.00
[2026-02-23 00:11:50] INFO - Expert 1: Pong | Final: -21.00 | Best: -21.00
[2026-02-23 00:11:50] INFO - 
============================================================
[2026-02-23 00:11:50] INFO - Training Expert 2/3: BreakoutNoFrameskip-v4
[2026-02-23 00:11:50] INFO - ============================================================
[2026-02-23 00:11:50] INFO - Task: BreakoutNoFrameskip-v4 | Valid actions: [0, 1, 3, 4] (4 actions)
[2026-02-23 00:11:50] INFO - Initializing expert from global model weights.
[2026-02-23 00:11:50] INFO - [Breakout] Step 276/5000 | Ep 10 | Reward: 0.0 | Mean100: 0.1 | Eps: 1.000 | Time: 0s
[2026-02-23 00:11:50] INFO - [Breakout] Step 532/5000 | Ep 20 | Reward: 0.0 | Mean100: 0.1 | Eps: 1.000 | Time: 0s
[2026-02-23 00:11:51] INFO - [Breakout] Step 830/5000 | Ep 30 | Reward: 0.0 | Mean100: 0.1 | Eps: 1.000 | Time: 1s
[2026-02-23 00:12:55] INFO - [Breakout] Eval at step 1000: mean reward = 2.00
[2026-02-23 00:12:56] INFO - [Breakout] New best model saved: 2.00
[2026-02-23 00:12:56] INFO - [Breakout] Step 1104/5000 | Ep 40 | Reward: 0.0 | Mean100: 0.1 | Eps: 0.999 | Time: 103s
[2026-02-23 00:12:57] INFO - [Breakout] Step 1433/5000 | Ep 50 | Reward: 0.0 | Mean100: 0.2 | Eps: 0.999 | Time: 104s
[2026-02-23 00:12:58] INFO - [Breakout] Step 1689/5000 | Ep 60 | Reward: 0.0 | Mean100: 0.1 | Eps: 0.999 | Time: 104s
[2026-02-23 00:13:35] INFO - [Breakout] Eval at step 1000: mean reward = 2.00
[2026-02-23 00:13:35] INFO - [Breakout] New best model saved: 2.00
[2026-02-23 00:13:35] INFO - [Breakout] Step 1104/5000 | Ep 40 | Reward: 0.0 | Mean100: 0.1 | Eps: 0.999 | Time: 105s
[2026-02-23 00:13:36] INFO - [Breakout] Step 1433/5000 | Ep 50 | Reward: 0.0 | Mean100: 0.2 | Eps: 0.999 | Time: 106s
[2026-02-23 00:13:37] INFO - [Breakout] Step 1689/5000 | Ep 60 | Reward: 0.0 | Mean100: 0.1 | Eps: 0.999 | Time: 107s
[2026-02-23 00:14:47] INFO - [Breakout] Eval at step 2000: mean reward = 1.00
[2026-02-23 00:14:47] INFO - [Breakout] Step 2010/5000 | Ep 70 | Reward: 0.0 | Mean100: 0.2 | Eps: 0.999 | Time: 213s
[2026-02-23 00:14:47] INFO - [Breakout] Step 2236/5000 | Ep 80 | Reward: 0.0 | Mean100: 0.1 | Eps: 0.998 | Time: 214s
[2026-02-23 00:14:48] INFO - [Breakout] Step 2539/5000 | Ep 90 | Reward: 0.0 | Mean100: 0.1 | Eps: 0.998 | Time: 215s
[2026-02-23 00:14:49] INFO - [Breakout] Step 2793/5000 | Ep 100 | Reward: 0.0 | Mean100: 0.1 | Eps: 0.998 | Time: 216s
[2026-02-23 00:14:50] INFO - [Breakout] Eval at step 3000: mean reward = 0.00
[2026-02-23 00:14:51] INFO - [Breakout] Step 3111/5000 | Ep 110 | Reward: 1.0 | Mean100: 0.1 | Eps: 0.997 | Time: 217s
[2026-02-23 00:14:51] INFO - [Breakout] Step 3409/5000 | Ep 120 | Reward: 0.0 | Mean100: 0.2 | Eps: 0.997 | Time: 218s
[2026-02-23 00:14:52] INFO - [Breakout] Step 3659/5000 | Ep 130 | Reward: 0.0 | Mean100: 0.1 | Eps: 0.997 | Time: 219s
[2026-02-23 00:14:53] INFO - [Breakout] Step 3933/5000 | Ep 140 | Reward: 0.0 | Mean100: 0.1 | Eps: 0.997 | Time: 220s
[2026-02-23 00:14:54] INFO - [Breakout] Eval at step 4000: mean reward = 0.00
[2026-02-23 00:14:55] INFO - [Breakout] Step 4285/5000 | Ep 150 | Reward: 0.0 | Mean100: 0.1 | Eps: 0.996 | Time: 221s
[2026-02-23 00:14:56] INFO - [Breakout] Step 4615/5000 | Ep 160 | Reward: 0.0 | Mean100: 0.2 | Eps: 0.996 | Time: 222s
[2026-02-23 00:14:56] INFO - [Breakout] Step 4918/5000 | Ep 170 | Reward: 0.0 | Mean100: 0.2 | Eps: 0.996 | Time: 223s
[2026-02-23 00:14:57] INFO - [Breakout] Eval at step 5000: mean reward = 0.50
[2026-02-23 00:14:58] INFO - [Breakout] Training complete. Final eval: 0.50 | Best eval: 2.00
[2026-02-23 00:14:58] INFO - Expert 2: Breakout | Final: 0.50 | Best: 2.00
[2026-02-23 00:14:58] INFO - 
============================================================
[2026-02-23 00:14:58] INFO - Training Expert 3/3: SpaceInvadersNoFrameskip-v4
[2026-02-23 00:14:58] INFO - ============================================================
[2026-02-23 00:14:58] INFO - Task: SpaceInvadersNoFrameskip-v4 | Valid actions: [0, 1, 3, 4, 11, 12] (6 actions)
[2026-02-23 00:14:58] INFO - Initializing expert from global model weights.
[2026-02-23 00:15:03] INFO - [SpaceInvaders] Eval at step 1000: mean reward = 330.00
[2026-02-23 00:15:03] INFO - [SpaceInvaders] New best model saved: 330.00
[2026-02-23 00:15:09] INFO - [SpaceInvaders] Eval at step 2000: mean reward = 452.50
[2026-02-23 00:15:09] INFO - [SpaceInvaders] New best model saved: 452.50
[2026-02-23 00:15:09] INFO - [SpaceInvaders] Step 2130/5000 | Ep 10 | Reward: 4.0 | Mean100: 4.0 | Eps: 0.998 | Time: 11s
[2026-02-23 00:15:14] INFO - [SpaceInvaders] Eval at step 3000: mean reward = 132.50
[2026-02-23 00:15:15] INFO - [SpaceInvaders] Step 3501/5000 | Ep 20 | Reward: 1.0 | Mean100: 3.5 | Eps: 0.997 | Time: 17s
[2026-02-23 00:15:19] INFO - [SpaceInvaders] Eval at step 4000: mean reward = 215.00
[2026-02-23 00:15:21] INFO - [SpaceInvaders] Step 4772/5000 | Ep 30 | Reward: 6.0 | Mean100: 3.0 | Eps: 0.996 | Time: 23s
[2026-02-23 00:15:22] INFO - [Breakout] Eval at step 2000: mean reward = 1.00
[2026-02-23 00:15:22] INFO - [Breakout] Step 2010/5000 | Ep 70 | Reward: 0.0 | Mean100: 0.2 | Eps: 0.999 | Time: 213s
[2026-02-23 00:15:23] INFO - [Breakout] Step 2236/5000 | Ep 80 | Reward: 0.0 | Mean100: 0.1 | Eps: 0.998 | Time: 213s
[2026-02-23 00:15:24] INFO - [Breakout] Step 2539/5000 | Ep 90 | Reward: 0.0 | Mean100: 0.1 | Eps: 0.998 | Time: 214s
[2026-02-23 00:15:25] INFO - [Breakout] Step 2793/5000 | Ep 100 | Reward: 0.0 | Mean100: 0.1 | Eps: 0.998 | Time: 215s
[2026-02-23 00:15:25] INFO - [SpaceInvaders] Eval at step 5000: mean reward = 110.00
[2026-02-23 00:15:26] INFO - [Breakout] Eval at step 3000: mean reward = 0.00
[2026-02-23 00:15:26] INFO - [Breakout] Step 3111/5000 | Ep 110 | Reward: 1.0 | Mean100: 0.1 | Eps: 0.997 | Time: 217s
[2026-02-23 00:15:27] INFO - [Breakout] Step 3409/5000 | Ep 120 | Reward: 0.0 | Mean100: 0.2 | Eps: 0.997 | Time: 217s
[2026-02-23 00:15:28] INFO - [SpaceInvaders] Training complete. Final eval: 145.00 | Best eval: 452.50
[2026-02-23 00:15:28] INFO - [Breakout] Step 3659/5000 | Ep 130 | Reward: 0.0 | Mean100: 0.1 | Eps: 0.997 | Time: 218s
[2026-02-23 00:15:28] INFO - Expert 3: SpaceInvaders | Final: 145.00 | Best: 452.50
[2026-02-23 00:15:28] INFO - Expert summary saved to results/checkpoints/debug/expert_summary.json
[2026-02-23 00:15:29] INFO - [Breakout] Step 3933/5000 | Ep 140 | Reward: 0.0 | Mean100: 0.1 | Eps: 0.997 | Time: 219s
[2026-02-23 00:15:29] INFO - [Breakout] Eval at step 4000: mean reward = 0.00
[2026-02-23 00:15:30] INFO - [Breakout] Step 4285/5000 | Ep 150 | Reward: 0.0 | Mean100: 0.1 | Eps: 0.996 | Time: 220s
[2026-02-23 00:15:31] INFO - [Breakout] Step 4615/5000 | Ep 160 | Reward: 0.0 | Mean100: 0.2 | Eps: 0.996 | Time: 221s
[2026-02-23 00:15:32] INFO - [Breakout] Step 4918/5000 | Ep 170 | Reward: 0.0 | Mean100: 0.2 | Eps: 0.996 | Time: 222s
[2026-02-23 00:15:33] INFO - [Breakout] Eval at step 5000: mean reward = 0.50
[2026-02-23 00:15:34] INFO - [Breakout] Training complete. Final eval: 0.50 | Best eval: 2.00
[2026-02-23 00:15:34] INFO - Expert 2: Breakout | Final: 0.50 | Best: 2.00
[2026-02-23 00:15:34] INFO - 
============================================================
[2026-02-23 00:15:34] INFO - Training Expert 3/3: SpaceInvadersNoFrameskip-v4
[2026-02-23 00:15:34] INFO - ============================================================
[2026-02-23 00:15:34] INFO - Task: SpaceInvadersNoFrameskip-v4 | Valid actions: [0, 1, 3, 4, 11, 12] (6 actions)
[2026-02-23 00:15:34] INFO - Initializing expert from global model weights.
[2026-02-23 00:15:40] INFO - [SpaceInvaders] Eval at step 1000: mean reward = 330.00
[2026-02-23 00:15:40] INFO - [SpaceInvaders] New best model saved: 330.00
[2026-02-23 00:15:47] INFO - [SpaceInvaders] Eval at step 2000: mean reward = 452.50
[2026-02-23 00:15:47] INFO - [SpaceInvaders] New best model saved: 452.50
[2026-02-23 00:15:48] INFO - [SpaceInvaders] Step 2130/5000 | Ep 10 | Reward: 4.0 | Mean100: 4.0 | Eps: 0.998 | Time: 13s
[2026-02-23 00:15:52] INFO - [SpaceInvaders] Eval at step 3000: mean reward = 132.50
[2026-02-23 00:15:54] INFO - [SpaceInvaders] Step 3501/5000 | Ep 20 | Reward: 1.0 | Mean100: 3.5 | Eps: 0.997 | Time: 20s
[2026-02-23 00:15:58] INFO - [SpaceInvaders] Eval at step 4000: mean reward = 215.00
[2026-02-23 00:16:00] INFO - [SpaceInvaders] Step 4772/5000 | Ep 30 | Reward: 6.0 | Mean100: 3.0 | Eps: 0.996 | Time: 25s
[2026-02-23 00:16:04] INFO - [SpaceInvaders] Eval at step 5000: mean reward = 110.00
[2026-02-23 00:16:07] INFO - [SpaceInvaders] Training complete. Final eval: 145.00 | Best eval: 452.50
[2026-02-23 00:16:07] INFO - Expert 3: SpaceInvaders | Final: 145.00 | Best: 452.50
[2026-02-23 00:16:07] INFO - Expert summary saved to results/checkpoints/debug/expert_summary.json
[2026-02-23 00:42:27] INFO - Device: mps
[2026-02-23 00:42:27] INFO - Model parameters: 6,737,234
[2026-02-23 00:42:27] INFO - Debug: True
[2026-02-23 00:42:27] INFO - 
============================================================
[2026-02-23 00:42:27] INFO - Training Expert 1/3: PongNoFrameskip-v4
[2026-02-23 00:42:27] INFO - ============================================================
[2026-02-23 00:42:27] INFO - Task: PongNoFrameskip-v4 | Valid actions: [0, 1, 3, 4, 11, 12] (6 actions)
[2026-02-23 00:42:28] INFO - Initializing expert from global model weights.
[2026-02-23 00:42:32] INFO - [Pong] Eval at step 1000: mean reward = -21.00
[2026-02-23 00:42:32] INFO - [Pong] New best model saved: -21.00
[2026-02-23 00:42:38] INFO - [Pong] Eval at step 2000: mean reward = -21.00
[2026-02-23 00:42:43] INFO - [Pong] Eval at step 3000: mean reward = -21.00
[2026-02-23 00:42:49] INFO - [Pong] Eval at step 4000: mean reward = -21.00
[2026-02-23 00:42:54] INFO - [Pong] Eval at step 5000: mean reward = -21.00
[2026-02-23 00:42:57] INFO - [Pong] Training complete. Final eval: -21.00 | Best eval: -21.00
[2026-02-23 00:42:57] INFO - Expert 1: Pong | Final: -21.00 | Best: -21.00
[2026-02-23 00:42:57] INFO - 
============================================================
[2026-02-23 00:42:57] INFO - Training Expert 2/3: BreakoutNoFrameskip-v4
[2026-02-23 00:42:57] INFO - ============================================================
[2026-02-23 00:42:57] INFO - Task: BreakoutNoFrameskip-v4 | Valid actions: [0, 1, 3, 4] (4 actions)
[2026-02-23 00:42:57] INFO - Initializing expert from global model weights.
[2026-02-23 00:42:58] INFO - [Breakout] Step 276/5000 | Ep 10 | Reward: 0.0 | Mean100: 0.1 | Eps: 1.000 | Time: 0s
[2026-02-23 00:42:58] INFO - [Breakout] Step 532/5000 | Ep 20 | Reward: 0.0 | Mean100: 0.1 | Eps: 1.000 | Time: 0s
[2026-02-23 00:42:59] INFO - [Breakout] Step 830/5000 | Ep 30 | Reward: 0.0 | Mean100: 0.1 | Eps: 1.000 | Time: 1s
[2026-02-23 00:44:40] INFO - [Breakout] Eval at step 1000: mean reward = 2.00
[2026-02-23 00:44:40] INFO - [Breakout] New best model saved: 2.00
[2026-02-23 00:44:41] INFO - [Breakout] Step 1104/5000 | Ep 40 | Reward: 0.0 | Mean100: 0.1 | Eps: 0.999 | Time: 103s
[2026-02-23 00:44:42] INFO - [Breakout] Step 1433/5000 | Ep 50 | Reward: 0.0 | Mean100: 0.2 | Eps: 0.999 | Time: 104s
[2026-02-23 00:44:42] INFO - [Breakout] Step 1689/5000 | Ep 60 | Reward: 0.0 | Mean100: 0.1 | Eps: 0.999 | Time: 105s
[2026-02-23 00:46:24] INFO - [Breakout] Eval at step 2000: mean reward = 1.00
[2026-02-23 00:46:24] INFO - [Breakout] Step 2010/5000 | Ep 70 | Reward: 0.0 | Mean100: 0.2 | Eps: 0.999 | Time: 207s
[2026-02-23 00:46:25] INFO - [Breakout] Step 2236/5000 | Ep 80 | Reward: 0.0 | Mean100: 0.1 | Eps: 0.998 | Time: 208s
[2026-02-23 00:46:26] INFO - [Breakout] Step 2539/5000 | Ep 90 | Reward: 0.0 | Mean100: 0.1 | Eps: 0.998 | Time: 208s
[2026-02-23 00:46:27] INFO - [Breakout] Step 2793/5000 | Ep 100 | Reward: 0.0 | Mean100: 0.1 | Eps: 0.998 | Time: 209s
[2026-02-23 00:46:28] INFO - [Breakout] Eval at step 3000: mean reward = 0.00
[2026-02-23 00:46:28] INFO - [Breakout] Step 3111/5000 | Ep 110 | Reward: 1.0 | Mean100: 0.1 | Eps: 0.997 | Time: 211s
[2026-02-23 00:46:29] INFO - [Breakout] Step 3409/5000 | Ep 120 | Reward: 0.0 | Mean100: 0.2 | Eps: 0.997 | Time: 211s
[2026-02-23 00:46:30] INFO - [Breakout] Step 3659/5000 | Ep 130 | Reward: 0.0 | Mean100: 0.1 | Eps: 0.997 | Time: 212s
[2026-02-23 00:46:30] INFO - [Breakout] Step 3933/5000 | Ep 140 | Reward: 0.0 | Mean100: 0.1 | Eps: 0.997 | Time: 213s
[2026-02-23 00:46:31] INFO - [Breakout] Eval at step 4000: mean reward = 0.00
[2026-02-23 00:46:32] INFO - [Breakout] Step 4285/5000 | Ep 150 | Reward: 0.0 | Mean100: 0.1 | Eps: 0.996 | Time: 214s
[2026-02-23 00:46:33] INFO - [Breakout] Step 4615/5000 | Ep 160 | Reward: 0.0 | Mean100: 0.2 | Eps: 0.996 | Time: 215s
[2026-02-23 00:46:34] INFO - [Breakout] Step 4918/5000 | Ep 170 | Reward: 0.0 | Mean100: 0.2 | Eps: 0.996 | Time: 216s
[2026-02-23 00:46:34] INFO - [Breakout] Eval at step 5000: mean reward = 0.50
[2026-02-23 00:46:35] INFO - [Breakout] Training complete. Final eval: 0.50 | Best eval: 2.00
[2026-02-23 00:46:35] INFO - Expert 2: Breakout | Final: 0.50 | Best: 2.00
[2026-02-23 00:46:35] INFO - 
============================================================
[2026-02-23 00:46:35] INFO - Training Expert 3/3: SpaceInvadersNoFrameskip-v4
[2026-02-23 00:46:35] INFO - ============================================================
[2026-02-23 00:46:35] INFO - Task: SpaceInvadersNoFrameskip-v4 | Valid actions: [0, 1, 3, 4, 11, 12] (6 actions)
[2026-02-23 00:46:35] INFO - Initializing expert from global model weights.
[2026-02-23 00:46:40] INFO - [SpaceInvaders] Eval at step 1000: mean reward = 330.00
[2026-02-23 00:46:40] INFO - [SpaceInvaders] New best model saved: 330.00
[2026-02-23 00:46:45] INFO - [SpaceInvaders] Eval at step 2000: mean reward = 452.50
[2026-02-23 00:46:46] INFO - [SpaceInvaders] New best model saved: 452.50
[2026-02-23 00:46:46] INFO - [SpaceInvaders] Step 2130/5000 | Ep 10 | Reward: 4.0 | Mean100: 4.0 | Eps: 0.998 | Time: 11s
[2026-02-23 00:46:50] INFO - [SpaceInvaders] Eval at step 3000: mean reward = 132.50
[2026-02-23 00:46:52] INFO - [SpaceInvaders] Step 3501/5000 | Ep 20 | Reward: 1.0 | Mean100: 3.5 | Eps: 0.997 | Time: 17s
[2026-02-23 00:46:55] INFO - [SpaceInvaders] Eval at step 4000: mean reward = 215.00
[2026-02-23 00:46:57] INFO - [SpaceInvaders] Step 4772/5000 | Ep 30 | Reward: 6.0 | Mean100: 3.0 | Eps: 0.996 | Time: 22s
[2026-02-23 00:47:01] INFO - [SpaceInvaders] Eval at step 5000: mean reward = 110.00
[2026-02-23 00:47:04] INFO - [SpaceInvaders] Training complete. Final eval: 145.00 | Best eval: 452.50
[2026-02-23 00:47:04] INFO - Expert 3: SpaceInvaders | Final: 145.00 | Best: 452.50
[2026-02-23 00:47:04] INFO - Expert summary saved to results/checkpoints/debug/expert_summary.json
