[2026-03-08 01:21:20] INFO - Consolidation method: hybrid
[2026-03-08 01:21:20] INFO - Device: cuda
[2026-03-08 01:21:20] INFO - Debug: False
[2026-03-08 01:21:20] INFO - Tag: default
[2026-03-08 01:21:20] INFO - Config: configs/base.yaml
[2026-03-08 01:21:20] INFO - Task sequence: ['BreakoutNoFrameskip-v4', 'SpaceInvadersNoFrameskip-v4', 'PongNoFrameskip-v4']
[2026-03-08 01:21:20] INFO - Union action space: [0, 1, 3, 4, 11, 12] (6 actions)
[2026-03-08 01:21:20] INFO - Hybrid config: lambda=100.0, K=3 | KD epochs=25, lr=2.5e-05
[2026-03-08 01:21:20] INFO - Loading expert checkpoints and collecting replay data...
[2026-03-08 01:28:18] INFO - Loaded 3 expert models in 418.0s.
[2026-03-08 01:28:18] INFO -   Pong: best_reward=20.20, valid_actions=[0, 1, 2, 3, 4, 5], buffer_size=100000
[2026-03-08 01:28:18] INFO -   Breakout: best_reward=386.30, valid_actions=[0, 1, 2, 3], buffer_size=100000
[2026-03-08 01:28:18] INFO -   SpaceInvaders: best_reward=1162.50, valid_actions=[0, 1, 2, 3, 4, 5], buffer_size=100000
[2026-03-08 01:28:18] INFO - Filtering replay buffers to top-50000 high-confidence states per expert...
[2026-03-08 01:28:28] INFO -   Pong: 50000 states filtered from 100000 raw transitions
[2026-03-08 01:28:40] INFO -   Breakout: 50000 states filtered from 100000 raw transitions
[2026-03-08 01:28:48] INFO -   SpaceInvaders: 50000 states filtered from 100000 raw transitions
[2026-03-08 01:28:48] INFO - Initialising global model at ensemble-mean anchor (Algorithm 2, line 2)...
[2026-03-08 01:28:48] INFO - Starting Hybrid Consolidation (Phase 1: Joint Taylor K=3, lambda=100.0, eta_0=0.9, gamma=0.5 | Phase 2: KD epochs=25, lr=2.5e-05)...
[2026-03-08 01:28:48] INFO - 
============================================
 Phase 1: Multi-Round Joint Taylor
============================================
[2026-03-08 01:28:48] INFO - 
--- Round 1/3 (eta_k=0.900000) ---
[2026-03-08 01:28:48] INFO -   [Pong] Fisher/gradient at current position...
[2026-03-08 01:29:50] INFO - HTCL: Fisher (task) after Pong | global min=0.000000, max=0.1503, mean=0.000003, std=0.000373, nonzero=7.0%
[2026-03-08 01:29:50] INFO -   Top-1 Fisher layer: fc.2.bias | mean=0.138616, max=0.1503
[2026-03-08 01:29:50] INFO -   Top-2 Fisher layer: features.4.bias | mean=0.012773, max=0.1472
[2026-03-08 01:29:50] INFO -   Top-3 Fisher layer: features.2.bias | mean=0.010305, max=0.0898
[2026-03-08 01:29:50] INFO -   Top-4 Fisher layer: fc.2.weight | mean=0.000387, max=0.0175
[2026-03-08 01:29:50] INFO -   Top-5 Fisher layer: fc.0.bias | mean=0.000344, max=0.0252
[2026-03-08 01:29:50] INFO -   [Breakout] Fisher/gradient at current position...
[2026-03-08 01:30:54] INFO - HTCL: Fisher (task) after Breakout | global min=0.000000, max=0.1913, mean=0.000002, std=0.000314, nonzero=18.4%
[2026-03-08 01:30:54] INFO -   Top-1 Fisher layer: fc.2.bias | mean=0.124994, max=0.1913
[2026-03-08 01:30:54] INFO -   Top-2 Fisher layer: features.4.bias | mean=0.004490, max=0.0874
[2026-03-08 01:30:54] INFO -   Top-3 Fisher layer: features.2.bias | mean=0.003993, max=0.0395
[2026-03-08 01:30:54] INFO -   Top-4 Fisher layer: features.0.bias | mean=0.002875, max=0.0304
[2026-03-08 01:30:54] INFO -   Top-5 Fisher layer: fc.2.weight | mean=0.000346, max=0.0221
[2026-03-08 01:30:54] INFO -   [SpaceInvaders] Fisher/gradient at current position...
[2026-03-08 01:31:59] INFO - HTCL: Fisher (task) after SpaceInvaders | global min=0.000000, max=0.1473, mean=0.000002, std=0.000302, nonzero=26.7%
[2026-03-08 01:31:59] INFO -   Top-1 Fisher layer: fc.2.bias | mean=0.138693, max=0.1473
[2026-03-08 01:31:59] INFO -   Top-2 Fisher layer: features.4.bias | mean=0.006830, max=0.1213
[2026-03-08 01:31:59] INFO -   Top-3 Fisher layer: features.0.bias | mean=0.005403, max=0.0616
[2026-03-08 01:31:59] INFO -   Top-4 Fisher layer: features.2.bias | mean=0.003708, max=0.0408
[2026-03-08 01:31:59] INFO -   Top-5 Fisher layer: fc.0.bias | mean=0.000463, max=0.0250
[2026-03-08 01:31:59] INFO - HTCL: mu_min(H) = 0.000000 | Constraint: lambda > -0.000000 | Using lambda = 100.000000
[2026-03-08 01:31:59] INFO -   Round 1 | update_norm=0.7468 | effective lambda=100.0000
[2026-03-08 01:31:59] INFO - 
--- Round 2/3 (eta_k=0.450000) ---
[2026-03-08 01:31:59] INFO -   [Pong] Fisher/gradient at current position...
[2026-03-08 01:33:03] INFO - HTCL: Fisher (task) after Pong | global min=0.000000, max=0.2266, mean=0.000007, std=0.000562, nonzero=6.9%
[2026-03-08 01:33:03] INFO -   Top-1 Fisher layer: fc.2.bias | mean=0.138727, max=0.1507
[2026-03-08 01:33:03] INFO -   Top-2 Fisher layer: features.4.bias | mean=0.016397, max=0.2266
[2026-03-08 01:33:03] INFO -   Top-3 Fisher layer: features.2.bias | mean=0.011808, max=0.0728
[2026-03-08 01:33:03] INFO -   Top-4 Fisher layer: features.0.bias | mean=0.006906, max=0.2158
[2026-03-08 01:33:03] INFO -   Top-5 Fisher layer: features.0.weight | mean=0.000849, max=0.0309
[2026-03-08 01:33:03] INFO -   [Breakout] Fisher/gradient at current position...
[2026-03-08 01:34:07] INFO - HTCL: Fisher (task) after Breakout | global min=0.000000, max=0.1950, mean=0.000002, std=0.000318, nonzero=17.6%
[2026-03-08 01:34:07] INFO -   Top-1 Fisher layer: fc.2.bias | mean=0.124954, max=0.1950
[2026-03-08 01:34:07] INFO -   Top-2 Fisher layer: features.0.bias | mean=0.004283, max=0.0369
[2026-03-08 01:34:07] INFO -   Top-3 Fisher layer: features.4.bias | mean=0.003995, max=0.0810
[2026-03-08 01:34:07] INFO -   Top-4 Fisher layer: features.2.bias | mean=0.003138, max=0.0248
[2026-03-08 01:34:07] INFO -   Top-5 Fisher layer: fc.2.weight | mean=0.000393, max=0.0268
[2026-03-08 01:34:07] INFO -   [SpaceInvaders] Fisher/gradient at current position...
[2026-03-08 01:35:05] INFO - HTCL: Fisher (task) after SpaceInvaders | global min=0.000000, max=0.1806, mean=0.000002, std=0.000346, nonzero=26.2%
[2026-03-08 01:35:05] INFO -   Top-1 Fisher layer: fc.2.bias | mean=0.138778, max=0.1491
[2026-03-08 01:35:05] INFO -   Top-2 Fisher layer: features.4.bias | mean=0.010410, max=0.1806
[2026-03-08 01:35:05] INFO -   Top-3 Fisher layer: features.0.bias | mean=0.007799, max=0.0892
[2026-03-08 01:35:05] INFO -   Top-4 Fisher layer: features.2.bias | mean=0.005749, max=0.0717
[2026-03-08 01:35:05] INFO -   Top-5 Fisher layer: fc.0.bias | mean=0.000482, max=0.0307
[2026-03-08 01:35:05] INFO - HTCL: mu_min(H) = 0.000000 | Constraint: lambda > -0.000000 | Using lambda = 100.000000
[2026-03-08 01:35:05] INFO -   Round 2 | update_norm=0.1495 | effective lambda=100.0000
[2026-03-08 01:35:05] INFO - 
--- Round 3/3 (eta_k=0.225000) ---
[2026-03-08 01:35:05] INFO -   [Pong] Fisher/gradient at current position...
[2026-03-08 01:36:02] INFO - HTCL: Fisher (task) after Pong | global min=0.000000, max=0.2457, mean=0.000003, std=0.000470, nonzero=6.6%
[2026-03-08 01:36:02] INFO -   Top-1 Fisher layer: fc.2.bias | mean=0.138708, max=0.1528
[2026-03-08 01:36:02] INFO -   Top-2 Fisher layer: features.4.bias | mean=0.018673, max=0.2457
[2026-03-08 01:36:02] INFO -   Top-3 Fisher layer: features.2.bias | mean=0.015544, max=0.1044
[2026-03-08 01:36:02] INFO -   Top-4 Fisher layer: fc.2.weight | mean=0.000483, max=0.0233
[2026-03-08 01:36:02] INFO -   Top-5 Fisher layer: fc.0.bias | mean=0.000357, max=0.0320
[2026-03-08 01:36:02] INFO -   [Breakout] Fisher/gradient at current position...
[2026-03-08 01:36:58] INFO - HTCL: Fisher (task) after Breakout | global min=0.000000, max=0.1936, mean=0.000002, std=0.000315, nonzero=17.7%
[2026-03-08 01:36:58] INFO -   Top-1 Fisher layer: fc.2.bias | mean=0.124968, max=0.1936
[2026-03-08 01:36:58] INFO -   Top-2 Fisher layer: features.4.bias | mean=0.004457, max=0.0810
[2026-03-08 01:36:58] INFO -   Top-3 Fisher layer: features.2.bias | mean=0.003969, max=0.0284
[2026-03-08 01:36:58] INFO -   Top-4 Fisher layer: features.0.bias | mean=0.003285, max=0.0377
[2026-03-08 01:36:58] INFO -   Top-5 Fisher layer: fc.2.weight | mean=0.000407, max=0.0275
[2026-03-08 01:36:58] INFO -   [SpaceInvaders] Fisher/gradient at current position...
[2026-03-08 01:37:53] INFO - HTCL: Fisher (task) after SpaceInvaders | global min=0.000000, max=0.2065, mean=0.000002, std=0.000366, nonzero=26.3%
[2026-03-08 01:37:53] INFO -   Top-1 Fisher layer: fc.2.bias | mean=0.138783, max=0.1497
[2026-03-08 01:37:53] INFO -   Top-2 Fisher layer: features.4.bias | mean=0.011729, max=0.2065
[2026-03-08 01:37:53] INFO -   Top-3 Fisher layer: features.0.bias | mean=0.008844, max=0.1025
[2026-03-08 01:37:53] INFO -   Top-4 Fisher layer: features.2.bias | mean=0.006478, max=0.0816
[2026-03-08 01:37:53] INFO -   Top-5 Fisher layer: fc.0.bias | mean=0.000506, max=0.0320
[2026-03-08 01:37:53] INFO - HTCL: mu_min(H) = 0.000000 | Constraint: lambda > -0.000000 | Using lambda = 100.000000
[2026-03-08 01:37:53] INFO -   Round 3 | update_norm=0.0523 | effective lambda=100.0000
[2026-03-08 01:37:53] INFO -   Phase 1 complete | param norm = 38.6527
[2026-03-08 01:37:53] INFO - 
============================================
 Phase 2: Knowledge Distillation Refinement
============================================
[2026-03-08 01:38:54] INFO -   KD epoch 2/25 | avg loss: 0.029127
[2026-03-08 01:39:00] INFO -   KD epoch 4/25 | avg loss: 0.092343
[2026-03-08 01:39:06] INFO -   KD epoch 6/25 | avg loss: 0.037911
[2026-03-08 01:39:12] INFO -   KD epoch 8/25 | avg loss: 0.018906
[2026-03-08 01:39:19] INFO -   KD epoch 10/25 | avg loss: 0.014073
[2026-03-08 01:39:26] INFO -   KD epoch 12/25 | avg loss: 0.011988
[2026-03-08 01:39:33] INFO -   KD epoch 14/25 | avg loss: 0.011018
[2026-03-08 01:39:40] INFO -   KD epoch 16/25 | avg loss: 0.008637
[2026-03-08 01:39:46] INFO -   KD epoch 18/25 | avg loss: 0.008235
[2026-03-08 01:39:53] INFO -   KD epoch 20/25 | avg loss: 0.007422
[2026-03-08 01:40:00] INFO -   KD epoch 22/25 | avg loss: 0.007076
[2026-03-08 01:40:07] INFO -   KD epoch 24/25 | avg loss: 0.006321
[2026-03-08 01:40:11] INFO -   Phase 2 complete | param norm = 39.9507
[2026-03-08 01:40:11] INFO - Hybrid Consolidation complete.
[2026-03-08 01:40:11] INFO - Hybrid model saved to results/checkpoints/default/consolidated_hybrid.pt
[2026-03-08 01:40:11] INFO - Hybrid: Fisher log saved to results/checkpoints/default/hybrid_fisher_log.json
[2026-03-08 01:40:11] INFO - Consolidated model param norm: 39.9507
[2026-03-08 01:40:11] INFO - Total consolidation time (hybrid): 1130.7s
