[2026-03-02 16:57:36] ============================================================
[2026-03-02 16:57:36]  CRL-Atari  Consolidation Pipeline
[2026-03-02 16:57:36] ============================================================
[2026-03-02 16:57:36]  Tag:    default
[2026-03-02 16:57:36]  Config: configs/base.yaml
[2026-03-02 16:57:36]  Debug:  off
[2026-03-02 16:57:36]  Device: auto
[2026-03-02 16:57:36]  Log:    results/logs/consolidate_default_20260302_165736
[2026-03-02 16:57:36] ============================================================
[2026-03-02 16:57:36] ──── Step 1/3: Consolidation ────
[2026-03-02 16:57:36] --- Knowledge Distillation ---
[2026-03-02 16:57:36] START: 01a_distillation
[2026-03-02 16:57:36] CMD: python scripts/consolidate.py --method distillation --config configs/base.yaml --tag default
[2026-03-02 16:57:43] INFO - Consolidation method: distillation
[2026-03-02 16:57:43] INFO - Device: cuda
[2026-03-02 16:57:43] INFO - Debug: False
[2026-03-02 16:57:43] INFO - Tag: default
[2026-03-02 16:57:43] INFO - Config: configs/base.yaml
[2026-03-02 16:57:43] INFO - Task sequence: ['PongNoFrameskip-v4', 'BreakoutNoFrameskip-v4', 'SpaceInvadersNoFrameskip-v4']
A.L.E: Arcade Learning Environment (version 0.11.2+ecc1138)
[Powered by Stella]
[2026-03-02 16:57:44] INFO - Union action space: [0, 1, 3, 4, 11, 12] (6 actions)
[2026-03-02 16:57:44] INFO - Distillation config: temperature=2.0, alpha=0.5, epochs=50, lr=5e-05, batch_size=64
[2026-03-02 16:57:44] INFO - Loading expert checkpoints and collecting replay data...
[2026-03-02 17:01:16] INFO - Loaded 3 expert models in 212.0s.
[2026-03-02 17:01:16] INFO -   Pong: best_reward=20.20, valid_actions=[0, 1, 2, 3, 4, 5], buffer_size=50000
[2026-03-02 17:01:16] INFO -   Breakout: best_reward=386.30, valid_actions=[0, 1, 2, 3], buffer_size=50000
[2026-03-02 17:01:16] INFO -   SpaceInvaders: best_reward=1162.50, valid_actions=[0, 1, 2, 3, 4, 5], buffer_size=50000
[2026-03-02 17:01:16] INFO - Initializing global model as parameter average of experts...
[2026-03-02 17:01:16] INFO - Global model param norm: 38.5809
[2026-03-02 17:01:16] INFO - Starting Knowledge Distillation consolidation...
[2026-03-02 17:01:32] INFO - Task Pong: Q-value stats mean=0.614, std=0.334
[2026-03-02 17:01:33] INFO - Task Breakout: Q-value stats mean=3.783, std=1.272
[2026-03-02 17:01:33] INFO - Task SpaceInvaders: Q-value stats mean=4.096, std=1.863
[2026-03-02 17:01:49] INFO - Distillation epoch 5/50 | Avg loss: 0.034787
[2026-03-02 17:02:04] INFO - Distillation epoch 10/50 | Avg loss: 0.008720
[2026-03-02 17:02:17] INFO - Distillation epoch 15/50 | Avg loss: 0.005679
[2026-03-02 17:02:30] INFO - Distillation epoch 20/50 | Avg loss: 0.004339
[2026-03-02 17:02:42] INFO - Distillation epoch 25/50 | Avg loss: 0.003616
[2026-03-02 17:02:55] INFO - Distillation epoch 30/50 | Avg loss: 0.002724
[2026-03-02 17:03:07] INFO - Distillation epoch 35/50 | Avg loss: 0.002410
[2026-03-02 17:03:20] INFO - Distillation epoch 40/50 | Avg loss: 0.002269
[2026-03-02 17:03:32] INFO - Distillation epoch 45/50 | Avg loss: 0.001997
[2026-03-02 17:03:44] INFO - Distillation epoch 50/50 | Avg loss: 0.001687
[2026-03-02 17:03:44] INFO - Knowledge Distillation consolidation complete.
[2026-03-02 17:03:44] INFO - Consolidated model param norm: 41.4695 (delta: +2.8886)
[2026-03-02 17:03:44] INFO -   Weight drift [features]: 9.618423
[2026-03-02 17:03:44] INFO -   Weight drift [fc]: 16.205349
[2026-03-02 17:03:45] INFO - Consolidated model saved to results/checkpoints/default/consolidated_distillation.pt
[2026-03-02 17:03:45] INFO - Total consolidation time (distillation): 360.9s
Collecting 50000 replay samples for Pong...
Collecting 50000 replay samples for Breakout...
Collecting 50000 replay samples for SpaceInvaders...
[2026-03-02 17:03:47] DONE: 01a_distillation

[2026-03-02 17:03:47] --- HTCL ---
[2026-03-02 17:03:47] START: 01b_htcl
[2026-03-02 17:03:47] CMD: python scripts/consolidate.py --method htcl --config configs/base.yaml --tag default
[2026-03-02 17:03:51] INFO - Consolidation method: htcl
[2026-03-02 17:03:51] INFO - Device: cuda
[2026-03-02 17:03:51] INFO - Debug: False
[2026-03-02 17:03:51] INFO - Tag: default
[2026-03-02 17:03:51] INFO - Config: configs/base.yaml
[2026-03-02 17:03:51] INFO - Task sequence: ['PongNoFrameskip-v4', 'BreakoutNoFrameskip-v4', 'SpaceInvadersNoFrameskip-v4']
A.L.E: Arcade Learning Environment (version 0.11.2+ecc1138)
[Powered by Stella]
[2026-03-02 17:03:51] INFO - Union action space: [0, 1, 3, 4, 11, 12] (6 actions)
[2026-03-02 17:03:51] INFO - HTCL config: lambda=10.0, lambda_auto=False, fisher_samples=2000, catch_up_iters=3, eta=0.9
[2026-03-02 17:03:51] INFO - Loading expert checkpoints and collecting replay data...
[2026-03-02 17:07:19] INFO - Loaded 3 expert models in 208.0s.
[2026-03-02 17:07:19] INFO -   Pong: best_reward=20.20, valid_actions=[0, 1, 2, 3, 4, 5], buffer_size=50000
[2026-03-02 17:07:19] INFO -   Breakout: best_reward=386.30, valid_actions=[0, 1, 2, 3], buffer_size=50000
[2026-03-02 17:07:19] INFO -   SpaceInvaders: best_reward=1162.50, valid_actions=[0, 1, 2, 3, 4, 5], buffer_size=50000
[2026-03-02 17:07:19] INFO - Initializing global model from first expert (Pong)...
[2026-03-02 17:07:19] INFO - Global model param norm: 54.0105
[2026-03-02 17:07:19] INFO - Filtering replay buffers to top-10000 high-confidence states per expert...
[2026-03-02 17:07:23] INFO -   Pong: 10000 states filtered from 50000 raw transitions
[2026-03-02 17:07:28] INFO -   Breakout: 10000 states filtered from 50000 raw transitions
[2026-03-02 17:07:33] INFO -   SpaceInvaders: 10000 states filtered from 50000 raw transitions
[2026-03-02 17:07:33] INFO - HTCL: Registering initial task (Pong) — computing Fisher & gradient baseline...
[2026-03-02 17:07:45] INFO - HTCL: Fisher (task) after Pong | global min=0.000000, max=0.1437, mean=0.000006, std=0.000299, nonzero=23.2%
[2026-03-02 17:07:45] INFO -   Top-1 Fisher layer: fc.2.bias | mean=0.137786, max=0.1437
[2026-03-02 17:07:45] INFO -   Top-2 Fisher layer: features.4.bias | mean=0.005575, max=0.0726
[2026-03-02 17:07:45] INFO -   Top-3 Fisher layer: features.2.bias | mean=0.004963, max=0.0155
[2026-03-02 17:07:45] INFO -   Top-4 Fisher layer: features.0.bias | mean=0.001793, max=0.0155
[2026-03-02 17:07:45] INFO -   Top-5 Fisher layer: fc.0.bias | mean=0.000879, max=0.0166
[2026-03-02 17:07:45] INFO - HTCL: Fisher (cumulative) after Pong | global min=0.000000, max=0.1437, mean=0.000006, std=0.000299, nonzero=23.2%
[2026-03-02 17:07:45] INFO -   Top-1 Fisher layer: fc.2.bias | mean=0.137786, max=0.1437
[2026-03-02 17:07:45] INFO -   Top-2 Fisher layer: features.4.bias | mean=0.005575, max=0.0726
[2026-03-02 17:07:45] INFO -   Top-3 Fisher layer: features.2.bias | mean=0.004963, max=0.0155
[2026-03-02 17:07:45] INFO -   Top-4 Fisher layer: features.0.bias | mean=0.001793, max=0.0155
[2026-03-02 17:07:45] INFO -   Top-5 Fisher layer: fc.0.bias | mean=0.000879, max=0.0166
[2026-03-02 17:07:45] INFO - HTCL: Initial task (Pong) registered. cumulative_fisher has 10 parameter groups.
[2026-03-02 17:07:45] INFO - Starting HTCL consolidation...
[2026-03-02 17:07:45] INFO - HTCL: Lambda grid search over [0.1, 1.0, 10.0, 100.0, 1000.0]...
[2026-03-02 17:07:57] INFO - HTCL: mu_min(H) = 0.000000 | Constraint: lambda > -0.000000 | Using lambda = 0.100000
[2026-03-02 17:08:08] INFO - HTCL: mu_min(H) = 0.000000 | Constraint: lambda > -0.000000 | Using lambda = 0.100000
[2026-03-02 17:08:09] INFO -   lambda=       0.1 | avg_kl=42490.1343 | Pong=84696.2145, Breakout=36010.2322, SpaceInvaders=6763.9562
[2026-03-02 17:08:20] INFO - HTCL: mu_min(H) = 0.000000 | Constraint: lambda > -0.000000 | Using lambda = 1.000000
[2026-03-02 17:08:32] INFO - HTCL: mu_min(H) = 0.000000 | Constraint: lambda > -0.000000 | Using lambda = 1.000000
[2026-03-02 17:08:32] INFO -   lambda=       1.0 | avg_kl=0.5221 | Pong=1.0816, Breakout=0.2979, SpaceInvaders=0.1868
[2026-03-02 17:08:44] INFO - HTCL: mu_min(H) = 0.000000 | Constraint: lambda > -0.000000 | Using lambda = 10.000000
[2026-03-02 17:08:56] INFO - HTCL: mu_min(H) = 0.000000 | Constraint: lambda > -0.000000 | Using lambda = 10.000000
[2026-03-02 17:08:56] INFO -   lambda=      10.0 | avg_kl=0.0359 | Pong=0.0242, Breakout=0.0608, SpaceInvaders=0.0227
[2026-03-02 17:09:07] INFO - HTCL: mu_min(H) = 0.000000 | Constraint: lambda > -0.000000 | Using lambda = 100.000000
[2026-03-02 17:09:18] INFO - HTCL: mu_min(H) = 0.000000 | Constraint: lambda > -0.000000 | Using lambda = 100.000000
[2026-03-02 17:09:18] INFO -   lambda=     100.0 | avg_kl=0.0248 | Pong=0.0175, Breakout=0.0545, SpaceInvaders=0.0026
[2026-03-02 17:09:29] INFO - HTCL: mu_min(H) = 0.000000 | Constraint: lambda > -0.000000 | Using lambda = 1000.000000
[2026-03-02 17:09:41] INFO - HTCL: mu_min(H) = 0.000000 | Constraint: lambda > -0.000000 | Using lambda = 1000.000000
[2026-03-02 17:09:41] INFO -   lambda=    1000.0 | avg_kl=0.0249 | Pong=0.0174, Breakout=0.0549, SpaceInvaders=0.0025
[2026-03-02 17:09:41] INFO - HTCL: Best lambda = 100.0 (avg KL = 0.0248)
[2026-03-02 17:09:52] INFO - HTCL: Using lambda = 100.0000 for consolidation.
[2026-03-02 17:09:52] INFO - HTCL: Consolidating task 2/3 (Breakout)...
[2026-03-02 17:10:04] INFO - HTCL: Fisher (task) after Breakout | global min=0.000000, max=0.5174, mean=0.000016, std=0.001141, nonzero=14.8%
[2026-03-02 17:10:04] INFO -   Top-1 Fisher layer: fc.2.bias | mean=0.124734, max=0.1928
[2026-03-02 17:10:04] INFO -   Top-2 Fisher layer: fc.2.weight | mean=0.005126, max=0.5174
[2026-03-02 17:10:04] INFO -   Top-3 Fisher layer: features.0.bias | mean=0.004122, max=0.0569
[2026-03-02 17:10:04] INFO -   Top-4 Fisher layer: features.2.bias | mean=0.002247, max=0.0090
[2026-03-02 17:10:04] INFO -   Top-5 Fisher layer: features.4.bias | mean=0.001946, max=0.0218
[2026-03-02 17:10:04] INFO - HTCL: Fisher (cumulative) after Breakout | global min=0.000000, max=0.5464, mean=0.000022, std=0.001274, nonzero=26.3%
[2026-03-02 17:10:04] INFO -   Top-1 Fisher layer: fc.2.bias | mean=0.262577, max=0.3337
[2026-03-02 17:10:04] INFO -   Top-2 Fisher layer: features.4.bias | mean=0.007464, max=0.0793
[2026-03-02 17:10:04] INFO -   Top-3 Fisher layer: features.2.bias | mean=0.007171, max=0.0193
[2026-03-02 17:10:04] INFO -   Top-4 Fisher layer: features.0.bias | mean=0.005923, max=0.0726
[2026-03-02 17:10:04] INFO -   Top-5 Fisher layer: fc.2.weight | mean=0.005756, max=0.5464
[2026-03-02 17:10:04] INFO - HTCL: mu_min(H) = 0.000000 | Constraint: lambda > -0.000000 | Using lambda = 100.000000
[2026-03-02 17:10:04] INFO - HTCL: Task 2 (Breakout) | effective_lambda = 100.0000
[2026-03-02 17:10:04] INFO - HTCL: Breakout | expert_drift_norm = 86.2732 | update_norm = 77.6456
[2026-03-02 17:10:04] INFO - HTCL: Catch-up 1/3 for Breakout | eta=0.4500
[2026-03-02 17:10:04] INFO - HTCL: Catch-up 2/3 for Breakout | eta=0.2250
[2026-03-02 17:10:05] INFO - HTCL: Catch-up 3/3 for Breakout | eta=0.1125
[2026-03-02 17:10:05] INFO - HTCL: Consolidating task 3/3 (SpaceInvaders)...
[2026-03-02 17:10:16] INFO - HTCL: Fisher (task) after SpaceInvaders | global min=0.000000, max=2.7644, mean=0.000077, std=0.005379, nonzero=28.4%
[2026-03-02 17:10:16] INFO -   Top-1 Fisher layer: features.0.bias | mean=0.300018, max=2.7644
[2026-03-02 17:10:16] INFO -   Top-2 Fisher layer: fc.2.bias | mean=0.128331, max=0.1876
[2026-03-02 17:10:16] INFO -   Top-3 Fisher layer: features.4.bias | mean=0.040605, max=1.0837
[2026-03-02 17:10:16] INFO -   Top-4 Fisher layer: features.2.bias | mean=0.031688, max=0.1030
[2026-03-02 17:10:16] INFO -   Top-5 Fisher layer: fc.2.weight | mean=0.028644, max=0.8544
[2026-03-02 17:10:16] INFO - HTCL: Fisher (cumulative) after SpaceInvaders | global min=0.000000, max=2.7646, mean=0.000099, std=0.005697, nonzero=46.7%
[2026-03-02 17:10:16] INFO -   Top-1 Fisher layer: fc.2.bias | mean=0.390908, max=0.5213
[2026-03-02 17:10:16] INFO -   Top-2 Fisher layer: features.0.bias | mean=0.305941, max=2.7646
[2026-03-02 17:10:16] INFO -   Top-3 Fisher layer: features.4.bias | mean=0.048069, max=1.0837
[2026-03-02 17:10:16] INFO -   Top-4 Fisher layer: features.2.bias | mean=0.038859, max=0.1095
[2026-03-02 17:10:16] INFO -   Top-5 Fisher layer: fc.2.weight | mean=0.034400, max=0.8594
[2026-03-02 17:10:16] INFO - HTCL: mu_min(H) = 0.000000 | Constraint: lambda > -0.000000 | Using lambda = 100.000000
[2026-03-02 17:10:16] INFO - HTCL: Task 3 (SpaceInvaders) | effective_lambda = 100.0000
[2026-03-02 17:10:16] INFO - HTCL: SpaceInvaders | expert_drift_norm = 98.8980 | update_norm = 89.0077
[2026-03-02 17:10:17] INFO - HTCL: Catch-up 1/3 for SpaceInvaders | eta=0.4500
[2026-03-02 17:10:17] INFO - HTCL: Catch-up 2/3 for SpaceInvaders | eta=0.2250
[2026-03-02 17:10:17] INFO - HTCL: Catch-up 3/3 for SpaceInvaders | eta=0.1125
[2026-03-02 17:10:17] INFO - HTCL consolidation complete.
[2026-03-02 17:10:17] INFO - HTCL: Fisher log saved to results/checkpoints/default/htcl_fisher_log.json
[2026-03-02 17:10:17] INFO - HTCL: Lambda grid log saved to results/checkpoints/default/htcl_lambda_grid.json
[2026-03-02 17:10:17] INFO - Consolidated model param norm: 71.9992 (delta: +17.9887)
[2026-03-02 17:10:17] INFO -   Weight drift [features]: 41.540272
[2026-03-02 17:10:17] INFO -   Weight drift [fc]: 100.277351
[2026-03-02 17:10:17] INFO - Consolidated model saved to results/checkpoints/default/consolidated_htcl.pt
[2026-03-02 17:10:17] INFO - Total consolidation time (htcl): 386.1s
Collecting 50000 replay samples for Pong...
Collecting 50000 replay samples for Breakout...
Collecting 50000 replay samples for SpaceInvaders...
[2026-03-02 17:10:19] DONE: 01b_htcl

[2026-03-02 17:10:19] ──── Step 2/3: Evaluation ────
[2026-03-02 17:10:19] Evaluating expert: Breakout
[2026-03-02 17:10:19] START: 02_eval_expert_Breakout
[2026-03-02 17:10:19] CMD: python scripts/evaluate.py --model-path results/checkpoints/default/expert_Breakout_best.pt --all-tasks --config configs/base.yaml --output results/figures/eval_expert_Breakout_default.json
A.L.E: Arcade Learning Environment (version 0.11.2+ecc1138)
[Powered by Stella]
Union action space: [0, 1, 3, 4, 11, 12] (6 actions)
Model loaded from results/checkpoints/default/expert_Breakout_best.pt
Device: cuda

Evaluating on PongNoFrameskip-v4...
  Pong: mean=-21.00 +/- 0.00 (min=-21.0, max=-21.0)

Evaluating on BreakoutNoFrameskip-v4...
  Breakout: mean=386.07 +/- 35.05 (min=316.0, max=405.0)

Evaluating on SpaceInvadersNoFrameskip-v4...
  SpaceInvaders: mean=41.67 +/- 30.64 (min=0.0, max=80.0)

Results saved to results/figures/eval_expert_Breakout_default.json
[2026-03-02 17:17:14] DONE: 02_eval_expert_Breakout

[2026-03-02 17:17:14] Evaluating expert: Pong
[2026-03-02 17:17:14] START: 02_eval_expert_Pong
[2026-03-02 17:17:14] CMD: python scripts/evaluate.py --model-path results/checkpoints/default/expert_Pong_best.pt --all-tasks --config configs/base.yaml --output results/figures/eval_expert_Pong_default.json
A.L.E: Arcade Learning Environment (version 0.11.2+ecc1138)
[Powered by Stella]
Union action space: [0, 1, 3, 4, 11, 12] (6 actions)
Model loaded from results/checkpoints/default/expert_Pong_best.pt
Device: cuda

Evaluating on PongNoFrameskip-v4...
  Pong: mean=19.80 +/- 0.79 (min=19.0, max=21.0)

Evaluating on BreakoutNoFrameskip-v4...
  Breakout: mean=0.00 +/- 0.00 (min=0.0, max=0.0)

Evaluating on SpaceInvadersNoFrameskip-v4...
  SpaceInvaders: mean=154.17 +/- 89.14 (min=40.0, max=275.0)

Results saved to results/figures/eval_expert_Pong_default.json
[2026-03-02 17:19:16] DONE: 02_eval_expert_Pong

[2026-03-02 17:19:16] Evaluating expert: SpaceInvaders
[2026-03-02 17:19:16] START: 02_eval_expert_SpaceInvaders
[2026-03-02 17:19:16] CMD: python scripts/evaluate.py --model-path results/checkpoints/default/expert_SpaceInvaders_best.pt --all-tasks --config configs/base.yaml --output results/figures/eval_expert_SpaceInvaders_default.json
A.L.E: Arcade Learning Environment (version 0.11.2+ecc1138)
[Powered by Stella]
Union action space: [0, 1, 3, 4, 11, 12] (6 actions)
Model loaded from results/checkpoints/default/expert_SpaceInvaders_best.pt
Device: cuda

Evaluating on PongNoFrameskip-v4...
  Pong: mean=-21.00 +/- 0.00 (min=-21.0, max=-21.0)

Evaluating on BreakoutNoFrameskip-v4...
  Breakout: mean=2.40 +/- 3.98 (min=0.0, max=9.0)

Evaluating on SpaceInvadersNoFrameskip-v4...
  SpaceInvaders: mean=1188.33 +/- 111.27 (min=995.0, max=1320.0)

Results saved to results/figures/eval_expert_SpaceInvaders_default.json
[2026-03-02 17:20:59] DONE: 02_eval_expert_SpaceInvaders

[2026-03-02 17:20:59] Evaluating consolidated: distillation
[2026-03-02 17:20:59] START: 02_eval_distillation
[2026-03-02 17:20:59] CMD: python scripts/evaluate.py --model-path results/checkpoints/default/consolidated_distillation.pt --all-tasks --config configs/base.yaml --output results/figures/eval_distillation_default.json
A.L.E: Arcade Learning Environment (version 0.11.2+ecc1138)
[Powered by Stella]
Union action space: [0, 1, 3, 4, 11, 12] (6 actions)
Model loaded from results/checkpoints/default/consolidated_distillation.pt
Device: cuda

Evaluating on PongNoFrameskip-v4...
  Pong: mean=-5.70 +/- 16.16 (min=-21.0, max=18.0)

Evaluating on BreakoutNoFrameskip-v4...
  Breakout: mean=3.00 +/- 3.00 (min=0.0, max=6.0)

Evaluating on SpaceInvadersNoFrameskip-v4...
  SpaceInvaders: mean=115.00 +/- 46.46 (min=45.0, max=175.0)

Results saved to results/figures/eval_distillation_default.json
[2026-03-02 17:22:36] DONE: 02_eval_distillation

[2026-03-02 17:22:36] Evaluating consolidated: htcl
[2026-03-02 17:22:36] START: 02_eval_htcl
[2026-03-02 17:22:36] CMD: python scripts/evaluate.py --model-path results/checkpoints/default/consolidated_htcl.pt --all-tasks --config configs/base.yaml --output results/figures/eval_htcl_default.json
A.L.E: Arcade Learning Environment (version 0.11.2+ecc1138)
[Powered by Stella]
Union action space: [0, 1, 3, 4, 11, 12] (6 actions)
Model loaded from results/checkpoints/default/consolidated_htcl.pt
Device: cuda

Evaluating on PongNoFrameskip-v4...
  Pong: mean=-21.00 +/- 0.00 (min=-21.0, max=-21.0)

Evaluating on BreakoutNoFrameskip-v4...
  Breakout: mean=2.40 +/- 3.98 (min=0.0, max=9.0)

Evaluating on SpaceInvadersNoFrameskip-v4...
  SpaceInvaders: mean=412.50 +/- 221.88 (min=215.0, max=725.0)

Results saved to results/figures/eval_htcl_default.json
[2026-03-02 17:23:47] DONE: 02_eval_htcl

[2026-03-02 17:23:47] ──── Step 3/3: Comparison Plots ────
[2026-03-02 17:23:47] START: 03_compare
[2026-03-02 17:23:47] CMD: python scripts/compare.py --config configs/base.yaml --tag default
A.L.E: Arcade Learning Environment (version 0.11.2+ecc1138)
[Powered by Stella]

============================================================
Evaluating Expert Models
============================================================
  Expert (Pong): 19.80 ± 0.79
  Expert (Breakout): 386.07 ± 35.05
  Expert (SpaceInvaders): 1188.33 ± 111.27

============================================================
Evaluating Distillation Consolidated Model
============================================================
  Distillation on Pong: -12.97 ± 11.59
  Distillation on Breakout: 2.00 ± 2.83
  Distillation on SpaceInvaders: 97.17 ± 45.07

============================================================
Evaluating HTCL Consolidated Model
============================================================
  HTCL on Pong: -21.00 ± 0.00
  HTCL on Breakout: 2.40 ± 3.98
  HTCL on SpaceInvaders: 377.83 ± 210.75

Generating comparison visualisations...
  Saved → results/figures/{png,svg}/comparison_bar
  Saved → results/figures/{png,svg}/performance_heatmap
  Saved → results/figures/{png,svg}/reward_distributions
  Saved → results/figures/{png,svg}/radar_chart
  Saved → results/figures/{png,svg}/forgetting_gap
  Saved → results/figures/{png,svg}/relative_performance
  Saved → results/figures/{png,svg}/summary_table

Generating Fisher / Hessian diagnostic plots...
  Saved → results/figures/{png,svg}/fisher_global_stats
  Saved → results/figures/{png,svg}/fisher_layer_heatmap
  Saved → results/figures/{png,svg}/fisher_per_task_stats
  Fisher diagnostic plots saved to results/figures

Generating lambda grid search plots...
  Saved → results/figures/{png,svg}/lambda_selection_curve
  Saved → results/figures/{png,svg}/lambda_kl_lam0.1
  Saved → results/figures/{png,svg}/lambda_kl_lam1.0
  Saved → results/figures/{png,svg}/lambda_kl_lam10.0
  Saved → results/figures/{png,svg}/lambda_kl_lam100.0
  Saved → results/figures/{png,svg}/lambda_kl_lam1000.0
  Lambda grid plots saved to results/figures
  Saved → results/figures/{png,svg}/lambda_summary_table
  Lambda summary table saved to results/figures

Computing KL divergence between consolidated and expert policies...
  Saved → results/figures/{png,svg}/kl_divergence_comparison
  KL divergence plot saved to results/figures

Numerical results saved to results/figures/comparison_results_default.json

================================================================================
COMPARISON SUMMARY
================================================================================
Method                         Pong       Breakout   SpaceInvaders        Average
--------------------------------------------------------------------------------
Expert                        19.80         386.07        1188.33         531.40
Distillation                 -12.97           2.00          97.17          28.73
HTCL                         -21.00           2.40         377.83         119.74
================================================================================

Retention (% of Expert):
  Distillation          -65.5%     0.5%     8.2%  (avg -18.9%)
  HTCL                 -106.1%     0.6%    31.8%  (avg -24.5%)

LaTeX table:
\begin{tabular}{lcccc}
\toprule
Method & Pong & Breakout & SpaceInvaders & Average \\
\midrule
Expert & 19.8 & 386.1 & 1188.3 & 531.4 \\
Distillation & -13.0 & 2.0 & 97.2 & 28.7 \\
HTCL & -21.0 & 2.4 & 377.8 & 119.7 \\
\bottomrule
\end{tabular}
[2026-03-02 17:35:22] DONE: 03_compare

[2026-03-02 17:35:22] ============================================================
[2026-03-02 17:35:22]  Pipeline Complete!
[2026-03-02 17:35:22] ============================================================
[2026-03-02 17:35:22]  Figures:     results/figures/{png,svg}/
[2026-03-02 17:35:22]  Checkpoints: results/checkpoints/default/
[2026-03-02 17:35:22]  Logs:        results/logs/consolidate_default_20260302_165736/
[2026-03-02 17:35:22] ============================================================
