[2026-02-23 22:33:51] INFO - Consolidation method: ewc
[2026-02-23 22:33:51] INFO - Device: cuda
[2026-02-23 22:33:51] INFO - Debug: False
[2026-02-23 22:33:51] INFO - Tag: default
[2026-02-23 22:33:51] INFO - Config: configs/base.yaml
[2026-02-23 22:33:51] INFO - Task sequence: ['PongNoFrameskip-v4', 'BreakoutNoFrameskip-v4', 'SpaceInvadersNoFrameskip-v4']
[2026-02-23 22:33:51] INFO - EWC config: lambda=5000.0, fisher_samples=2000, online=True, gamma=0.95
[2026-02-23 22:33:51] INFO - Loading expert checkpoints and collecting replay data...
[2026-02-23 22:34:47] INFO - Loaded 3 expert models in 56.2s.
[2026-02-23 22:34:47] INFO -   Pong: best_reward=-0.70, valid_actions=[0, 1, 3, 4, 11, 12], buffer_size=10000
[2026-02-23 22:34:47] INFO -   Breakout: best_reward=80.90, valid_actions=[0, 1, 3, 4], buffer_size=10000
[2026-02-23 22:34:47] INFO -   SpaceInvaders: best_reward=762.50, valid_actions=[0, 1, 3, 4, 11, 12], buffer_size=10000
[2026-02-23 22:34:47] INFO - Initializing global model as parameter average of experts...
[2026-02-23 22:34:47] INFO - Global model param norm: 43.6936
[2026-02-23 22:34:47] INFO - Starting EWC consolidation...
[2026-02-23 22:34:47] INFO - Computing Fisher Information Matrix for EWC...
[2026-02-23 22:34:48] INFO - EWC: Registered task 1. Fisher norm: 0.14
[2026-02-23 22:34:48] INFO - Computing Fisher Information Matrix for EWC...
[2026-02-23 22:34:48] INFO - EWC: Registered task 2. Fisher norm: 1.00
[2026-02-23 22:34:48] INFO - Computing Fisher Information Matrix for EWC...
[2026-02-23 22:34:48] INFO - EWC: Registered task 3. Fisher norm: 9.87
[2026-02-23 22:34:59] INFO - EWC consolidation step 500/5000 | Loss: 662.425659 (EWC: 13.104118, Avg: 649.321533)
[2026-02-23 22:35:06] INFO - EWC consolidation step 1000/5000 | Loss: 662.425659 (EWC: 13.104118, Avg: 649.321533)
[2026-02-23 22:35:13] INFO - EWC consolidation step 1500/5000 | Loss: 662.425598 (EWC: 13.104118, Avg: 649.321472)
[2026-02-23 22:35:20] INFO - EWC consolidation step 2000/5000 | Loss: 662.425720 (EWC: 13.104120, Avg: 649.321594)
[2026-02-23 22:35:27] INFO - EWC consolidation step 2500/5000 | Loss: 662.425598 (EWC: 13.104118, Avg: 649.321472)
[2026-02-23 22:35:35] INFO - EWC consolidation step 3000/5000 | Loss: 662.425598 (EWC: 13.104121, Avg: 649.321472)
[2026-02-23 22:35:42] INFO - EWC consolidation step 3500/5000 | Loss: 662.425659 (EWC: 13.104117, Avg: 649.321533)
[2026-02-23 22:35:49] INFO - EWC consolidation step 4000/5000 | Loss: 662.425659 (EWC: 13.104120, Avg: 649.321533)
[2026-02-23 22:35:56] INFO - EWC consolidation step 4500/5000 | Loss: 662.425659 (EWC: 13.104120, Avg: 649.321533)
[2026-02-23 22:36:03] INFO - EWC consolidation step 5000/5000 | Loss: 662.425598 (EWC: 13.104120, Avg: 649.321472)
[2026-02-23 22:36:03] INFO - EWC consolidation complete.
[2026-02-23 22:36:03] INFO - Consolidated model param norm: 43.6936 (delta: +0.0000)
[2026-02-23 22:36:03] INFO -   Weight drift [features]: 0.001347
[2026-02-23 22:36:03] INFO -   Weight drift [fc]: 0.003746
[2026-02-23 22:36:03] INFO - Consolidated model saved to results/checkpoints/default/consolidated_ewc.pt
[2026-02-23 22:36:03] INFO - Total consolidation time (ewc): 132.0s
[2026-02-24 11:24:09] INFO - Consolidation method: ewc
[2026-02-24 11:24:09] INFO - Device: cuda
[2026-02-24 11:24:09] INFO - Debug: False
[2026-02-24 11:24:09] INFO - Tag: default
[2026-02-24 11:24:09] INFO - Config: configs/base.yaml
[2026-02-24 11:24:09] INFO - Task sequence: ['PongNoFrameskip-v4', 'BreakoutNoFrameskip-v4', 'SpaceInvadersNoFrameskip-v4']
[2026-02-24 11:24:09] INFO - EWC config: lambda=5000.0, fisher_samples=2000, online=True, gamma=0.95
[2026-02-24 11:24:09] INFO - Loading expert checkpoints and collecting replay data...
[2026-02-24 11:28:58] INFO - Consolidation method: ewc
[2026-02-24 11:28:58] INFO - Device: cuda
[2026-02-24 11:28:58] INFO - Debug: False
[2026-02-24 11:28:58] INFO - Tag: default
[2026-02-24 11:28:58] INFO - Config: configs/base.yaml
[2026-02-24 11:28:58] INFO - Task sequence: ['PongNoFrameskip-v4', 'BreakoutNoFrameskip-v4', 'SpaceInvadersNoFrameskip-v4']
[2026-02-24 11:28:58] INFO - EWC config: lambda=5000.0, fisher_samples=2000, online=True, gamma=0.95
[2026-02-24 11:28:58] INFO - Loading expert checkpoints and collecting replay data...
[2026-02-24 11:29:55] INFO - Loaded 3 expert models in 57.1s.
[2026-02-24 11:29:55] INFO -   Pong: best_reward=-0.70, valid_actions=[0, 1, 3, 4, 11, 12], buffer_size=10000
[2026-02-24 11:29:55] INFO -   Breakout: best_reward=80.90, valid_actions=[0, 1, 3, 4], buffer_size=10000
[2026-02-24 11:29:55] INFO -   SpaceInvaders: best_reward=762.50, valid_actions=[0, 1, 3, 4, 11, 12], buffer_size=10000
[2026-02-24 11:29:55] INFO - Initializing global model as parameter average of experts...
[2026-02-24 11:29:55] INFO - Global model param norm: 31.9327
[2026-02-24 11:29:55] INFO - Starting EWC consolidation...
[2026-02-24 11:29:55] INFO - Computing Fisher Information Matrix for EWC...
[2026-02-24 11:29:55] INFO - EWC: Registered task 1. Fisher norm: 1.66
[2026-02-24 11:29:55] INFO - Computing Fisher Information Matrix for EWC...
[2026-02-24 11:29:56] INFO - EWC: Registered task 2. Fisher norm: 0.98
[2026-02-24 11:29:56] INFO - Computing Fisher Information Matrix for EWC...
[2026-02-24 11:29:56] INFO - EWC: Registered task 3. Fisher norm: 0.95
[2026-02-24 11:30:07] INFO - EWC consolidation step 500/5000 | Loss: 1163.115479 (EWC: 10.741982, Avg: 1152.373535)
[2026-02-24 11:30:14] INFO - EWC consolidation step 1000/5000 | Loss: 1163.115479 (EWC: 10.741982, Avg: 1152.373535)
[2026-02-24 11:30:21] INFO - EWC consolidation step 1500/5000 | Loss: 1163.115479 (EWC: 10.741982, Avg: 1152.373535)
[2026-02-24 11:30:27] INFO - EWC consolidation step 2000/5000 | Loss: 1163.115479 (EWC: 10.741982, Avg: 1152.373535)
[2026-02-24 11:30:34] INFO - EWC consolidation step 2500/5000 | Loss: 1163.115479 (EWC: 10.741983, Avg: 1152.373535)
[2026-02-24 11:30:41] INFO - EWC consolidation step 3000/5000 | Loss: 1163.115479 (EWC: 10.741982, Avg: 1152.373535)
[2026-02-24 11:30:48] INFO - EWC consolidation step 3500/5000 | Loss: 1163.115601 (EWC: 10.741983, Avg: 1152.373657)
[2026-02-24 11:30:54] INFO - EWC consolidation step 4000/5000 | Loss: 1163.115479 (EWC: 10.741983, Avg: 1152.373535)
[2026-02-24 11:31:01] INFO - EWC consolidation step 4500/5000 | Loss: 1163.115479 (EWC: 10.741984, Avg: 1152.373535)
[2026-02-24 11:31:08] INFO - EWC consolidation step 5000/5000 | Loss: 1163.115601 (EWC: 10.741982, Avg: 1152.373657)
[2026-02-24 11:31:08] INFO - EWC consolidation complete.
[2026-02-24 11:31:08] INFO - Consolidated model param norm: 31.9327 (delta: -0.0000)
[2026-02-24 11:31:08] INFO -   Weight drift [features]: 0.001322
[2026-02-24 11:31:08] INFO -   Weight drift [fc]: 0.004041
[2026-02-24 11:31:08] INFO - Consolidated model saved to results/checkpoints/default/consolidated_ewc.pt
[2026-02-24 11:31:08] INFO - Total consolidation time (ewc): 130.0s
