[2026-03-08 07:59:08] INFO - Consolidation method: distillation
[2026-03-08 07:59:08] INFO - Device: cuda
[2026-03-08 07:59:08] INFO - Debug: False
[2026-03-08 07:59:08] INFO - Tag: default
[2026-03-08 07:59:08] INFO - Config: configs/base.yaml
[2026-03-08 07:59:08] INFO - Task sequence: ['BreakoutNoFrameskip-v4', 'SpaceInvadersNoFrameskip-v4', 'PongNoFrameskip-v4']
A.L.E: Arcade Learning Environment (version 0.11.2+ecc1138)
[Powered by Stella]
[2026-03-08 07:59:08] INFO - Union action space: [0, 1, 3, 4, 11, 12] (6 actions)
[2026-03-08 07:59:08] INFO - Distillation config: temperature=2.0, alpha=0.5, epochs=500, lr=5e-05, batch_size=64
[2026-03-08 07:59:08] INFO - Loading expert checkpoints and collecting replay data...
[2026-03-08 08:08:09] INFO - Loaded 3 expert models in 541.0s.
[2026-03-08 08:08:09] INFO -   Pong: best_reward=20.20, valid_actions=[0, 1, 2, 3, 4, 5], buffer_size=100000
[2026-03-08 08:08:09] INFO -   Breakout: best_reward=386.30, valid_actions=[0, 1, 2, 3], buffer_size=100000
[2026-03-08 08:08:09] INFO -   SpaceInvaders: best_reward=1162.50, valid_actions=[0, 1, 2, 3, 4, 5], buffer_size=100000
[2026-03-08 08:08:09] INFO - Initializing global model as parameter average of experts...
[2026-03-08 08:08:09] INFO - Starting Knowledge Distillation consolidation...
[2026-03-08 08:08:16] INFO - Task Pong: Q-value stats mean=0.612, std=0.332
[2026-03-08 08:08:17] INFO - Task Breakout: Q-value stats mean=3.494, std=1.348
[2026-03-08 08:08:17] INFO - Task SpaceInvaders: Q-value stats mean=4.136, std=1.863
[2026-03-08 08:11:36] INFO - Distillation epoch 50/500 | Avg loss: 0.001988
[2026-03-08 08:15:11] INFO - Distillation epoch 100/500 | Avg loss: 0.001091
[2026-03-08 08:18:26] INFO - Distillation epoch 150/500 | Avg loss: 0.000863
[2026-03-08 08:21:40] INFO - Distillation epoch 200/500 | Avg loss: 0.000684
[2026-03-08 08:24:54] INFO - Distillation epoch 250/500 | Avg loss: 0.000558
[2026-03-08 08:28:11] INFO - Distillation epoch 300/500 | Avg loss: 0.000436
[2026-03-08 08:31:24] INFO - Distillation epoch 350/500 | Avg loss: 0.000275
[2026-03-08 08:34:43] INFO - Distillation epoch 400/500 | Avg loss: 0.000257
[2026-03-08 08:38:03] INFO - Distillation epoch 450/500 | Avg loss: 0.000173
[2026-03-08 08:41:16] INFO - Distillation epoch 500/500 | Avg loss: 0.000186
[2026-03-08 08:41:16] INFO - Knowledge Distillation consolidation complete.
[2026-03-08 08:41:16] INFO - Distillation model saved to results/checkpoints/default/consolidated_distillation.pt
[2026-03-08 08:41:16] INFO - Consolidated model param norm: 48.2165
[2026-03-08 08:41:16] INFO - Total consolidation time (distillation): 2527.6s
Collecting 100000 replay samples for Pong...
Collecting 100000 replay samples for Breakout...
Collecting 100000 replay samples for SpaceInvaders...
