[2026-03-08 08:41:22] INFO - Consolidation method: oneshot
[2026-03-08 08:41:22] INFO - Device: cuda
[2026-03-08 08:41:22] INFO - Debug: False
[2026-03-08 08:41:22] INFO - Tag: default
[2026-03-08 08:41:22] INFO - Config: configs/base.yaml
[2026-03-08 08:41:22] INFO - Task sequence: ['BreakoutNoFrameskip-v4', 'SpaceInvadersNoFrameskip-v4', 'PongNoFrameskip-v4']
A.L.E: Arcade Learning Environment (version 0.11.2+ecc1138)
[Powered by Stella]
[2026-03-08 08:41:22] INFO - Union action space: [0, 1, 3, 4, 11, 12] (6 actions)
[2026-03-08 08:41:22] INFO - One-Shot config: lambda=100.0, eta=0.9, fisher_samples=20000
[2026-03-08 08:41:22] INFO - Loading expert checkpoints and collecting replay data...
[2026-03-08 08:50:20] INFO - Loaded 3 expert models in 537.7s.
[2026-03-08 08:50:20] INFO -   Pong: best_reward=20.20, valid_actions=[0, 1, 2, 3, 4, 5], buffer_size=100000
[2026-03-08 08:50:20] INFO -   Breakout: best_reward=386.30, valid_actions=[0, 1, 2, 3], buffer_size=100000
[2026-03-08 08:50:20] INFO -   SpaceInvaders: best_reward=1162.50, valid_actions=[0, 1, 2, 3, 4, 5], buffer_size=100000
[2026-03-08 08:50:20] INFO - Filtering replay buffers to top-50000 high-confidence states per expert...
[2026-03-08 08:50:25] INFO -   Pong: 50000 states filtered from 100000 raw transitions
Collecting 100000 replay samples for Pong...
Collecting 100000 replay samples for Breakout...
Collecting 100000 replay samples for SpaceInvaders...
Traceback (most recent call last):
  File "/work/pnag/CRL-Atari/scripts/consolidate.py", line 560, in <module>
    main()
  File "/work/pnag/CRL-Atari/scripts/consolidate.py", line 518, in main
    filtered_states_list, expert_models = filter_replay_states(
                                          ^^^^^^^^^^^^^^^^^^^^^
  File "/work/pnag/CRL-Atari/scripts/consolidate.py", line 253, in filter_replay_states
    filt_states = r["replay_buffer"].filter_by_confidence(
                  ^^^^^^^^^^^^^^^^^^^^^^^^^^^^^^^^^^^^^^^^
  File "/work/pnag/CRL-Atari/src/data/replay_buffer.py", line 185, in filter_by_confidence
    torch.from_numpy(self.states[top_indices]).float().to(self.device) / 255.0
    ~~~~~~~~~~~~~~~~~~~~~~~~~~~~~~~~~~~~~~~~~~~~~~~~~~~~~~~~~~~~~~~~~~~^~~~~~~
torch.OutOfMemoryError: CUDA out of memory. Tried to allocate 5.26 GiB. GPU 0 has a total capacity of 15.89 GiB of which 4.99 GiB is free. Including non-PyTorch memory, this process has 10.90 GiB memory in use. Of the allocated memory 10.57 GiB is allocated by PyTorch, and 37.85 MiB is reserved by PyTorch but unallocated. If reserved but unallocated memory is large try setting PYTORCH_CUDA_ALLOC_CONF=expandable_segments:True to avoid fragmentation.  See documentation for Memory Management  (https://pytorch.org/docs/stable/notes/cuda.html#environment-variables)
