[2026-03-08 07:59:03] ============================================================
[2026-03-08 07:59:03]  CRL-Atari  Consolidation Pipeline
[2026-03-08 07:59:03] ============================================================
[2026-03-08 07:59:03]  Tag:    default
[2026-03-08 07:59:03]  Config: configs/base.yaml
[2026-03-08 07:59:03]  Debug:  off
[2026-03-08 07:59:03]  Device: auto
[2026-03-08 07:59:03]  Log:    results/logs/consolidate_default_20260308_075903
[2026-03-08 07:59:03] ============================================================
[2026-03-08 07:59:03] ---- Step 1/3: Consolidation ----
[2026-03-08 07:59:03] --- Knowledge Distillation ---
[2026-03-08 07:59:03] START: 01a_distillation
[2026-03-08 07:59:03] CMD: python scripts/consolidate.py --method distillation --config configs/base.yaml --tag default
[2026-03-08 07:59:08] INFO - Consolidation method: distillation
[2026-03-08 07:59:08] INFO - Device: cuda
[2026-03-08 07:59:08] INFO - Debug: False
[2026-03-08 07:59:08] INFO - Tag: default
[2026-03-08 07:59:08] INFO - Config: configs/base.yaml
[2026-03-08 07:59:08] INFO - Task sequence: ['BreakoutNoFrameskip-v4', 'SpaceInvadersNoFrameskip-v4', 'PongNoFrameskip-v4']
A.L.E: Arcade Learning Environment (version 0.11.2+ecc1138)
[Powered by Stella]
[2026-03-08 07:59:08] INFO - Union action space: [0, 1, 3, 4, 11, 12] (6 actions)
[2026-03-08 07:59:08] INFO - Distillation config: temperature=2.0, alpha=0.5, epochs=500, lr=5e-05, batch_size=64
[2026-03-08 07:59:08] INFO - Loading expert checkpoints and collecting replay data...
[2026-03-08 08:08:09] INFO - Loaded 3 expert models in 541.0s.
[2026-03-08 08:08:09] INFO -   Pong: best_reward=20.20, valid_actions=[0, 1, 2, 3, 4, 5], buffer_size=100000
[2026-03-08 08:08:09] INFO -   Breakout: best_reward=386.30, valid_actions=[0, 1, 2, 3], buffer_size=100000
[2026-03-08 08:08:09] INFO -   SpaceInvaders: best_reward=1162.50, valid_actions=[0, 1, 2, 3, 4, 5], buffer_size=100000
[2026-03-08 08:08:09] INFO - Initializing global model as parameter average of experts...
[2026-03-08 08:08:09] INFO - Starting Knowledge Distillation consolidation...
[2026-03-08 08:08:16] INFO - Task Pong: Q-value stats mean=0.612, std=0.332
[2026-03-08 08:08:17] INFO - Task Breakout: Q-value stats mean=3.494, std=1.348
[2026-03-08 08:08:17] INFO - Task SpaceInvaders: Q-value stats mean=4.136, std=1.863
[2026-03-08 08:11:36] INFO - Distillation epoch 50/500 | Avg loss: 0.001988
[2026-03-08 08:15:11] INFO - Distillation epoch 100/500 | Avg loss: 0.001091
[2026-03-08 08:18:26] INFO - Distillation epoch 150/500 | Avg loss: 0.000863
[2026-03-08 08:21:40] INFO - Distillation epoch 200/500 | Avg loss: 0.000684
[2026-03-08 08:24:54] INFO - Distillation epoch 250/500 | Avg loss: 0.000558
[2026-03-08 08:28:11] INFO - Distillation epoch 300/500 | Avg loss: 0.000436
[2026-03-08 08:31:24] INFO - Distillation epoch 350/500 | Avg loss: 0.000275
[2026-03-08 08:34:43] INFO - Distillation epoch 400/500 | Avg loss: 0.000257
[2026-03-08 08:38:03] INFO - Distillation epoch 450/500 | Avg loss: 0.000173
[2026-03-08 08:41:16] INFO - Distillation epoch 500/500 | Avg loss: 0.000186
[2026-03-08 08:41:16] INFO - Knowledge Distillation consolidation complete.
[2026-03-08 08:41:16] INFO - Distillation model saved to results/checkpoints/default/consolidated_distillation.pt
[2026-03-08 08:41:16] INFO - Consolidated model param norm: 48.2165
[2026-03-08 08:41:16] INFO - Total consolidation time (distillation): 2527.6s
Collecting 100000 replay samples for Pong...
Collecting 100000 replay samples for Breakout...
Collecting 100000 replay samples for SpaceInvaders...
[2026-03-08 08:41:17] DONE: 01a_distillation

[2026-03-08 08:41:17] --- One-Shot Joint Consolidation ---
[2026-03-08 08:41:17] START: 01b_oneshot
[2026-03-08 08:41:17] CMD: python scripts/consolidate.py --method oneshot --config configs/base.yaml --tag default
[2026-03-08 08:41:22] INFO - Consolidation method: oneshot
[2026-03-08 08:41:22] INFO - Device: cuda
[2026-03-08 08:41:22] INFO - Debug: False
[2026-03-08 08:41:22] INFO - Tag: default
[2026-03-08 08:41:22] INFO - Config: configs/base.yaml
[2026-03-08 08:41:22] INFO - Task sequence: ['BreakoutNoFrameskip-v4', 'SpaceInvadersNoFrameskip-v4', 'PongNoFrameskip-v4']
A.L.E: Arcade Learning Environment (version 0.11.2+ecc1138)
[Powered by Stella]
[2026-03-08 08:41:22] INFO - Union action space: [0, 1, 3, 4, 11, 12] (6 actions)
[2026-03-08 08:41:22] INFO - One-Shot config: lambda=100.0, eta=0.9, fisher_samples=20000
[2026-03-08 08:41:22] INFO - Loading expert checkpoints and collecting replay data...
[2026-03-08 08:50:20] INFO - Loaded 3 expert models in 537.7s.
[2026-03-08 08:50:20] INFO -   Pong: best_reward=20.20, valid_actions=[0, 1, 2, 3, 4, 5], buffer_size=100000
[2026-03-08 08:50:20] INFO -   Breakout: best_reward=386.30, valid_actions=[0, 1, 2, 3], buffer_size=100000
[2026-03-08 08:50:20] INFO -   SpaceInvaders: best_reward=1162.50, valid_actions=[0, 1, 2, 3, 4, 5], buffer_size=100000
[2026-03-08 08:50:20] INFO - Filtering replay buffers to top-50000 high-confidence states per expert...
[2026-03-08 08:50:25] INFO -   Pong: 50000 states filtered from 100000 raw transitions
Collecting 100000 replay samples for Pong...
Collecting 100000 replay samples for Breakout...
Collecting 100000 replay samples for SpaceInvaders...
Traceback (most recent call last):
  File "/work/pnag/CRL-Atari/scripts/consolidate.py", line 560, in <module>
    main()
  File "/work/pnag/CRL-Atari/scripts/consolidate.py", line 518, in main
    filtered_states_list, expert_models = filter_replay_states(
                                          ^^^^^^^^^^^^^^^^^^^^^
  File "/work/pnag/CRL-Atari/scripts/consolidate.py", line 253, in filter_replay_states
    filt_states = r["replay_buffer"].filter_by_confidence(
                  ^^^^^^^^^^^^^^^^^^^^^^^^^^^^^^^^^^^^^^^^
  File "/work/pnag/CRL-Atari/src/data/replay_buffer.py", line 185, in filter_by_confidence
    torch.from_numpy(self.states[top_indices]).float().to(self.device) / 255.0
    ~~~~~~~~~~~~~~~~~~~~~~~~~~~~~~~~~~~~~~~~~~~~~~~~~~~~~~~~~~~~~~~~~~~^~~~~~~
torch.OutOfMemoryError: CUDA out of memory. Tried to allocate 5.26 GiB. GPU 0 has a total capacity of 15.89 GiB of which 4.99 GiB is free. Including non-PyTorch memory, this process has 10.90 GiB memory in use. Of the allocated memory 10.57 GiB is allocated by PyTorch, and 37.85 MiB is reserved by PyTorch but unallocated. If reserved but unallocated memory is large try setting PYTORCH_CUDA_ALLOC_CONF=expandable_segments:True to avoid fragmentation.  See documentation for Memory Management  (https://pytorch.org/docs/stable/notes/cuda.html#environment-variables)
[2026-03-08 08:50:31] FAILED: 01b_oneshot (exit code 1)
