[2026-03-08 01:04:22] INFO - Consolidation method: iterative
[2026-03-08 01:04:22] INFO - Device: cuda
[2026-03-08 01:04:22] INFO - Debug: False
[2026-03-08 01:04:22] INFO - Tag: default
[2026-03-08 01:04:22] INFO - Config: configs/base.yaml
[2026-03-08 01:04:22] INFO - Task sequence: ['BreakoutNoFrameskip-v4', 'SpaceInvadersNoFrameskip-v4', 'PongNoFrameskip-v4']
[2026-03-08 01:04:22] INFO - Union action space: [0, 1, 3, 4, 11, 12] (6 actions)
[2026-03-08 01:04:22] INFO - Iterative config: lambda=100.0, eta_0=0.9, gamma=0.5, num_rounds=3, fisher_samples=5000
[2026-03-08 01:04:22] INFO - Loading expert checkpoints and collecting replay data...
[2026-03-08 01:11:39] INFO - Loaded 3 expert models in 437.0s.
[2026-03-08 01:11:39] INFO -   Pong: best_reward=20.20, valid_actions=[0, 1, 2, 3, 4, 5], buffer_size=100000
[2026-03-08 01:11:39] INFO -   Breakout: best_reward=386.30, valid_actions=[0, 1, 2, 3], buffer_size=100000
[2026-03-08 01:11:39] INFO -   SpaceInvaders: best_reward=1162.50, valid_actions=[0, 1, 2, 3, 4, 5], buffer_size=100000
[2026-03-08 01:11:39] INFO - Filtering replay buffers to top-50000 high-confidence states per expert...
[2026-03-08 01:11:50] INFO -   Pong: 50000 states filtered from 100000 raw transitions
[2026-03-08 01:12:02] INFO -   Breakout: 50000 states filtered from 100000 raw transitions
[2026-03-08 01:12:13] INFO -   SpaceInvaders: 50000 states filtered from 100000 raw transitions
[2026-03-08 01:12:13] INFO - Initialising global model at ensemble-mean anchor (Algorithm 1, line 1)...
[2026-03-08 01:12:13] INFO - Starting Multi-Round Joint Consolidation (lambda=100.0, eta_0=0.9, gamma=0.5, K=3, N=3)...
[2026-03-08 01:12:13] INFO - 
--- Round 1/3 (eta_k=0.900000) ---
[2026-03-08 01:12:13] INFO -   [Pong] Computing Fisher/gradient at current global position...
[2026-03-08 01:13:12] INFO - HTCL: Fisher (task) after Pong | global min=0.000000, max=0.1503, mean=0.000003, std=0.000373, nonzero=7.0%
[2026-03-08 01:13:12] INFO -   Top-1 Fisher layer: fc.2.bias | mean=0.138616, max=0.1503
[2026-03-08 01:13:12] INFO -   Top-2 Fisher layer: features.4.bias | mean=0.012773, max=0.1472
[2026-03-08 01:13:12] INFO -   Top-3 Fisher layer: features.2.bias | mean=0.010305, max=0.0898
[2026-03-08 01:13:12] INFO -   Top-4 Fisher layer: fc.2.weight | mean=0.000387, max=0.0175
[2026-03-08 01:13:12] INFO -   Top-5 Fisher layer: fc.0.bias | mean=0.000344, max=0.0252
[2026-03-08 01:13:12] INFO -   [Breakout] Computing Fisher/gradient at current global position...
[2026-03-08 01:14:09] INFO - HTCL: Fisher (task) after Breakout | global min=0.000000, max=0.1913, mean=0.000002, std=0.000314, nonzero=18.4%
[2026-03-08 01:14:09] INFO -   Top-1 Fisher layer: fc.2.bias | mean=0.124994, max=0.1913
[2026-03-08 01:14:09] INFO -   Top-2 Fisher layer: features.4.bias | mean=0.004490, max=0.0874
[2026-03-08 01:14:09] INFO -   Top-3 Fisher layer: features.2.bias | mean=0.003993, max=0.0395
[2026-03-08 01:14:09] INFO -   Top-4 Fisher layer: features.0.bias | mean=0.002875, max=0.0304
[2026-03-08 01:14:09] INFO -   Top-5 Fisher layer: fc.2.weight | mean=0.000346, max=0.0221
[2026-03-08 01:14:09] INFO -   [SpaceInvaders] Computing Fisher/gradient at current global position...
[2026-03-08 01:15:06] INFO - HTCL: Fisher (task) after SpaceInvaders | global min=0.000000, max=0.1473, mean=0.000002, std=0.000302, nonzero=26.7%
[2026-03-08 01:15:06] INFO -   Top-1 Fisher layer: fc.2.bias | mean=0.138693, max=0.1473
[2026-03-08 01:15:06] INFO -   Top-2 Fisher layer: features.4.bias | mean=0.006830, max=0.1213
[2026-03-08 01:15:06] INFO -   Top-3 Fisher layer: features.0.bias | mean=0.005403, max=0.0616
[2026-03-08 01:15:06] INFO -   Top-4 Fisher layer: features.2.bias | mean=0.003708, max=0.0408
[2026-03-08 01:15:06] INFO -   Top-5 Fisher layer: fc.0.bias | mean=0.000463, max=0.0250
[2026-03-08 01:15:06] INFO - HTCL: Fisher (cumulative) after round_0 | global min=0.000000, max=0.1630, mean=0.000002, std=0.000307, nonzero=26.2%
[2026-03-08 01:15:06] INFO -   Top-1 Fisher layer: fc.2.bias | mean=0.134101, max=0.1630
[2026-03-08 01:15:06] INFO -   Top-2 Fisher layer: features.4.bias | mean=0.008031, max=0.0830
[2026-03-08 01:15:06] INFO -   Top-3 Fisher layer: features.2.bias | mean=0.006002, max=0.0567
[2026-03-08 01:15:06] INFO -   Top-4 Fisher layer: features.0.bias | mean=0.002843, max=0.0275
[2026-03-08 01:15:06] INFO -   Top-5 Fisher layer: fc.2.weight | mean=0.000350, max=0.0176
[2026-03-08 01:15:06] INFO - HTCL: mu_min(H) = 0.000000 | Constraint: lambda > -0.000000 | Using lambda = 100.000000
[2026-03-08 01:15:06] INFO -   Round 1 | effective lambda = 100.0000
[2026-03-08 01:15:06] INFO -   Round 1 | update_norm=0.7468 | max_drift=57.4535
[2026-03-08 01:15:06] INFO - 
--- Round 2/3 (eta_k=0.450000) ---
[2026-03-08 01:15:06] INFO -   [Pong] Computing Fisher/gradient at current global position...
[2026-03-08 01:16:03] INFO - HTCL: Fisher (task) after Pong | global min=0.000000, max=0.2266, mean=0.000007, std=0.000562, nonzero=6.9%
[2026-03-08 01:16:03] INFO -   Top-1 Fisher layer: fc.2.bias | mean=0.138727, max=0.1507
[2026-03-08 01:16:03] INFO -   Top-2 Fisher layer: features.4.bias | mean=0.016397, max=0.2266
[2026-03-08 01:16:03] INFO -   Top-3 Fisher layer: features.2.bias | mean=0.011808, max=0.0728
[2026-03-08 01:16:03] INFO -   Top-4 Fisher layer: features.0.bias | mean=0.006906, max=0.2158
[2026-03-08 01:16:03] INFO -   Top-5 Fisher layer: features.0.weight | mean=0.000849, max=0.0309
[2026-03-08 01:16:03] INFO -   [Breakout] Computing Fisher/gradient at current global position...
[2026-03-08 01:17:05] INFO - HTCL: Fisher (task) after Breakout | global min=0.000000, max=0.1950, mean=0.000002, std=0.000318, nonzero=17.6%
[2026-03-08 01:17:05] INFO -   Top-1 Fisher layer: fc.2.bias | mean=0.124954, max=0.1950
[2026-03-08 01:17:05] INFO -   Top-2 Fisher layer: features.0.bias | mean=0.004283, max=0.0369
[2026-03-08 01:17:05] INFO -   Top-3 Fisher layer: features.4.bias | mean=0.003995, max=0.0810
[2026-03-08 01:17:05] INFO -   Top-4 Fisher layer: features.2.bias | mean=0.003138, max=0.0248
[2026-03-08 01:17:05] INFO -   Top-5 Fisher layer: fc.2.weight | mean=0.000393, max=0.0268
[2026-03-08 01:17:05] INFO -   [SpaceInvaders] Computing Fisher/gradient at current global position...
[2026-03-08 01:18:05] INFO - HTCL: Fisher (task) after SpaceInvaders | global min=0.000000, max=0.1806, mean=0.000002, std=0.000346, nonzero=26.2%
[2026-03-08 01:18:05] INFO -   Top-1 Fisher layer: fc.2.bias | mean=0.138778, max=0.1491
[2026-03-08 01:18:05] INFO -   Top-2 Fisher layer: features.4.bias | mean=0.010410, max=0.1806
[2026-03-08 01:18:05] INFO -   Top-3 Fisher layer: features.0.bias | mean=0.007799, max=0.0892
[2026-03-08 01:18:05] INFO -   Top-4 Fisher layer: features.2.bias | mean=0.005749, max=0.0717
[2026-03-08 01:18:05] INFO -   Top-5 Fisher layer: fc.0.bias | mean=0.000482, max=0.0307
[2026-03-08 01:18:05] INFO - HTCL: Fisher (cumulative) after round_1 | global min=0.000000, max=0.1649, mean=0.000004, std=0.000358, nonzero=25.7%
[2026-03-08 01:18:05] INFO -   Top-1 Fisher layer: fc.2.bias | mean=0.134153, max=0.1649
[2026-03-08 01:18:05] INFO -   Top-2 Fisher layer: features.4.bias | mean=0.010267, max=0.1193
[2026-03-08 01:18:05] INFO -   Top-3 Fisher layer: features.2.bias | mean=0.006898, max=0.0549
[2026-03-08 01:18:05] INFO -   Top-4 Fisher layer: features.0.bias | mean=0.006329, max=0.0840
[2026-03-08 01:18:05] INFO -   Top-5 Fisher layer: fc.2.weight | mean=0.000401, max=0.0215
[2026-03-08 01:18:05] INFO - HTCL: mu_min(H) = 0.000000 | Constraint: lambda > -0.000000 | Using lambda = 100.000000
[2026-03-08 01:18:05] INFO -   Round 2 | effective lambda = 100.0000
[2026-03-08 01:18:05] INFO -   Round 2 | update_norm=0.1495 | max_drift=57.4570
[2026-03-08 01:18:05] INFO - 
--- Round 3/3 (eta_k=0.225000) ---
[2026-03-08 01:18:05] INFO -   [Pong] Computing Fisher/gradient at current global position...
[2026-03-08 01:19:06] INFO - HTCL: Fisher (task) after Pong | global min=0.000000, max=0.2457, mean=0.000003, std=0.000470, nonzero=6.6%
[2026-03-08 01:19:06] INFO -   Top-1 Fisher layer: fc.2.bias | mean=0.138708, max=0.1528
[2026-03-08 01:19:06] INFO -   Top-2 Fisher layer: features.4.bias | mean=0.018673, max=0.2457
[2026-03-08 01:19:06] INFO -   Top-3 Fisher layer: features.2.bias | mean=0.015544, max=0.1044
[2026-03-08 01:19:06] INFO -   Top-4 Fisher layer: fc.2.weight | mean=0.000483, max=0.0233
[2026-03-08 01:19:06] INFO -   Top-5 Fisher layer: fc.0.bias | mean=0.000357, max=0.0320
[2026-03-08 01:19:06] INFO -   [Breakout] Computing Fisher/gradient at current global position...
[2026-03-08 01:20:11] INFO - HTCL: Fisher (task) after Breakout | global min=0.000000, max=0.1936, mean=0.000002, std=0.000315, nonzero=17.7%
[2026-03-08 01:20:11] INFO -   Top-1 Fisher layer: fc.2.bias | mean=0.124968, max=0.1936
[2026-03-08 01:20:11] INFO -   Top-2 Fisher layer: features.4.bias | mean=0.004457, max=0.0810
[2026-03-08 01:20:11] INFO -   Top-3 Fisher layer: features.2.bias | mean=0.003969, max=0.0284
[2026-03-08 01:20:11] INFO -   Top-4 Fisher layer: features.0.bias | mean=0.003285, max=0.0377
[2026-03-08 01:20:11] INFO -   Top-5 Fisher layer: fc.2.weight | mean=0.000407, max=0.0275
[2026-03-08 01:20:11] INFO -   [SpaceInvaders] Computing Fisher/gradient at current global position...
[2026-03-08 01:21:11] INFO - HTCL: Fisher (task) after SpaceInvaders | global min=0.000000, max=0.2065, mean=0.000002, std=0.000366, nonzero=26.3%
[2026-03-08 01:21:11] INFO -   Top-1 Fisher layer: fc.2.bias | mean=0.138783, max=0.1497
[2026-03-08 01:21:11] INFO -   Top-2 Fisher layer: features.4.bias | mean=0.011729, max=0.2065
[2026-03-08 01:21:11] INFO -   Top-3 Fisher layer: features.0.bias | mean=0.008844, max=0.1025
[2026-03-08 01:21:11] INFO -   Top-4 Fisher layer: features.2.bias | mean=0.006478, max=0.0816
[2026-03-08 01:21:11] INFO -   Top-5 Fisher layer: fc.0.bias | mean=0.000506, max=0.0320
[2026-03-08 01:21:11] INFO - HTCL: Fisher (cumulative) after round_2 | global min=0.000000, max=0.1654, mean=0.000002, std=0.000346, nonzero=25.7%
[2026-03-08 01:21:11] INFO -   Top-1 Fisher layer: fc.2.bias | mean=0.134153, max=0.1654
[2026-03-08 01:21:11] INFO -   Top-2 Fisher layer: features.4.bias | mean=0.011620, max=0.1332
[2026-03-08 01:21:11] INFO -   Top-3 Fisher layer: features.2.bias | mean=0.008664, max=0.0707
[2026-03-08 01:21:11] INFO -   Top-4 Fisher layer: features.0.bias | mean=0.004121, max=0.0424
[2026-03-08 01:21:11] INFO -   Top-5 Fisher layer: fc.2.weight | mean=0.000415, max=0.0222
[2026-03-08 01:21:11] INFO - HTCL: mu_min(H) = 0.000000 | Constraint: lambda > -0.000000 | Using lambda = 100.000000
[2026-03-08 01:21:11] INFO -   Round 3 | effective lambda = 100.0000
[2026-03-08 01:21:11] INFO -   Round 3 | update_norm=0.0523 | max_drift=57.4588
[2026-03-08 01:21:11] INFO - Multi-Round Joint Consolidation complete.
[2026-03-08 01:21:11] INFO - Iterative model saved to results/checkpoints/default/consolidated_iterative.pt
[2026-03-08 01:21:11] INFO - Iterative: Fisher log saved to results/checkpoints/default/iterative_fisher_log.json
[2026-03-08 01:21:11] INFO - Consolidated model param norm: 38.6527
[2026-03-08 01:21:11] INFO - Total consolidation time (iterative): 1008.7s
[2026-03-08 09:53:44] INFO - Consolidation method: iterative
[2026-03-08 09:53:44] INFO - Device: cuda
[2026-03-08 09:53:44] INFO - Debug: False
[2026-03-08 09:53:44] INFO - Tag: default
[2026-03-08 09:53:44] INFO - Config: configs/base.yaml
[2026-03-08 09:53:44] INFO - Task sequence: ['BreakoutNoFrameskip-v4', 'SpaceInvadersNoFrameskip-v4', 'PongNoFrameskip-v4']
[2026-03-08 09:53:45] INFO - Union action space: [0, 1, 3, 4, 11, 12] (6 actions)
[2026-03-08 09:53:45] INFO - Iterative config: lambda=100.0, eta_0=0.9, gamma=0.9, num_rounds=10, fisher_samples=20000, recompute_fisher=False
[2026-03-08 09:53:45] INFO - Loading expert checkpoints and collecting replay data...
[2026-03-08 10:02:40] INFO - Loaded 3 expert models in 535.7s.
[2026-03-08 10:02:40] INFO -   Pong: best_reward=20.20, valid_actions=[0, 1, 2, 3, 4, 5], buffer_size=100000
[2026-03-08 10:02:40] INFO -   Breakout: best_reward=386.30, valid_actions=[0, 1, 2, 3], buffer_size=100000
[2026-03-08 10:02:40] INFO -   SpaceInvaders: best_reward=1162.50, valid_actions=[0, 1, 2, 3, 4, 5], buffer_size=100000
[2026-03-08 10:02:40] INFO - Filtering replay buffers to top-50000 high-confidence states per expert...
[2026-03-08 10:02:45] INFO -   Pong: 50000 states filtered from 100000 raw transitions
[2026-03-08 10:02:49] INFO -   Breakout: 50000 states filtered from 100000 raw transitions
[2026-03-08 10:02:53] INFO -   SpaceInvaders: 50000 states filtered from 100000 raw transitions
[2026-03-08 10:02:53] INFO - Initialising global model at ensemble-mean anchor (Algorithm 1, line 1)...
[2026-03-08 10:02:53] INFO - Starting Multi-Round Joint Consolidation (lambda_bar=233.3, per_task={'Pong': 500.0, 'Breakout': 100.0, 'SpaceInvaders': 100.0}, eta_0=0.9, gamma=0.9, K=10, N=3, recompute_fisher=False)...
[2026-03-08 10:02:53] INFO - Computing Fisher/gradient ONCE at initial anchor (recompute_fisher=false; each task seen once)...
[2026-03-08 10:02:53] INFO -   [Pong] Computing Fisher/gradient...
[2026-03-08 10:04:17] INFO -   [Breakout] Computing Fisher/gradient...
[2026-03-08 10:05:39] INFO -   [SpaceInvaders] Computing Fisher/gradient...
[2026-03-08 10:07:09] INFO - HTCL: mu_min(H) = 0.000000 | Constraint: lambda > -0.000000 | Using lambda = 233.333333
[2026-03-08 10:07:09] INFO - 
--- Round 1/10 (eta_k=0.900000) ---
[2026-03-08 10:07:09] INFO -   Round 1 | effective lambda = 233.3333
[2026-03-08 10:07:09] INFO -   Round 1 | update_norm=25.2674 | max_drift=57.4535
[2026-03-08 10:07:09] INFO - 
--- Round 2/10 (eta_k=0.810000) ---
[2026-03-08 10:07:09] INFO -   Round 2 | effective lambda = 233.3333
[2026-03-08 10:07:09] INFO -   Round 2 | update_norm=2.3162 | max_drift=73.1679
[2026-03-08 10:07:09] INFO - 
--- Round 3/10 (eta_k=0.729000) ---
[2026-03-08 10:07:09] INFO -   Round 3 | effective lambda = 233.3333
[2026-03-08 10:07:09] INFO -   Round 3 | update_norm=0.4098 | max_drift=74.8588
[2026-03-08 10:07:09] INFO - 
--- Round 4/10 (eta_k=0.656100) ---
[2026-03-08 10:07:09] INFO -   Round 4 | effective lambda = 233.3333
[2026-03-08 10:07:09] INFO -   Round 4 | update_norm=0.1048 | max_drift=75.1550
[2026-03-08 10:07:09] INFO - 
--- Round 5/10 (eta_k=0.590490) ---
[2026-03-08 10:07:09] INFO -   Round 5 | effective lambda = 233.3333
[2026-03-08 10:07:09] INFO -   Round 5 | update_norm=0.0343 | max_drift=75.2284
[2026-03-08 10:07:09] INFO - 
--- Round 6/10 (eta_k=0.531441) ---
[2026-03-08 10:07:09] INFO -   Round 6 | effective lambda = 233.3333
[2026-03-08 10:07:09] INFO -   Round 6 | update_norm=0.0134 | max_drift=75.2514
[2026-03-08 10:07:09] INFO - 
--- Round 7/10 (eta_k=0.478297) ---
[2026-03-08 10:07:09] INFO -   Round 7 | effective lambda = 233.3333
[2026-03-08 10:07:09] INFO -   Round 7 | update_norm=0.0060 | max_drift=75.2600
[2026-03-08 10:07:09] INFO - 
--- Round 8/10 (eta_k=0.430467) ---
[2026-03-08 10:07:09] INFO -   Round 8 | effective lambda = 233.3333
[2026-03-08 10:07:09] INFO -   Round 8 | update_norm=0.0030 | max_drift=75.2637
[2026-03-08 10:07:09] INFO - 
--- Round 9/10 (eta_k=0.387420) ---
[2026-03-08 10:07:09] INFO -   Round 9 | effective lambda = 233.3333
[2026-03-08 10:07:09] INFO -   Round 9 | update_norm=0.0016 | max_drift=75.2654
[2026-03-08 10:07:09] INFO - 
--- Round 10/10 (eta_k=0.348678) ---
[2026-03-08 10:07:09] INFO -   Round 10 | effective lambda = 233.3333
[2026-03-08 10:07:09] INFO -   Round 10 | update_norm=0.0009 | max_drift=75.2663
[2026-03-08 10:07:09] INFO - Multi-Round Joint Consolidation complete.
[2026-03-08 10:07:09] INFO - Iterative model saved to results/checkpoints/default/consolidated_iterative.pt
[2026-03-08 10:07:09] INFO - Consolidated model param norm: 41.4877
[2026-03-08 10:07:09] INFO - Total consolidation time (iterative): 804.6s
