[2026-02-23 22:40:28] INFO - Consolidation method: htcl
[2026-02-23 22:40:28] INFO - Device: cuda
[2026-02-23 22:40:28] INFO - Debug: False
[2026-02-23 22:40:28] INFO - Tag: default
[2026-02-23 22:40:28] INFO - Config: configs/base.yaml
[2026-02-23 22:40:28] INFO - Task sequence: ['PongNoFrameskip-v4', 'BreakoutNoFrameskip-v4', 'SpaceInvadersNoFrameskip-v4']
[2026-02-23 22:40:28] INFO - HTCL config: lambda=1.0, lambda_auto=True, fisher_samples=2000, catch_up_iters=2, eta=0.9
[2026-02-23 22:40:28] INFO - Loading expert checkpoints and collecting replay data...
A.L.E: Arcade Learning Environment (version 0.11.2+ecc1138)
[Powered by Stella]
[2026-02-23 22:41:25] INFO - Loaded 3 expert models in 57.1s.
[2026-02-23 22:41:25] INFO -   Pong: best_reward=-0.70, valid_actions=[0, 1, 3, 4, 11, 12], buffer_size=10000
[2026-02-23 22:41:25] INFO -   Breakout: best_reward=80.90, valid_actions=[0, 1, 3, 4], buffer_size=10000
[2026-02-23 22:41:25] INFO -   SpaceInvaders: best_reward=762.50, valid_actions=[0, 1, 3, 4, 11, 12], buffer_size=10000
[2026-02-23 22:41:25] INFO - Initializing global model as parameter average of experts...
[2026-02-23 22:41:25] INFO - Global model param norm: 43.6936
[2026-02-23 22:41:25] INFO - Starting HTCL consolidation...
[2026-02-23 22:41:25] INFO - HTCL: Consolidating task 1/3 (Pong)...
[2026-02-23 22:41:25] INFO - HTCL: mu_min(H) = 0.000000 | Constraint: lambda > -0.000000 | Using lambda = 1.000000
[2026-02-23 22:41:25] INFO - HTCL: Catch-up iteration 1/2 for Pong
[2026-02-23 22:41:25] INFO - HTCL: Catch-up iteration 2/2 for Pong
[2026-02-23 22:41:25] INFO - HTCL: Consolidating task 2/3 (Breakout)...
[2026-02-23 22:41:26] INFO - HTCL: mu_min(H) = 0.000000 | Constraint: lambda > -0.000000 | Using lambda = 1.000000
[2026-02-23 22:41:26] INFO - HTCL: Catch-up iteration 1/2 for Breakout
[2026-02-23 22:41:26] INFO - HTCL: Catch-up iteration 2/2 for Breakout
[2026-02-23 22:41:26] INFO - HTCL: Consolidating task 3/3 (SpaceInvaders)...
[2026-02-23 22:41:26] INFO - HTCL: mu_min(H) = 0.000000 | Constraint: lambda > -0.000000 | Using lambda = 1.000000
[2026-02-23 22:41:27] INFO - HTCL: Catch-up iteration 1/2 for SpaceInvaders
[2026-02-23 22:41:27] INFO - HTCL: Catch-up iteration 2/2 for SpaceInvaders
[2026-02-23 22:41:27] INFO - HTCL consolidation complete.
[2026-02-23 22:41:27] INFO - Consolidated model param norm: 49.6946 (delta: +6.0010)
[2026-02-23 22:41:27] INFO -   Weight drift [features]: 20.985041
[2026-02-23 22:41:27] INFO -   Weight drift [fc]: 22.636030
[2026-02-23 22:41:27] INFO - Consolidated model saved to results/checkpoints/default/consolidated_htcl.pt
[2026-02-23 22:41:27] INFO - Total consolidation time (htcl): 59.2s
Collecting 10000 replay samples for Pong...
Collecting 10000 replay samples for Breakout...
Collecting 10000 replay samples for SpaceInvaders...
