A.L.E: Arcade Learning Environment (version 0.11.2+ecc1138)
[Powered by Stella]

============================================================
Evaluating Expert Models
============================================================
  Expert (Pong) on Pong: -3.40 +/- 5.66
  Expert (Breakout) on Breakout: 93.33 +/- 45.78
  Expert (SpaceInvaders) on SpaceInvaders: 847.50 +/- 274.33

============================================================
Evaluating EWC Consolidated Model
============================================================
  EWC on Pong: -21.00 +/- 0.00
  EWC on Breakout: 3.13 +/- 2.63
  EWC on SpaceInvaders: 285.00 +/- 0.00

============================================================
Evaluating Distillation Consolidated Model
============================================================
  Distillation on Pong: -8.00 +/- 6.13
  Distillation on Breakout: 6.80 +/- 2.34
  Distillation on SpaceInvaders: 529.33 +/- 250.34

============================================================
Evaluating HTCL Consolidated Model
============================================================
  HTCL on Pong: -21.00 +/- 0.00
  HTCL on Breakout: 0.00 +/- 0.00
  HTCL on SpaceInvaders: 285.00 +/- 0.00

Generating comparison plots...
Saved comparison plot to results/figures/comparison_bar.png/.svg
Saved heatmap to results/figures/performance_heatmap.png/.svg

Numerical results saved to results/figures/comparison_results_default.json

================================================================================
COMPARISON SUMMARY
================================================================================
Method                         Pong       Breakout   SpaceInvaders        Average
--------------------------------------------------------------------------------
Expert                        -3.40          93.33         847.50         312.48
EWC                          -21.00           3.13         285.00          89.04
Distillation                  -8.00           6.80         529.33         176.04
HTCL                         -21.00           0.00         285.00          88.00
================================================================================
