[2026-03-02 14:06:02] INFO - Consolidation method: distillation
[2026-03-02 14:06:02] INFO - Device: cuda
[2026-03-02 14:06:02] INFO - Debug: False
[2026-03-02 14:06:02] INFO - Tag: default
[2026-03-02 14:06:02] INFO - Config: configs/base.yaml
[2026-03-02 14:06:02] INFO - Task sequence: ['PongNoFrameskip-v4', 'BreakoutNoFrameskip-v4', 'SpaceInvadersNoFrameskip-v4']
A.L.E: Arcade Learning Environment (version 0.11.2+ecc1138)
[Powered by Stella]
[2026-03-02 14:06:03] INFO - Union action space: [0, 1, 3, 4, 11, 12] (6 actions)
[2026-03-02 14:06:03] INFO - Distillation config: temperature=2.0, alpha=0.5, epochs=50, lr=5e-05, batch_size=64
[2026-03-02 14:06:03] INFO - Loading expert checkpoints and collecting replay data...
[2026-03-02 14:06:47] INFO - Loaded 3 expert models in 44.1s.
[2026-03-02 14:06:47] INFO -   Pong: best_reward=20.20, valid_actions=[0, 1, 2, 3, 4, 5], buffer_size=10000
[2026-03-02 14:06:47] INFO -   Breakout: best_reward=386.30, valid_actions=[0, 1, 2, 3], buffer_size=10000
[2026-03-02 14:06:47] INFO -   SpaceInvaders: best_reward=1162.50, valid_actions=[0, 1, 2, 3, 4, 5], buffer_size=10000
[2026-03-02 14:06:47] INFO - Initializing global model as parameter average of experts...
[2026-03-02 14:06:47] INFO - Global model param norm: 38.5809
[2026-03-02 14:06:47] INFO - Starting Knowledge Distillation consolidation...
[2026-03-02 14:06:51] INFO - Task Pong: Q-value stats mean=0.634, std=0.334
[2026-03-02 14:06:52] INFO - Task Breakout: Q-value stats mean=3.515, std=0.745
[2026-03-02 14:06:52] INFO - Task SpaceInvaders: Q-value stats mean=4.037, std=1.837
[2026-03-02 14:07:05] INFO - Distillation epoch 5/50 | Avg loss: 0.014501
[2026-03-02 14:07:17] INFO - Distillation epoch 10/50 | Avg loss: 0.006742
[2026-03-02 14:07:29] INFO - Distillation epoch 15/50 | Avg loss: 0.005288
[2026-03-02 14:07:42] INFO - Distillation epoch 20/50 | Avg loss: 0.003937
[2026-03-02 14:07:54] INFO - Distillation epoch 25/50 | Avg loss: 0.003467
[2026-03-02 14:08:06] INFO - Distillation epoch 30/50 | Avg loss: 0.002938
[2026-03-02 14:08:18] INFO - Distillation epoch 35/50 | Avg loss: 0.002620
[2026-03-02 14:08:35] INFO - Distillation epoch 40/50 | Avg loss: 0.002299
[2026-03-02 14:08:47] INFO - Distillation epoch 45/50 | Avg loss: 0.001992
[2026-03-02 14:09:01] INFO - Distillation epoch 50/50 | Avg loss: 0.001787
[2026-03-02 14:09:01] INFO - Knowledge Distillation consolidation complete.
[2026-03-02 14:09:01] INFO - Consolidated model param norm: 42.2955 (delta: +3.7146)
[2026-03-02 14:09:01] INFO -   Weight drift [features]: 10.690052
[2026-03-02 14:09:01] INFO -   Weight drift [fc]: 17.763818
[2026-03-02 14:09:01] INFO - Consolidated model saved to results/checkpoints/default/consolidated_distillation.pt
[2026-03-02 14:09:01] INFO - Total consolidation time (distillation): 178.1s
Collecting 10000 replay samples for Pong...
Collecting 10000 replay samples for Breakout...
Collecting 10000 replay samples for SpaceInvaders...
