[2026-03-02 14:06:00] ============================================================
[2026-03-02 14:06:00]  CRL-Atari  Consolidation Pipeline
[2026-03-02 14:06:00] ============================================================
[2026-03-02 14:06:00]  Tag:    default
[2026-03-02 14:06:00]  Config: configs/base.yaml
[2026-03-02 14:06:00]  Debug:  off
[2026-03-02 14:06:00]  Device: auto
[2026-03-02 14:06:00]  Log:    results/logs/consolidate_default_20260302_140600
[2026-03-02 14:06:00] ============================================================
[2026-03-02 14:06:00] ──── Step 1/3: Consolidation ────
[2026-03-02 14:06:00] --- Knowledge Distillation ---
[2026-03-02 14:06:00] START: 01a_distillation
[2026-03-02 14:06:00] CMD: python scripts/consolidate.py --method distillation --config configs/base.yaml --tag default
[2026-03-02 14:06:02] INFO - Consolidation method: distillation
[2026-03-02 14:06:02] INFO - Device: cuda
[2026-03-02 14:06:02] INFO - Debug: False
[2026-03-02 14:06:02] INFO - Tag: default
[2026-03-02 14:06:02] INFO - Config: configs/base.yaml
[2026-03-02 14:06:02] INFO - Task sequence: ['PongNoFrameskip-v4', 'BreakoutNoFrameskip-v4', 'SpaceInvadersNoFrameskip-v4']
A.L.E: Arcade Learning Environment (version 0.11.2+ecc1138)
[Powered by Stella]
[2026-03-02 14:06:03] INFO - Union action space: [0, 1, 3, 4, 11, 12] (6 actions)
[2026-03-02 14:06:03] INFO - Distillation config: temperature=2.0, alpha=0.5, epochs=50, lr=5e-05, batch_size=64
[2026-03-02 14:06:03] INFO - Loading expert checkpoints and collecting replay data...
[2026-03-02 14:06:47] INFO - Loaded 3 expert models in 44.1s.
[2026-03-02 14:06:47] INFO -   Pong: best_reward=20.20, valid_actions=[0, 1, 2, 3, 4, 5], buffer_size=10000
[2026-03-02 14:06:47] INFO -   Breakout: best_reward=386.30, valid_actions=[0, 1, 2, 3], buffer_size=10000
[2026-03-02 14:06:47] INFO -   SpaceInvaders: best_reward=1162.50, valid_actions=[0, 1, 2, 3, 4, 5], buffer_size=10000
[2026-03-02 14:06:47] INFO - Initializing global model as parameter average of experts...
[2026-03-02 14:06:47] INFO - Global model param norm: 38.5809
[2026-03-02 14:06:47] INFO - Starting Knowledge Distillation consolidation...
[2026-03-02 14:06:51] INFO - Task Pong: Q-value stats mean=0.634, std=0.334
[2026-03-02 14:06:52] INFO - Task Breakout: Q-value stats mean=3.515, std=0.745
[2026-03-02 14:06:52] INFO - Task SpaceInvaders: Q-value stats mean=4.037, std=1.837
[2026-03-02 14:07:05] INFO - Distillation epoch 5/50 | Avg loss: 0.014501
[2026-03-02 14:07:17] INFO - Distillation epoch 10/50 | Avg loss: 0.006742
[2026-03-02 14:07:29] INFO - Distillation epoch 15/50 | Avg loss: 0.005288
[2026-03-02 14:07:42] INFO - Distillation epoch 20/50 | Avg loss: 0.003937
[2026-03-02 14:07:54] INFO - Distillation epoch 25/50 | Avg loss: 0.003467
[2026-03-02 14:08:06] INFO - Distillation epoch 30/50 | Avg loss: 0.002938
[2026-03-02 14:08:18] INFO - Distillation epoch 35/50 | Avg loss: 0.002620
[2026-03-02 14:08:35] INFO - Distillation epoch 40/50 | Avg loss: 0.002299
[2026-03-02 14:08:47] INFO - Distillation epoch 45/50 | Avg loss: 0.001992
[2026-03-02 14:09:01] INFO - Distillation epoch 50/50 | Avg loss: 0.001787
[2026-03-02 14:09:01] INFO - Knowledge Distillation consolidation complete.
[2026-03-02 14:09:01] INFO - Consolidated model param norm: 42.2955 (delta: +3.7146)
[2026-03-02 14:09:01] INFO -   Weight drift [features]: 10.690052
[2026-03-02 14:09:01] INFO -   Weight drift [fc]: 17.763818
[2026-03-02 14:09:01] INFO - Consolidated model saved to results/checkpoints/default/consolidated_distillation.pt
[2026-03-02 14:09:01] INFO - Total consolidation time (distillation): 178.1s
Collecting 10000 replay samples for Pong...
Collecting 10000 replay samples for Breakout...
Collecting 10000 replay samples for SpaceInvaders...
[2026-03-02 14:09:03] DONE: 01a_distillation

[2026-03-02 14:09:03] --- HTCL ---
[2026-03-02 14:09:03] START: 01b_htcl
[2026-03-02 14:09:03] CMD: python scripts/consolidate.py --method htcl --config configs/base.yaml --tag default
[2026-03-02 14:09:21] INFO - Consolidation method: htcl
[2026-03-02 14:09:21] INFO - Device: cuda
[2026-03-02 14:09:21] INFO - Debug: False
[2026-03-02 14:09:21] INFO - Tag: default
[2026-03-02 14:09:21] INFO - Config: configs/base.yaml
[2026-03-02 14:09:21] INFO - Task sequence: ['PongNoFrameskip-v4', 'BreakoutNoFrameskip-v4', 'SpaceInvadersNoFrameskip-v4']
A.L.E: Arcade Learning Environment (version 0.11.2+ecc1138)
[Powered by Stella]
[2026-03-02 14:09:22] INFO - Union action space: [0, 1, 3, 4, 11, 12] (6 actions)
[2026-03-02 14:09:22] INFO - HTCL config: lambda=200000.0, lambda_auto=False, fisher_samples=2000, catch_up_iters=10, eta=0.9
[2026-03-02 14:09:22] INFO - Loading expert checkpoints and collecting replay data...
[2026-03-02 14:10:07] INFO - Loaded 3 expert models in 45.1s.
[2026-03-02 14:10:07] INFO -   Pong: best_reward=20.20, valid_actions=[0, 1, 2, 3, 4, 5], buffer_size=10000
[2026-03-02 14:10:07] INFO -   Breakout: best_reward=386.30, valid_actions=[0, 1, 2, 3], buffer_size=10000
[2026-03-02 14:10:07] INFO -   SpaceInvaders: best_reward=1162.50, valid_actions=[0, 1, 2, 3, 4, 5], buffer_size=10000
[2026-03-02 14:10:07] INFO - Initializing global model as parameter average of experts...
[2026-03-02 14:10:07] INFO - Global model param norm: 38.5809
[2026-03-02 14:10:07] INFO - Starting HTCL consolidation...
[2026-03-02 14:10:07] INFO - HTCL: Consolidating task 1/3 (Pong)...
[2026-03-02 14:10:10] INFO - HTCL: Fisher (task) after Pong | global min=0.000000, max=0.1585, mean=0.000003, std=0.000380, nonzero=6.7%
[2026-03-02 14:10:10] INFO -   Top-1 Fisher layer: fc.2.bias | mean=0.138776, max=0.1463
[2026-03-02 14:10:10] INFO -   Top-2 Fisher layer: features.4.bias | mean=0.013196, max=0.1585
[2026-03-02 14:10:10] INFO -   Top-3 Fisher layer: features.2.bias | mean=0.010595, max=0.0919
[2026-03-02 14:10:10] INFO -   Top-4 Fisher layer: fc.2.weight | mean=0.000390, max=0.0171
[2026-03-02 14:10:10] INFO -   Top-5 Fisher layer: fc.0.bias | mean=0.000346, max=0.0250
[2026-03-02 14:10:10] INFO - HTCL: Fisher (cumulative) after Pong | global min=0.000000, max=0.1585, mean=0.000003, std=0.000380, nonzero=6.7%
[2026-03-02 14:10:10] INFO -   Top-1 Fisher layer: fc.2.bias | mean=0.138776, max=0.1463
[2026-03-02 14:10:10] INFO -   Top-2 Fisher layer: features.4.bias | mean=0.013196, max=0.1585
[2026-03-02 14:10:10] INFO -   Top-3 Fisher layer: features.2.bias | mean=0.010595, max=0.0919
[2026-03-02 14:10:10] INFO -   Top-4 Fisher layer: fc.2.weight | mean=0.000390, max=0.0171
[2026-03-02 14:10:10] INFO -   Top-5 Fisher layer: fc.0.bias | mean=0.000346, max=0.0250
[2026-03-02 14:10:11] INFO - HTCL: mu_min(H) = 0.000000 | Constraint: lambda > -0.000000 | Using lambda = 200000.000000
[2026-03-02 14:10:11] INFO - HTCL: Task 1 (Pong) | effective_lambda = 200000.00
[2026-03-02 14:10:11] INFO - HTCL: Pong | expert_drift_norm = 49.0970 | update_norm = 44.1873
[2026-03-02 14:10:11] INFO - HTCL: Catch-up iteration 1/10 for Pong
[2026-03-02 14:10:11] INFO - HTCL: Catch-up iteration 2/10 for Pong
[2026-03-02 14:10:11] INFO - HTCL: Catch-up iteration 3/10 for Pong
[2026-03-02 14:10:11] INFO - HTCL: Catch-up iteration 4/10 for Pong
[2026-03-02 14:10:11] INFO - HTCL: Catch-up iteration 5/10 for Pong
[2026-03-02 14:10:11] INFO - HTCL: Catch-up iteration 6/10 for Pong
[2026-03-02 14:10:12] INFO - HTCL: Catch-up iteration 7/10 for Pong
[2026-03-02 14:10:12] INFO - HTCL: Catch-up iteration 8/10 for Pong
[2026-03-02 14:10:12] INFO - HTCL: Catch-up iteration 9/10 for Pong
[2026-03-02 14:10:12] INFO - HTCL: Catch-up iteration 10/10 for Pong
[2026-03-02 14:10:12] INFO - HTCL: Consolidating task 2/3 (Breakout)...
[2026-03-02 14:10:14] INFO - HTCL: Fisher (task) after Breakout | global min=0.000000, max=1.3383, mean=0.000012, std=0.002949, nonzero=7.5%
[2026-03-02 14:10:14] INFO -   Top-1 Fisher layer: fc.2.bias | mean=0.124762, max=0.1995
[2026-03-02 14:10:14] INFO -   Top-2 Fisher layer: fc.2.weight | mean=0.005912, max=1.3383
[2026-03-02 14:10:14] INFO -   Top-3 Fisher layer: features.0.bias | mean=0.000968, max=0.0127
[2026-03-02 14:10:15] INFO -   Top-4 Fisher layer: features.2.bias | mean=0.000456, max=0.0015
[2026-03-02 14:10:15] INFO -   Top-5 Fisher layer: features.4.bias | mean=0.000279, max=0.0032
[2026-03-02 14:10:15] INFO - HTCL: Fisher (cumulative) after Breakout | global min=0.000000, max=1.3383, mean=0.000015, std=0.003002, nonzero=13.7%
[2026-03-02 14:10:15] INFO -   Top-1 Fisher layer: fc.2.bias | mean=0.263538, max=0.3449
[2026-03-02 14:10:15] INFO -   Top-2 Fisher layer: features.4.bias | mean=0.013475, max=0.1585
[2026-03-02 14:10:15] INFO -   Top-3 Fisher layer: features.2.bias | mean=0.011051, max=0.0927
[2026-03-02 14:10:15] INFO -   Top-4 Fisher layer: fc.2.weight | mean=0.006302, max=1.3383
[2026-03-02 14:10:15] INFO -   Top-5 Fisher layer: features.0.bias | mean=0.001240, max=0.0154
[2026-03-02 14:10:15] INFO - HTCL: mu_min(H) = 0.000000 | Constraint: lambda > -0.000000 | Using lambda = 200000.000000
[2026-03-02 14:10:15] INFO - HTCL: Task 2 (Breakout) | effective_lambda = 200000.00
[2026-03-02 14:10:15] INFO - HTCL: Breakout | expert_drift_norm = 86.2732 | update_norm = 77.6459
[2026-03-02 14:10:15] INFO - HTCL: Catch-up iteration 1/10 for Breakout
[2026-03-02 14:10:15] INFO - HTCL: Catch-up iteration 2/10 for Breakout
[2026-03-02 14:10:15] INFO - HTCL: Catch-up iteration 3/10 for Breakout
[2026-03-02 14:10:15] INFO - HTCL: Catch-up iteration 4/10 for Breakout
[2026-03-02 14:10:16] INFO - HTCL: Catch-up iteration 5/10 for Breakout
[2026-03-02 14:10:16] INFO - HTCL: Catch-up iteration 6/10 for Breakout
[2026-03-02 14:10:16] INFO - HTCL: Catch-up iteration 7/10 for Breakout
[2026-03-02 14:10:16] INFO - HTCL: Catch-up iteration 8/10 for Breakout
[2026-03-02 14:10:16] INFO - HTCL: Catch-up iteration 9/10 for Breakout
[2026-03-02 14:10:16] INFO - HTCL: Catch-up iteration 10/10 for Breakout
[2026-03-02 14:10:16] INFO - HTCL: Consolidating task 3/3 (SpaceInvaders)...
[2026-03-02 14:10:19] INFO - HTCL: Fisher (task) after SpaceInvaders | global min=0.000000, max=2.8075, mean=0.000093, std=0.006241, nonzero=29.1%
[2026-03-02 14:10:19] INFO -   Top-1 Fisher layer: features.0.bias | mean=0.285900, max=2.8075
[2026-03-02 14:10:19] INFO -   Top-2 Fisher layer: fc.2.bias | mean=0.127284, max=0.1839
[2026-03-02 14:10:19] INFO -   Top-3 Fisher layer: features.4.bias | mean=0.042259, max=1.1735
[2026-03-02 14:10:19] INFO -   Top-4 Fisher layer: fc.2.weight | mean=0.035797, max=1.0674
[2026-03-02 14:10:19] INFO -   Top-5 Fisher layer: features.2.bias | mean=0.032909, max=0.0985
[2026-03-02 14:10:19] INFO - HTCL: Fisher (cumulative) after SpaceInvaders | global min=0.000000, max=2.8076, mean=0.000108, std=0.007291, nonzero=35.3%
[2026-03-02 14:10:19] INFO -   Top-1 Fisher layer: fc.2.bias | mean=0.390822, max=0.5256
[2026-03-02 14:10:19] INFO -   Top-2 Fisher layer: features.0.bias | mean=0.287140, max=2.8076
[2026-03-02 14:10:19] INFO -   Top-3 Fisher layer: features.4.bias | mean=0.055735, max=1.2906
[2026-03-02 14:10:19] INFO -   Top-4 Fisher layer: features.2.bias | mean=0.043960, max=0.1329
[2026-03-02 14:10:19] INFO -   Top-5 Fisher layer: fc.2.weight | mean=0.042099, max=1.7530
[2026-03-02 14:10:19] INFO - HTCL: mu_min(H) = 0.000000 | Constraint: lambda > -0.000000 | Using lambda = 200000.000000
[2026-03-02 14:10:19] INFO - HTCL: Task 3 (SpaceInvaders) | effective_lambda = 200000.00
[2026-03-02 14:10:19] INFO - HTCL: SpaceInvaders | expert_drift_norm = 100.5696 | update_norm = 90.5127
[2026-03-02 14:10:19] INFO - HTCL: Catch-up iteration 1/10 for SpaceInvaders
[2026-03-02 14:10:19] INFO - HTCL: Catch-up iteration 2/10 for SpaceInvaders
[2026-03-02 14:10:19] INFO - HTCL: Catch-up iteration 3/10 for SpaceInvaders
[2026-03-02 14:10:20] INFO - HTCL: Catch-up iteration 4/10 for SpaceInvaders
[2026-03-02 14:10:20] INFO - HTCL: Catch-up iteration 5/10 for SpaceInvaders
[2026-03-02 14:10:20] INFO - HTCL: Catch-up iteration 6/10 for SpaceInvaders
[2026-03-02 14:10:20] INFO - HTCL: Catch-up iteration 7/10 for SpaceInvaders
[2026-03-02 14:10:20] INFO - HTCL: Catch-up iteration 8/10 for SpaceInvaders
[2026-03-02 14:10:20] INFO - HTCL: Catch-up iteration 9/10 for SpaceInvaders
[2026-03-02 14:10:20] INFO - HTCL: Catch-up iteration 10/10 for SpaceInvaders
[2026-03-02 14:10:20] INFO - HTCL consolidation complete.
[2026-03-02 14:10:21] INFO - HTCL: Fisher log saved to results/checkpoints/default/htcl_fisher_log.json
[2026-03-02 14:10:21] INFO - Consolidated model param norm: 74.7582 (delta: +36.1773)
[2026-03-02 14:10:21] INFO -   Weight drift [features]: 28.814289
[2026-03-02 14:10:21] INFO -   Weight drift [fc]: 62.992549
[2026-03-02 14:10:21] INFO - Consolidated model saved to results/checkpoints/default/consolidated_htcl.pt
[2026-03-02 14:10:21] INFO - Total consolidation time (htcl): 59.2s
Collecting 10000 replay samples for Pong...
Collecting 10000 replay samples for Breakout...
Collecting 10000 replay samples for SpaceInvaders...
[2026-03-02 14:10:22] DONE: 01b_htcl

[2026-03-02 14:10:22] ──── Step 2/3: Evaluation ────
[2026-03-02 14:10:22] Evaluating expert: Breakout
[2026-03-02 14:10:22] START: 02_eval_expert_Breakout
[2026-03-02 14:10:22] CMD: python scripts/evaluate.py --model-path results/checkpoints/default/expert_Breakout_best.pt --all-tasks --config configs/base.yaml --output results/figures/eval_expert_Breakout_default.json
A.L.E: Arcade Learning Environment (version 0.11.2+ecc1138)
[Powered by Stella]
Union action space: [0, 1, 3, 4, 11, 12] (6 actions)
Model loaded from results/checkpoints/default/expert_Breakout_best.pt
Device: cuda

Evaluating on PongNoFrameskip-v4...
  Pong: mean=-21.00 +/- 0.00 (min=-21.0, max=-21.0)

Evaluating on BreakoutNoFrameskip-v4...
  Breakout: mean=386.07 +/- 35.05 (min=316.0, max=405.0)

Evaluating on SpaceInvadersNoFrameskip-v4...
  SpaceInvaders: mean=41.67 +/- 30.64 (min=0.0, max=80.0)

Results saved to results/figures/eval_expert_Breakout_default.json
[2026-03-02 14:17:30] DONE: 02_eval_expert_Breakout

[2026-03-02 14:17:30] Evaluating expert: Pong
[2026-03-02 14:17:30] START: 02_eval_expert_Pong
[2026-03-02 14:17:30] CMD: python scripts/evaluate.py --model-path results/checkpoints/default/expert_Pong_best.pt --all-tasks --config configs/base.yaml --output results/figures/eval_expert_Pong_default.json
A.L.E: Arcade Learning Environment (version 0.11.2+ecc1138)
[Powered by Stella]
Union action space: [0, 1, 3, 4, 11, 12] (6 actions)
Model loaded from results/checkpoints/default/expert_Pong_best.pt
Device: cuda

Evaluating on PongNoFrameskip-v4...
  Pong: mean=19.80 +/- 0.79 (min=19.0, max=21.0)

Evaluating on BreakoutNoFrameskip-v4...
  Breakout: mean=0.00 +/- 0.00 (min=0.0, max=0.0)

Evaluating on SpaceInvadersNoFrameskip-v4...
  SpaceInvaders: mean=154.17 +/- 89.14 (min=40.0, max=275.0)

Results saved to results/figures/eval_expert_Pong_default.json
[2026-03-02 14:19:43] DONE: 02_eval_expert_Pong

[2026-03-02 14:19:43] Evaluating expert: SpaceInvaders
[2026-03-02 14:19:43] START: 02_eval_expert_SpaceInvaders
[2026-03-02 14:19:43] CMD: python scripts/evaluate.py --model-path results/checkpoints/default/expert_SpaceInvaders_best.pt --all-tasks --config configs/base.yaml --output results/figures/eval_expert_SpaceInvaders_default.json
A.L.E: Arcade Learning Environment (version 0.11.2+ecc1138)
[Powered by Stella]
Union action space: [0, 1, 3, 4, 11, 12] (6 actions)
Model loaded from results/checkpoints/default/expert_SpaceInvaders_best.pt
Device: cuda

Evaluating on PongNoFrameskip-v4...
  Pong: mean=-21.00 +/- 0.00 (min=-21.0, max=-21.0)

Evaluating on BreakoutNoFrameskip-v4...
  Breakout: mean=2.40 +/- 3.98 (min=0.0, max=9.0)

Evaluating on SpaceInvadersNoFrameskip-v4...
  SpaceInvaders: mean=1188.33 +/- 111.27 (min=995.0, max=1320.0)

Results saved to results/figures/eval_expert_SpaceInvaders_default.json
[2026-03-02 14:21:27] DONE: 02_eval_expert_SpaceInvaders

[2026-03-02 14:21:27] Evaluating consolidated: distillation
[2026-03-02 14:21:27] START: 02_eval_distillation
[2026-03-02 14:21:27] CMD: python scripts/evaluate.py --model-path results/checkpoints/default/consolidated_distillation.pt --all-tasks --config configs/base.yaml --output results/figures/eval_distillation_default.json
A.L.E: Arcade Learning Environment (version 0.11.2+ecc1138)
[Powered by Stella]
Union action space: [0, 1, 3, 4, 11, 12] (6 actions)
Model loaded from results/checkpoints/default/consolidated_distillation.pt
Device: cuda

Evaluating on PongNoFrameskip-v4...
  Pong: mean=-8.70 +/- 18.79 (min=-21.0, max=20.0)

Evaluating on BreakoutNoFrameskip-v4...
  Breakout: mean=2.40 +/- 3.98 (min=0.0, max=9.0)

Evaluating on SpaceInvadersNoFrameskip-v4...
  SpaceInvaders: mean=226.67 +/- 153.99 (min=125.0, max=565.0)

Results saved to results/figures/eval_distillation_default.json
[2026-03-02 14:22:48] DONE: 02_eval_distillation

[2026-03-02 14:22:48] Evaluating consolidated: htcl
[2026-03-02 14:22:48] START: 02_eval_htcl
[2026-03-02 14:22:48] CMD: python scripts/evaluate.py --model-path results/checkpoints/default/consolidated_htcl.pt --all-tasks --config configs/base.yaml --output results/figures/eval_htcl_default.json
A.L.E: Arcade Learning Environment (version 0.11.2+ecc1138)
[Powered by Stella]
Union action space: [0, 1, 3, 4, 11, 12] (6 actions)
Model loaded from results/checkpoints/default/consolidated_htcl.pt
Device: cuda

Evaluating on PongNoFrameskip-v4...
  Pong: mean=-21.00 +/- 0.00 (min=-21.0, max=-21.0)

Evaluating on BreakoutNoFrameskip-v4...
  Breakout: mean=2.40 +/- 3.98 (min=0.0, max=9.0)

Evaluating on SpaceInvadersNoFrameskip-v4...
  SpaceInvaders: mean=986.67 +/- 314.80 (min=570.0, max=1320.0)

Results saved to results/figures/eval_htcl_default.json
[2026-03-02 14:24:22] DONE: 02_eval_htcl

[2026-03-02 14:24:22] ──── Step 3/3: Comparison Plots ────
[2026-03-02 14:24:22] START: 03_compare
[2026-03-02 14:24:22] CMD: python scripts/compare.py --config configs/base.yaml --tag default
A.L.E: Arcade Learning Environment (version 0.11.2+ecc1138)
[Powered by Stella]

============================================================
Evaluating Expert Models
============================================================
  Expert (Pong): 19.80 ± 0.79
  Expert (Breakout): 386.07 ± 35.05
  Expert (SpaceInvaders): 1188.33 ± 111.27

============================================================
Evaluating Distillation Consolidated Model
============================================================
  Distillation on Pong: -16.90 ± 12.30
  Distillation on Breakout: 3.60 ± 4.41
  Distillation on SpaceInvaders: 265.33 ± 182.16

============================================================
Evaluating HTCL Consolidated Model
============================================================
  HTCL on Pong: -21.00 ± 0.00
  HTCL on Breakout: 2.40 ± 3.98
  HTCL on SpaceInvaders: 992.50 ± 279.39

Generating comparison visualisations...
  Saved → results/figures/{png,svg}/comparison_bar
  Saved → results/figures/{png,svg}/performance_heatmap
  Saved → results/figures/{png,svg}/reward_distributions
  Saved → results/figures/{png,svg}/radar_chart
  Saved → results/figures/{png,svg}/forgetting_gap
  Saved → results/figures/{png,svg}/relative_performance
  Saved → results/figures/{png,svg}/summary_table

Generating Fisher / Hessian diagnostic plots...
  Saved → results/figures/{png,svg}/fisher_global_stats
  Saved → results/figures/{png,svg}/fisher_layer_heatmap
  Saved → results/figures/{png,svg}/fisher_per_task_stats
  Fisher diagnostic plots saved to results/figures

Numerical results saved to results/figures/comparison_results_default.json

================================================================================
COMPARISON SUMMARY
================================================================================
Method                         Pong       Breakout   SpaceInvaders        Average
--------------------------------------------------------------------------------
Expert                        19.80         386.07        1188.33         531.40
Distillation                 -16.90           3.60         265.33          84.01
HTCL                         -21.00           2.40         992.50         324.63
================================================================================

Retention (% of Expert):
  Distillation          -85.4%     0.9%    22.3%  (avg -20.7%)
  HTCL                 -106.1%     0.6%    83.5%  (avg -7.3%)

LaTeX table:
\begin{tabular}{lcccc}
\toprule
Method & Pong & Breakout & SpaceInvaders & Average \\
\midrule
Expert & 19.8 & 386.1 & 1188.3 & 531.4 \\
Distillation & -16.9 & 3.6 & 265.3 & 84.0 \\
HTCL & -21.0 & 2.4 & 992.5 & 324.6 \\
\bottomrule
\end{tabular}
[2026-03-02 14:35:49] DONE: 03_compare

[2026-03-02 14:35:49] ============================================================
[2026-03-02 14:35:49]  Pipeline Complete!
[2026-03-02 14:35:49] ============================================================
[2026-03-02 14:35:49]  Figures:     results/figures/{png,svg}/
[2026-03-02 14:35:49]  Checkpoints: results/checkpoints/default/
[2026-03-02 14:35:49]  Logs:        results/logs/consolidate_default_20260302_140600/
[2026-03-02 14:35:49] ============================================================
