[2026-03-02 14:09:21] INFO - Consolidation method: htcl
[2026-03-02 14:09:21] INFO - Device: cuda
[2026-03-02 14:09:21] INFO - Debug: False
[2026-03-02 14:09:21] INFO - Tag: default
[2026-03-02 14:09:21] INFO - Config: configs/base.yaml
[2026-03-02 14:09:21] INFO - Task sequence: ['PongNoFrameskip-v4', 'BreakoutNoFrameskip-v4', 'SpaceInvadersNoFrameskip-v4']
[2026-03-02 14:09:22] INFO - Union action space: [0, 1, 3, 4, 11, 12] (6 actions)
[2026-03-02 14:09:22] INFO - HTCL config: lambda=200000.0, lambda_auto=False, fisher_samples=2000, catch_up_iters=10, eta=0.9
[2026-03-02 14:09:22] INFO - Loading expert checkpoints and collecting replay data...
[2026-03-02 14:10:07] INFO - Loaded 3 expert models in 45.1s.
[2026-03-02 14:10:07] INFO -   Pong: best_reward=20.20, valid_actions=[0, 1, 2, 3, 4, 5], buffer_size=10000
[2026-03-02 14:10:07] INFO -   Breakout: best_reward=386.30, valid_actions=[0, 1, 2, 3], buffer_size=10000
[2026-03-02 14:10:07] INFO -   SpaceInvaders: best_reward=1162.50, valid_actions=[0, 1, 2, 3, 4, 5], buffer_size=10000
[2026-03-02 14:10:07] INFO - Initializing global model as parameter average of experts...
[2026-03-02 14:10:07] INFO - Global model param norm: 38.5809
[2026-03-02 14:10:07] INFO - Starting HTCL consolidation...
[2026-03-02 14:10:07] INFO - HTCL: Consolidating task 1/3 (Pong)...
[2026-03-02 14:10:10] INFO - HTCL: Fisher (task) after Pong | global min=0.000000, max=0.1585, mean=0.000003, std=0.000380, nonzero=6.7%
[2026-03-02 14:10:10] INFO -   Top-1 Fisher layer: fc.2.bias | mean=0.138776, max=0.1463
[2026-03-02 14:10:10] INFO -   Top-2 Fisher layer: features.4.bias | mean=0.013196, max=0.1585
[2026-03-02 14:10:10] INFO -   Top-3 Fisher layer: features.2.bias | mean=0.010595, max=0.0919
[2026-03-02 14:10:10] INFO -   Top-4 Fisher layer: fc.2.weight | mean=0.000390, max=0.0171
[2026-03-02 14:10:10] INFO -   Top-5 Fisher layer: fc.0.bias | mean=0.000346, max=0.0250
[2026-03-02 14:10:10] INFO - HTCL: Fisher (cumulative) after Pong | global min=0.000000, max=0.1585, mean=0.000003, std=0.000380, nonzero=6.7%
[2026-03-02 14:10:10] INFO -   Top-1 Fisher layer: fc.2.bias | mean=0.138776, max=0.1463
[2026-03-02 14:10:10] INFO -   Top-2 Fisher layer: features.4.bias | mean=0.013196, max=0.1585
[2026-03-02 14:10:10] INFO -   Top-3 Fisher layer: features.2.bias | mean=0.010595, max=0.0919
[2026-03-02 14:10:10] INFO -   Top-4 Fisher layer: fc.2.weight | mean=0.000390, max=0.0171
[2026-03-02 14:10:10] INFO -   Top-5 Fisher layer: fc.0.bias | mean=0.000346, max=0.0250
[2026-03-02 14:10:11] INFO - HTCL: mu_min(H) = 0.000000 | Constraint: lambda > -0.000000 | Using lambda = 200000.000000
[2026-03-02 14:10:11] INFO - HTCL: Task 1 (Pong) | effective_lambda = 200000.00
[2026-03-02 14:10:11] INFO - HTCL: Pong | expert_drift_norm = 49.0970 | update_norm = 44.1873
[2026-03-02 14:10:11] INFO - HTCL: Catch-up iteration 1/10 for Pong
[2026-03-02 14:10:11] INFO - HTCL: Catch-up iteration 2/10 for Pong
[2026-03-02 14:10:11] INFO - HTCL: Catch-up iteration 3/10 for Pong
[2026-03-02 14:10:11] INFO - HTCL: Catch-up iteration 4/10 for Pong
[2026-03-02 14:10:11] INFO - HTCL: Catch-up iteration 5/10 for Pong
[2026-03-02 14:10:11] INFO - HTCL: Catch-up iteration 6/10 for Pong
[2026-03-02 14:10:12] INFO - HTCL: Catch-up iteration 7/10 for Pong
[2026-03-02 14:10:12] INFO - HTCL: Catch-up iteration 8/10 for Pong
[2026-03-02 14:10:12] INFO - HTCL: Catch-up iteration 9/10 for Pong
[2026-03-02 14:10:12] INFO - HTCL: Catch-up iteration 10/10 for Pong
[2026-03-02 14:10:12] INFO - HTCL: Consolidating task 2/3 (Breakout)...
[2026-03-02 14:10:14] INFO - HTCL: Fisher (task) after Breakout | global min=0.000000, max=1.3383, mean=0.000012, std=0.002949, nonzero=7.5%
[2026-03-02 14:10:14] INFO -   Top-1 Fisher layer: fc.2.bias | mean=0.124762, max=0.1995
[2026-03-02 14:10:14] INFO -   Top-2 Fisher layer: fc.2.weight | mean=0.005912, max=1.3383
[2026-03-02 14:10:14] INFO -   Top-3 Fisher layer: features.0.bias | mean=0.000968, max=0.0127
[2026-03-02 14:10:15] INFO -   Top-4 Fisher layer: features.2.bias | mean=0.000456, max=0.0015
[2026-03-02 14:10:15] INFO -   Top-5 Fisher layer: features.4.bias | mean=0.000279, max=0.0032
[2026-03-02 14:10:15] INFO - HTCL: Fisher (cumulative) after Breakout | global min=0.000000, max=1.3383, mean=0.000015, std=0.003002, nonzero=13.7%
[2026-03-02 14:10:15] INFO -   Top-1 Fisher layer: fc.2.bias | mean=0.263538, max=0.3449
[2026-03-02 14:10:15] INFO -   Top-2 Fisher layer: features.4.bias | mean=0.013475, max=0.1585
[2026-03-02 14:10:15] INFO -   Top-3 Fisher layer: features.2.bias | mean=0.011051, max=0.0927
[2026-03-02 14:10:15] INFO -   Top-4 Fisher layer: fc.2.weight | mean=0.006302, max=1.3383
[2026-03-02 14:10:15] INFO -   Top-5 Fisher layer: features.0.bias | mean=0.001240, max=0.0154
[2026-03-02 14:10:15] INFO - HTCL: mu_min(H) = 0.000000 | Constraint: lambda > -0.000000 | Using lambda = 200000.000000
[2026-03-02 14:10:15] INFO - HTCL: Task 2 (Breakout) | effective_lambda = 200000.00
[2026-03-02 14:10:15] INFO - HTCL: Breakout | expert_drift_norm = 86.2732 | update_norm = 77.6459
[2026-03-02 14:10:15] INFO - HTCL: Catch-up iteration 1/10 for Breakout
[2026-03-02 14:10:15] INFO - HTCL: Catch-up iteration 2/10 for Breakout
[2026-03-02 14:10:15] INFO - HTCL: Catch-up iteration 3/10 for Breakout
[2026-03-02 14:10:15] INFO - HTCL: Catch-up iteration 4/10 for Breakout
[2026-03-02 14:10:16] INFO - HTCL: Catch-up iteration 5/10 for Breakout
[2026-03-02 14:10:16] INFO - HTCL: Catch-up iteration 6/10 for Breakout
[2026-03-02 14:10:16] INFO - HTCL: Catch-up iteration 7/10 for Breakout
[2026-03-02 14:10:16] INFO - HTCL: Catch-up iteration 8/10 for Breakout
[2026-03-02 14:10:16] INFO - HTCL: Catch-up iteration 9/10 for Breakout
[2026-03-02 14:10:16] INFO - HTCL: Catch-up iteration 10/10 for Breakout
[2026-03-02 14:10:16] INFO - HTCL: Consolidating task 3/3 (SpaceInvaders)...
[2026-03-02 14:10:19] INFO - HTCL: Fisher (task) after SpaceInvaders | global min=0.000000, max=2.8075, mean=0.000093, std=0.006241, nonzero=29.1%
[2026-03-02 14:10:19] INFO -   Top-1 Fisher layer: features.0.bias | mean=0.285900, max=2.8075
[2026-03-02 14:10:19] INFO -   Top-2 Fisher layer: fc.2.bias | mean=0.127284, max=0.1839
[2026-03-02 14:10:19] INFO -   Top-3 Fisher layer: features.4.bias | mean=0.042259, max=1.1735
[2026-03-02 14:10:19] INFO -   Top-4 Fisher layer: fc.2.weight | mean=0.035797, max=1.0674
[2026-03-02 14:10:19] INFO -   Top-5 Fisher layer: features.2.bias | mean=0.032909, max=0.0985
[2026-03-02 14:10:19] INFO - HTCL: Fisher (cumulative) after SpaceInvaders | global min=0.000000, max=2.8076, mean=0.000108, std=0.007291, nonzero=35.3%
[2026-03-02 14:10:19] INFO -   Top-1 Fisher layer: fc.2.bias | mean=0.390822, max=0.5256
[2026-03-02 14:10:19] INFO -   Top-2 Fisher layer: features.0.bias | mean=0.287140, max=2.8076
[2026-03-02 14:10:19] INFO -   Top-3 Fisher layer: features.4.bias | mean=0.055735, max=1.2906
[2026-03-02 14:10:19] INFO -   Top-4 Fisher layer: features.2.bias | mean=0.043960, max=0.1329
[2026-03-02 14:10:19] INFO -   Top-5 Fisher layer: fc.2.weight | mean=0.042099, max=1.7530
[2026-03-02 14:10:19] INFO - HTCL: mu_min(H) = 0.000000 | Constraint: lambda > -0.000000 | Using lambda = 200000.000000
[2026-03-02 14:10:19] INFO - HTCL: Task 3 (SpaceInvaders) | effective_lambda = 200000.00
[2026-03-02 14:10:19] INFO - HTCL: SpaceInvaders | expert_drift_norm = 100.5696 | update_norm = 90.5127
[2026-03-02 14:10:19] INFO - HTCL: Catch-up iteration 1/10 for SpaceInvaders
[2026-03-02 14:10:19] INFO - HTCL: Catch-up iteration 2/10 for SpaceInvaders
[2026-03-02 14:10:19] INFO - HTCL: Catch-up iteration 3/10 for SpaceInvaders
[2026-03-02 14:10:20] INFO - HTCL: Catch-up iteration 4/10 for SpaceInvaders
[2026-03-02 14:10:20] INFO - HTCL: Catch-up iteration 5/10 for SpaceInvaders
[2026-03-02 14:10:20] INFO - HTCL: Catch-up iteration 6/10 for SpaceInvaders
[2026-03-02 14:10:20] INFO - HTCL: Catch-up iteration 7/10 for SpaceInvaders
[2026-03-02 14:10:20] INFO - HTCL: Catch-up iteration 8/10 for SpaceInvaders
[2026-03-02 14:10:20] INFO - HTCL: Catch-up iteration 9/10 for SpaceInvaders
[2026-03-02 14:10:20] INFO - HTCL: Catch-up iteration 10/10 for SpaceInvaders
[2026-03-02 14:10:20] INFO - HTCL consolidation complete.
[2026-03-02 14:10:21] INFO - HTCL: Fisher log saved to results/checkpoints/default/htcl_fisher_log.json
[2026-03-02 14:10:21] INFO - Consolidated model param norm: 74.7582 (delta: +36.1773)
[2026-03-02 14:10:21] INFO -   Weight drift [features]: 28.814289
[2026-03-02 14:10:21] INFO -   Weight drift [fc]: 62.992549
[2026-03-02 14:10:21] INFO - Consolidated model saved to results/checkpoints/default/consolidated_htcl.pt
[2026-03-02 14:10:21] INFO - Total consolidation time (htcl): 59.2s
[2026-03-02 15:59:35] INFO - Consolidation method: htcl
[2026-03-02 15:59:35] INFO - Device: cuda
[2026-03-02 15:59:35] INFO - Debug: False
[2026-03-02 15:59:35] INFO - Tag: default
[2026-03-02 15:59:35] INFO - Config: configs/base.yaml
[2026-03-02 15:59:35] INFO - Task sequence: ['PongNoFrameskip-v4', 'BreakoutNoFrameskip-v4', 'SpaceInvadersNoFrameskip-v4']
[2026-03-02 15:59:35] INFO - Union action space: [0, 1, 3, 4, 11, 12] (6 actions)
[2026-03-02 15:59:35] INFO - HTCL config: lambda=10.0, lambda_auto=False, fisher_samples=2000, catch_up_iters=3, eta=0.9
[2026-03-02 15:59:35] INFO - Loading expert checkpoints and collecting replay data...
[2026-03-02 16:03:08] INFO - Loaded 3 expert models in 212.1s.
[2026-03-02 16:03:08] INFO -   Pong: best_reward=20.20, valid_actions=[0, 1, 2, 3, 4, 5], buffer_size=50000
[2026-03-02 16:03:08] INFO -   Breakout: best_reward=386.30, valid_actions=[0, 1, 2, 3], buffer_size=50000
[2026-03-02 16:03:08] INFO -   SpaceInvaders: best_reward=1162.50, valid_actions=[0, 1, 2, 3, 4, 5], buffer_size=50000
[2026-03-02 16:03:08] INFO - Initializing global model from first expert (Pong)...
[2026-03-02 16:03:08] INFO - Global model param norm: 54.0105
[2026-03-02 16:03:08] INFO - Filtering replay buffers to top-10000 high-confidence states per expert...
[2026-03-02 16:03:12] INFO -   Pong: 10000 states filtered from 50000 raw transitions
[2026-03-02 16:03:17] INFO -   Breakout: 10000 states filtered from 50000 raw transitions
[2026-03-02 16:03:22] INFO -   SpaceInvaders: 10000 states filtered from 50000 raw transitions
[2026-03-02 16:03:22] INFO - HTCL: Registering initial task (Pong) — computing Fisher & gradient baseline...
[2026-03-02 16:03:34] INFO - HTCL: Fisher (task) after Pong | global min=0.000000, max=0.1437, mean=0.000006, std=0.000299, nonzero=23.2%
[2026-03-02 16:03:34] INFO -   Top-1 Fisher layer: fc.2.bias | mean=0.137786, max=0.1437
[2026-03-02 16:03:34] INFO -   Top-2 Fisher layer: features.4.bias | mean=0.005575, max=0.0726
[2026-03-02 16:03:34] INFO -   Top-3 Fisher layer: features.2.bias | mean=0.004963, max=0.0155
[2026-03-02 16:03:34] INFO -   Top-4 Fisher layer: features.0.bias | mean=0.001793, max=0.0155
[2026-03-02 16:03:34] INFO -   Top-5 Fisher layer: fc.0.bias | mean=0.000879, max=0.0166
[2026-03-02 16:03:34] INFO - HTCL: Fisher (cumulative) after Pong | global min=0.000000, max=0.1437, mean=0.000006, std=0.000299, nonzero=23.2%
[2026-03-02 16:03:34] INFO -   Top-1 Fisher layer: fc.2.bias | mean=0.137786, max=0.1437
[2026-03-02 16:03:34] INFO -   Top-2 Fisher layer: features.4.bias | mean=0.005575, max=0.0726
[2026-03-02 16:03:34] INFO -   Top-3 Fisher layer: features.2.bias | mean=0.004963, max=0.0155
[2026-03-02 16:03:34] INFO -   Top-4 Fisher layer: features.0.bias | mean=0.001793, max=0.0155
[2026-03-02 16:03:34] INFO -   Top-5 Fisher layer: fc.0.bias | mean=0.000879, max=0.0166
[2026-03-02 16:03:34] INFO - HTCL: Initial task (Pong) registered. cumulative_fisher has 10 parameter groups.
[2026-03-02 16:03:34] INFO - Starting HTCL consolidation...
[2026-03-02 16:03:34] INFO - HTCL: Lambda grid search over [0.1, 1.0, 10.0, 100.0, 1000.0]...
[2026-03-02 16:03:46] INFO - HTCL: mu_min(H) = 0.000000 | Constraint: lambda > -0.000000 | Using lambda = 0.100000
[2026-03-02 16:03:57] INFO - HTCL: mu_min(H) = 0.000000 | Constraint: lambda > -0.000000 | Using lambda = 0.100000
[2026-03-02 16:03:57] INFO -   lambda=       0.1 | avg_kl=nan | Pong=84696.2145, Breakout=nan, SpaceInvaders=6763.9562
[2026-03-02 16:04:09] INFO - HTCL: mu_min(H) = 0.000000 | Constraint: lambda > -0.000000 | Using lambda = 1.000000
[2026-03-02 16:04:20] INFO - HTCL: mu_min(H) = 0.000000 | Constraint: lambda > -0.000000 | Using lambda = 1.000000
[2026-03-02 16:04:20] INFO -   lambda=       1.0 | avg_kl=nan | Pong=1.0816, Breakout=nan, SpaceInvaders=0.1868
[2026-03-02 16:04:32] INFO - HTCL: mu_min(H) = 0.000000 | Constraint: lambda > -0.000000 | Using lambda = 10.000000
[2026-03-02 16:04:43] INFO - HTCL: mu_min(H) = 0.000000 | Constraint: lambda > -0.000000 | Using lambda = 10.000000
[2026-03-02 16:04:43] INFO -   lambda=      10.0 | avg_kl=nan | Pong=0.0242, Breakout=nan, SpaceInvaders=0.0227
[2026-03-02 16:04:54] INFO - HTCL: mu_min(H) = 0.000000 | Constraint: lambda > -0.000000 | Using lambda = 100.000000
[2026-03-02 16:05:06] INFO - HTCL: mu_min(H) = 0.000000 | Constraint: lambda > -0.000000 | Using lambda = 100.000000
[2026-03-02 16:05:06] INFO -   lambda=     100.0 | avg_kl=nan | Pong=0.0175, Breakout=nan, SpaceInvaders=0.0026
[2026-03-02 16:05:18] INFO - HTCL: mu_min(H) = 0.000000 | Constraint: lambda > -0.000000 | Using lambda = 1000.000000
[2026-03-02 16:05:30] INFO - HTCL: mu_min(H) = 0.000000 | Constraint: lambda > -0.000000 | Using lambda = 1000.000000
[2026-03-02 16:05:30] INFO -   lambda=    1000.0 | avg_kl=nan | Pong=0.0174, Breakout=nan, SpaceInvaders=0.0025
[2026-03-02 16:05:30] INFO - HTCL: Best lambda = 0.1 (avg KL = inf)
[2026-03-02 16:05:43] INFO - HTCL: Using lambda = 0.1000 for consolidation.
[2026-03-02 16:05:43] INFO - HTCL: Consolidating task 2/3 (Breakout)...
[2026-03-02 16:05:54] INFO - HTCL: Fisher (task) after Breakout | global min=0.000000, max=0.5174, mean=0.000016, std=0.001141, nonzero=14.8%
[2026-03-02 16:05:54] INFO -   Top-1 Fisher layer: fc.2.bias | mean=0.124734, max=0.1928
[2026-03-02 16:05:54] INFO -   Top-2 Fisher layer: fc.2.weight | mean=0.005126, max=0.5174
[2026-03-02 16:05:54] INFO -   Top-3 Fisher layer: features.0.bias | mean=0.004122, max=0.0569
[2026-03-02 16:05:54] INFO -   Top-4 Fisher layer: features.2.bias | mean=0.002247, max=0.0090
[2026-03-02 16:05:54] INFO -   Top-5 Fisher layer: features.4.bias | mean=0.001946, max=0.0218
[2026-03-02 16:05:54] INFO - HTCL: Fisher (cumulative) after Breakout | global min=0.000000, max=0.5464, mean=0.000022, std=0.001274, nonzero=26.3%
[2026-03-02 16:05:54] INFO -   Top-1 Fisher layer: fc.2.bias | mean=0.262577, max=0.3337
[2026-03-02 16:05:54] INFO -   Top-2 Fisher layer: features.4.bias | mean=0.007464, max=0.0793
[2026-03-02 16:05:54] INFO -   Top-3 Fisher layer: features.2.bias | mean=0.007171, max=0.0193
[2026-03-02 16:05:54] INFO -   Top-4 Fisher layer: features.0.bias | mean=0.005923, max=0.0726
[2026-03-02 16:05:54] INFO -   Top-5 Fisher layer: fc.2.weight | mean=0.005756, max=0.5464
[2026-03-02 16:05:54] INFO - HTCL: mu_min(H) = 0.000000 | Constraint: lambda > -0.000000 | Using lambda = 0.100000
[2026-03-02 16:05:54] INFO - HTCL: Task 2 (Breakout) | effective_lambda = 0.1000
[2026-03-02 16:05:54] INFO - HTCL: Breakout | expert_drift_norm = 86.2732 | update_norm = 80.0214
[2026-03-02 16:05:54] INFO - HTCL: Catch-up 1/3 for Breakout | eta=0.4500
[2026-03-02 16:05:54] INFO - HTCL: Catch-up 2/3 for Breakout | eta=0.2250
[2026-03-02 16:05:55] INFO - HTCL: Catch-up 3/3 for Breakout | eta=0.1125
[2026-03-02 16:05:55] INFO - HTCL: Consolidating task 3/3 (SpaceInvaders)...
[2026-03-02 16:06:06] INFO - HTCL: Fisher (task) after SpaceInvaders | global min=0.000000, max=0.0000, mean=0.000000, std=0.000000, nonzero=0.0%
[2026-03-02 16:06:06] INFO -   Top-1 Fisher layer: features.0.weight | mean=0.000000, max=0.0000
[2026-03-02 16:06:06] INFO -   Top-2 Fisher layer: features.0.bias | mean=0.000000, max=0.0000
[2026-03-02 16:06:06] INFO -   Top-3 Fisher layer: features.2.weight | mean=0.000000, max=0.0000
[2026-03-02 16:06:06] INFO -   Top-4 Fisher layer: features.2.bias | mean=0.000000, max=0.0000
[2026-03-02 16:06:06] INFO -   Top-5 Fisher layer: features.4.weight | mean=0.000000, max=0.0000
[2026-03-02 16:06:06] INFO - HTCL: Fisher (cumulative) after SpaceInvaders | global min=0.000000, max=0.5464, mean=0.000022, std=0.001274, nonzero=26.3%
[2026-03-02 16:06:06] INFO -   Top-1 Fisher layer: fc.2.bias | mean=0.262577, max=0.3337
[2026-03-02 16:06:06] INFO -   Top-2 Fisher layer: features.4.bias | mean=0.007464, max=0.0793
[2026-03-02 16:06:06] INFO -   Top-3 Fisher layer: features.2.bias | mean=0.007171, max=0.0193
[2026-03-02 16:06:06] INFO -   Top-4 Fisher layer: features.0.bias | mean=0.005923, max=0.0726
[2026-03-02 16:06:06] INFO -   Top-5 Fisher layer: fc.2.weight | mean=0.005756, max=0.5464
[2026-03-02 16:06:06] INFO - HTCL: mu_min(H) = 0.000000 | Constraint: lambda > -0.000000 | Using lambda = 0.100000
[2026-03-02 16:06:06] INFO - HTCL: Task 3 (SpaceInvaders) | effective_lambda = 0.1000
[2026-03-02 16:06:06] INFO - HTCL: SpaceInvaders | expert_drift_norm = 99.3163 | update_norm = 89.9013
[2026-03-02 16:06:06] INFO - HTCL: Catch-up 1/3 for SpaceInvaders | eta=0.4500
[2026-03-02 16:06:06] INFO - HTCL: Catch-up 2/3 for SpaceInvaders | eta=0.2250
[2026-03-02 16:06:07] INFO - HTCL: Catch-up 3/3 for SpaceInvaders | eta=0.1125
[2026-03-02 16:06:07] INFO - HTCL consolidation complete.
[2026-03-02 16:06:07] INFO - HTCL: Fisher log saved to results/checkpoints/default/htcl_fisher_log.json
[2026-03-02 16:06:07] INFO - HTCL: Lambda grid log saved to results/checkpoints/default/htcl_lambda_grid.json
[2026-03-02 16:06:07] INFO - Consolidated model param norm: 72.6979 (delta: +18.6874)
[2026-03-02 16:06:07] INFO -   Weight drift [features]: 45.692636
[2026-03-02 16:06:07] INFO -   Weight drift [fc]: 102.988219
[2026-03-02 16:06:07] INFO - Consolidated model saved to results/checkpoints/default/consolidated_htcl.pt
[2026-03-02 16:06:07] INFO - Total consolidation time (htcl): 391.2s
[2026-03-02 17:03:51] INFO - Consolidation method: htcl
[2026-03-02 17:03:51] INFO - Device: cuda
[2026-03-02 17:03:51] INFO - Debug: False
[2026-03-02 17:03:51] INFO - Tag: default
[2026-03-02 17:03:51] INFO - Config: configs/base.yaml
[2026-03-02 17:03:51] INFO - Task sequence: ['PongNoFrameskip-v4', 'BreakoutNoFrameskip-v4', 'SpaceInvadersNoFrameskip-v4']
[2026-03-02 17:03:51] INFO - Union action space: [0, 1, 3, 4, 11, 12] (6 actions)
[2026-03-02 17:03:51] INFO - HTCL config: lambda=10.0, lambda_auto=False, fisher_samples=2000, catch_up_iters=3, eta=0.9
[2026-03-02 17:03:51] INFO - Loading expert checkpoints and collecting replay data...
[2026-03-02 17:07:19] INFO - Loaded 3 expert models in 208.0s.
[2026-03-02 17:07:19] INFO -   Pong: best_reward=20.20, valid_actions=[0, 1, 2, 3, 4, 5], buffer_size=50000
[2026-03-02 17:07:19] INFO -   Breakout: best_reward=386.30, valid_actions=[0, 1, 2, 3], buffer_size=50000
[2026-03-02 17:07:19] INFO -   SpaceInvaders: best_reward=1162.50, valid_actions=[0, 1, 2, 3, 4, 5], buffer_size=50000
[2026-03-02 17:07:19] INFO - Initializing global model from first expert (Pong)...
[2026-03-02 17:07:19] INFO - Global model param norm: 54.0105
[2026-03-02 17:07:19] INFO - Filtering replay buffers to top-10000 high-confidence states per expert...
[2026-03-02 17:07:23] INFO -   Pong: 10000 states filtered from 50000 raw transitions
[2026-03-02 17:07:28] INFO -   Breakout: 10000 states filtered from 50000 raw transitions
[2026-03-02 17:07:33] INFO -   SpaceInvaders: 10000 states filtered from 50000 raw transitions
[2026-03-02 17:07:33] INFO - HTCL: Registering initial task (Pong) — computing Fisher & gradient baseline...
[2026-03-02 17:07:45] INFO - HTCL: Fisher (task) after Pong | global min=0.000000, max=0.1437, mean=0.000006, std=0.000299, nonzero=23.2%
[2026-03-02 17:07:45] INFO -   Top-1 Fisher layer: fc.2.bias | mean=0.137786, max=0.1437
[2026-03-02 17:07:45] INFO -   Top-2 Fisher layer: features.4.bias | mean=0.005575, max=0.0726
[2026-03-02 17:07:45] INFO -   Top-3 Fisher layer: features.2.bias | mean=0.004963, max=0.0155
[2026-03-02 17:07:45] INFO -   Top-4 Fisher layer: features.0.bias | mean=0.001793, max=0.0155
[2026-03-02 17:07:45] INFO -   Top-5 Fisher layer: fc.0.bias | mean=0.000879, max=0.0166
[2026-03-02 17:07:45] INFO - HTCL: Fisher (cumulative) after Pong | global min=0.000000, max=0.1437, mean=0.000006, std=0.000299, nonzero=23.2%
[2026-03-02 17:07:45] INFO -   Top-1 Fisher layer: fc.2.bias | mean=0.137786, max=0.1437
[2026-03-02 17:07:45] INFO -   Top-2 Fisher layer: features.4.bias | mean=0.005575, max=0.0726
[2026-03-02 17:07:45] INFO -   Top-3 Fisher layer: features.2.bias | mean=0.004963, max=0.0155
[2026-03-02 17:07:45] INFO -   Top-4 Fisher layer: features.0.bias | mean=0.001793, max=0.0155
[2026-03-02 17:07:45] INFO -   Top-5 Fisher layer: fc.0.bias | mean=0.000879, max=0.0166
[2026-03-02 17:07:45] INFO - HTCL: Initial task (Pong) registered. cumulative_fisher has 10 parameter groups.
[2026-03-02 17:07:45] INFO - Starting HTCL consolidation...
[2026-03-02 17:07:45] INFO - HTCL: Lambda grid search over [0.1, 1.0, 10.0, 100.0, 1000.0]...
[2026-03-02 17:07:57] INFO - HTCL: mu_min(H) = 0.000000 | Constraint: lambda > -0.000000 | Using lambda = 0.100000
[2026-03-02 17:08:08] INFO - HTCL: mu_min(H) = 0.000000 | Constraint: lambda > -0.000000 | Using lambda = 0.100000
[2026-03-02 17:08:09] INFO -   lambda=       0.1 | avg_kl=42490.1343 | Pong=84696.2145, Breakout=36010.2322, SpaceInvaders=6763.9562
[2026-03-02 17:08:20] INFO - HTCL: mu_min(H) = 0.000000 | Constraint: lambda > -0.000000 | Using lambda = 1.000000
[2026-03-02 17:08:32] INFO - HTCL: mu_min(H) = 0.000000 | Constraint: lambda > -0.000000 | Using lambda = 1.000000
[2026-03-02 17:08:32] INFO -   lambda=       1.0 | avg_kl=0.5221 | Pong=1.0816, Breakout=0.2979, SpaceInvaders=0.1868
[2026-03-02 17:08:44] INFO - HTCL: mu_min(H) = 0.000000 | Constraint: lambda > -0.000000 | Using lambda = 10.000000
[2026-03-02 17:08:56] INFO - HTCL: mu_min(H) = 0.000000 | Constraint: lambda > -0.000000 | Using lambda = 10.000000
[2026-03-02 17:08:56] INFO -   lambda=      10.0 | avg_kl=0.0359 | Pong=0.0242, Breakout=0.0608, SpaceInvaders=0.0227
[2026-03-02 17:09:07] INFO - HTCL: mu_min(H) = 0.000000 | Constraint: lambda > -0.000000 | Using lambda = 100.000000
[2026-03-02 17:09:18] INFO - HTCL: mu_min(H) = 0.000000 | Constraint: lambda > -0.000000 | Using lambda = 100.000000
[2026-03-02 17:09:18] INFO -   lambda=     100.0 | avg_kl=0.0248 | Pong=0.0175, Breakout=0.0545, SpaceInvaders=0.0026
[2026-03-02 17:09:29] INFO - HTCL: mu_min(H) = 0.000000 | Constraint: lambda > -0.000000 | Using lambda = 1000.000000
[2026-03-02 17:09:41] INFO - HTCL: mu_min(H) = 0.000000 | Constraint: lambda > -0.000000 | Using lambda = 1000.000000
[2026-03-02 17:09:41] INFO -   lambda=    1000.0 | avg_kl=0.0249 | Pong=0.0174, Breakout=0.0549, SpaceInvaders=0.0025
[2026-03-02 17:09:41] INFO - HTCL: Best lambda = 100.0 (avg KL = 0.0248)
[2026-03-02 17:09:52] INFO - HTCL: Using lambda = 100.0000 for consolidation.
[2026-03-02 17:09:52] INFO - HTCL: Consolidating task 2/3 (Breakout)...
[2026-03-02 17:10:04] INFO - HTCL: Fisher (task) after Breakout | global min=0.000000, max=0.5174, mean=0.000016, std=0.001141, nonzero=14.8%
[2026-03-02 17:10:04] INFO -   Top-1 Fisher layer: fc.2.bias | mean=0.124734, max=0.1928
[2026-03-02 17:10:04] INFO -   Top-2 Fisher layer: fc.2.weight | mean=0.005126, max=0.5174
[2026-03-02 17:10:04] INFO -   Top-3 Fisher layer: features.0.bias | mean=0.004122, max=0.0569
[2026-03-02 17:10:04] INFO -   Top-4 Fisher layer: features.2.bias | mean=0.002247, max=0.0090
[2026-03-02 17:10:04] INFO -   Top-5 Fisher layer: features.4.bias | mean=0.001946, max=0.0218
[2026-03-02 17:10:04] INFO - HTCL: Fisher (cumulative) after Breakout | global min=0.000000, max=0.5464, mean=0.000022, std=0.001274, nonzero=26.3%
[2026-03-02 17:10:04] INFO -   Top-1 Fisher layer: fc.2.bias | mean=0.262577, max=0.3337
[2026-03-02 17:10:04] INFO -   Top-2 Fisher layer: features.4.bias | mean=0.007464, max=0.0793
[2026-03-02 17:10:04] INFO -   Top-3 Fisher layer: features.2.bias | mean=0.007171, max=0.0193
[2026-03-02 17:10:04] INFO -   Top-4 Fisher layer: features.0.bias | mean=0.005923, max=0.0726
[2026-03-02 17:10:04] INFO -   Top-5 Fisher layer: fc.2.weight | mean=0.005756, max=0.5464
[2026-03-02 17:10:04] INFO - HTCL: mu_min(H) = 0.000000 | Constraint: lambda > -0.000000 | Using lambda = 100.000000
[2026-03-02 17:10:04] INFO - HTCL: Task 2 (Breakout) | effective_lambda = 100.0000
[2026-03-02 17:10:04] INFO - HTCL: Breakout | expert_drift_norm = 86.2732 | update_norm = 77.6456
[2026-03-02 17:10:04] INFO - HTCL: Catch-up 1/3 for Breakout | eta=0.4500
[2026-03-02 17:10:04] INFO - HTCL: Catch-up 2/3 for Breakout | eta=0.2250
[2026-03-02 17:10:05] INFO - HTCL: Catch-up 3/3 for Breakout | eta=0.1125
[2026-03-02 17:10:05] INFO - HTCL: Consolidating task 3/3 (SpaceInvaders)...
[2026-03-02 17:10:16] INFO - HTCL: Fisher (task) after SpaceInvaders | global min=0.000000, max=2.7644, mean=0.000077, std=0.005379, nonzero=28.4%
[2026-03-02 17:10:16] INFO -   Top-1 Fisher layer: features.0.bias | mean=0.300018, max=2.7644
[2026-03-02 17:10:16] INFO -   Top-2 Fisher layer: fc.2.bias | mean=0.128331, max=0.1876
[2026-03-02 17:10:16] INFO -   Top-3 Fisher layer: features.4.bias | mean=0.040605, max=1.0837
[2026-03-02 17:10:16] INFO -   Top-4 Fisher layer: features.2.bias | mean=0.031688, max=0.1030
[2026-03-02 17:10:16] INFO -   Top-5 Fisher layer: fc.2.weight | mean=0.028644, max=0.8544
[2026-03-02 17:10:16] INFO - HTCL: Fisher (cumulative) after SpaceInvaders | global min=0.000000, max=2.7646, mean=0.000099, std=0.005697, nonzero=46.7%
[2026-03-02 17:10:16] INFO -   Top-1 Fisher layer: fc.2.bias | mean=0.390908, max=0.5213
[2026-03-02 17:10:16] INFO -   Top-2 Fisher layer: features.0.bias | mean=0.305941, max=2.7646
[2026-03-02 17:10:16] INFO -   Top-3 Fisher layer: features.4.bias | mean=0.048069, max=1.0837
[2026-03-02 17:10:16] INFO -   Top-4 Fisher layer: features.2.bias | mean=0.038859, max=0.1095
[2026-03-02 17:10:16] INFO -   Top-5 Fisher layer: fc.2.weight | mean=0.034400, max=0.8594
[2026-03-02 17:10:16] INFO - HTCL: mu_min(H) = 0.000000 | Constraint: lambda > -0.000000 | Using lambda = 100.000000
[2026-03-02 17:10:16] INFO - HTCL: Task 3 (SpaceInvaders) | effective_lambda = 100.0000
[2026-03-02 17:10:16] INFO - HTCL: SpaceInvaders | expert_drift_norm = 98.8980 | update_norm = 89.0077
[2026-03-02 17:10:17] INFO - HTCL: Catch-up 1/3 for SpaceInvaders | eta=0.4500
[2026-03-02 17:10:17] INFO - HTCL: Catch-up 2/3 for SpaceInvaders | eta=0.2250
[2026-03-02 17:10:17] INFO - HTCL: Catch-up 3/3 for SpaceInvaders | eta=0.1125
[2026-03-02 17:10:17] INFO - HTCL consolidation complete.
[2026-03-02 17:10:17] INFO - HTCL: Fisher log saved to results/checkpoints/default/htcl_fisher_log.json
[2026-03-02 17:10:17] INFO - HTCL: Lambda grid log saved to results/checkpoints/default/htcl_lambda_grid.json
[2026-03-02 17:10:17] INFO - Consolidated model param norm: 71.9992 (delta: +17.9887)
[2026-03-02 17:10:17] INFO -   Weight drift [features]: 41.540272
[2026-03-02 17:10:17] INFO -   Weight drift [fc]: 100.277351
[2026-03-02 17:10:17] INFO - Consolidated model saved to results/checkpoints/default/consolidated_htcl.pt
[2026-03-02 17:10:17] INFO - Total consolidation time (htcl): 386.1s
