[2026-02-24 11:23:55] ============================================================
[2026-02-24 11:23:55]  CRL-Atari Experiment Pipeline
[2026-02-24 11:23:55] ============================================================
[2026-02-24 11:23:55]  Hostname:  node242
[2026-02-24 11:23:55]  Date:      Tue Feb 24 11:23:55 EST 2026
[2026-02-24 11:23:55]  Tag:       default
[2026-02-24 11:23:55]  Config:    configs/base.yaml
[2026-02-24 11:23:55]  Debug:     off
[2026-02-24 11:23:55]  Device:    auto
[2026-02-24 11:23:55]  Log dir:   results/logs/pipeline_default_20260224_112355
[2026-02-24 11:23:55]  Master log: results/logs/pipeline_default_20260224_112355/pipeline_master.log
[2026-02-24 11:23:55] ============================================================
[2026-02-24 11:24:04] Environment snapshot saved to results/logs/pipeline_default_20260224_112355/environment_snapshot.log
[2026-02-24 11:24:04] Skipping expert training (--skip-train).
[2026-02-24 11:24:04] ============================================================
[2026-02-24 11:24:04]  Step 2/4: Consolidation
[2026-02-24 11:24:04] ============================================================
[2026-02-24 11:24:04] --- EWC ---
[2026-02-24 11:24:04] START: 02a_consolidate_ewc
[2026-02-24 11:24:04] CMD: python scripts/consolidate.py --method ewc --config configs/base.yaml --tag default
[2026-02-24 11:24:04] Step log: results/logs/pipeline_default_20260224_112355/02a_consolidate_ewc.log
[2026-02-24 11:24:09] INFO - Consolidation method: ewc
[2026-02-24 11:24:09] INFO - Device: cuda
[2026-02-24 11:24:09] INFO - Debug: False
[2026-02-24 11:24:09] INFO - Tag: default
[2026-02-24 11:24:09] INFO - Config: configs/base.yaml
[2026-02-24 11:24:09] INFO - Task sequence: ['PongNoFrameskip-v4', 'BreakoutNoFrameskip-v4', 'SpaceInvadersNoFrameskip-v4']
[2026-02-24 11:24:09] INFO - EWC config: lambda=5000.0, fisher_samples=2000, online=True, gamma=0.95
[2026-02-24 11:24:09] INFO - Loading expert checkpoints and collecting replay data...
Traceback (most recent call last):
  File "/work/pnag/CRL-Atari/scripts/consolidate.py", line 327, in <module>
    main()
  File "/work/pnag/CRL-Atari/scripts/consolidate.py", line 256, in main
    expert_results = load_expert_results(config, args.tag, device)
                     ^^^^^^^^^^^^^^^^^^^^^^^^^^^^^^^^^^^^^^^^^^^^^
  File "/work/pnag/CRL-Atari/scripts/consolidate.py", line 129, in load_expert_results
    with open(summary_path, "r") as f:
         ^^^^^^^^^^^^^^^^^^^^^^^
FileNotFoundError: [Errno 2] No such file or directory: 'results/checkpoints/default/expert_summary.json'
[2026-02-24 11:24:09] FAILED: 02a_consolidate_ewc (exit code 1)
[2026-02-24 11:24:09] Check results/logs/pipeline_default_20260224_112355/02a_consolidate_ewc.log for details.
