A.L.E: Arcade Learning Environment (version 0.11.2+ecc1138)
[Powered by Stella]

============================================================
Evaluating Expert Models
============================================================
  Expert (Breakout): 386.00 ± 35.02
  Expert (SpaceInvaders): 1151.83 ± 115.24
  Expert (Pong): 19.93 ± 0.89

============================================================
Evaluating Distillation Consolidated Model
============================================================
  Distillation on Breakout: 3.20 ± 2.99
  Distillation on SpaceInvaders: 88.33 ± 32.49
  Distillation on Pong: -6.43 ± 16.58

============================================================
Evaluating One-Shot Consolidated Model
============================================================
  One-Shot on Breakout: 2.40 ± 3.98
  One-Shot on SpaceInvaders: 0.00 ± 0.00
  One-Shot on Pong: -21.00 ± 0.00

============================================================
Evaluating Iterative Consolidated Model
============================================================
  Iterative on Breakout: 3.00 ± 4.24
  Iterative on SpaceInvaders: 0.00 ± 0.00
  Iterative on Pong: -21.00 ± 0.00

============================================================
Evaluating Hybrid Consolidated Model
============================================================
  Hybrid on Breakout: 5.47 ± 3.34
  Hybrid on SpaceInvaders: 211.00 ± 154.19
  Hybrid on Pong: -21.00 ± 0.00

Generating comparison visualisations...
  Saved → results/figures/{png,svg}/comparison_bar
  Saved → results/figures/{png,svg}/performance_heatmap
  Saved → results/figures/{png,svg}/reward_distributions
  Saved → results/figures/{png,svg}/radar_chart
  Saved → results/figures/{png,svg}/forgetting_gap
  Saved → results/figures/{png,svg}/relative_performance
  Saved → results/figures/{png,svg}/summary_table

Computing KL divergence between consolidated and expert policies...
  Saved → results/figures/{png,svg}/kl_divergence_comparison
  KL divergence plot saved to results/figures

Numerical results saved to results/figures/comparison_results_default.json

================================================================================
COMPARISON SUMMARY
================================================================================
Method                     Breakout   SpaceInvaders           Pong        Average
--------------------------------------------------------------------------------
Expert                       386.00        1151.83          19.93         519.26
Distillation                   3.20          88.33          -6.43          28.37
One-Shot                       2.40           0.00         -21.00          -6.20
Iterative                      3.00           0.00         -21.00          -6.00
Hybrid                         5.47         211.00         -21.00          65.16
================================================================================

Retention (% of Expert):
  Distillation            0.8%     7.7%   -32.3%  (avg -7.9%)
  One-Shot                0.6%     0.0%  -105.4%  (avg -34.9%)
  Iterative               0.8%     0.0%  -105.4%  (avg -34.9%)
  Hybrid                  1.4%    18.3%  -105.4%  (avg -28.5%)

LaTeX table:
\begin{tabular}{lcccc}
\toprule
Method & Breakout & SpaceInvaders & Pong & Average \\
\midrule
Expert & 386.0 & 1151.8 & 19.9 & 519.3 \\
Distillation & 3.2 & 88.3 & -6.4 & 28.4 \\
One-Shot & 2.4 & 0.0 & -21.0 & -6.2 \\
Iterative & 3.0 & 0.0 & -21.0 & -6.0 \\
Hybrid & 5.5 & 211.0 & -21.0 & 65.2 \\
\bottomrule
\end{tabular}
