[2026-02-23 00:15:28] INFO - Consolidation method: ewc
[2026-02-23 00:15:28] INFO - Device: mps
[2026-02-23 00:15:28] INFO - Debug: True
[2026-02-23 00:15:28] INFO - Loading expert checkpoints and collecting replay data...
[2026-02-23 00:15:31] INFO - Loaded 3 expert models.
[2026-02-23 00:15:31] INFO - Starting EWC consolidation...
[2026-02-23 00:15:31] INFO - Computing Fisher Information Matrix for EWC...
[2026-02-23 00:15:32] INFO - EWC: Registered task 1. Fisher norm: 1.03
[2026-02-23 00:15:32] INFO - Computing Fisher Information Matrix for EWC...
[2026-02-23 00:15:32] INFO - EWC: Registered task 2. Fisher norm: 0.82
[2026-02-23 00:15:32] INFO - Computing Fisher Information Matrix for EWC...
[2026-02-23 00:15:32] INFO - EWC: Registered task 3. Fisher norm: 1.03
[2026-02-23 00:15:43] INFO - EWC consolidation step 500/500 | Loss: 3.964633 (EWC: 0.041282, Avg: 3.923351)
[2026-02-23 00:15:43] INFO - EWC consolidation complete.
[2026-02-23 00:15:43] INFO - Consolidated model saved to results/checkpoints/debug/consolidated_ewc.pt
[2026-02-23 00:16:07] INFO - Consolidation method: ewc
[2026-02-23 00:16:07] INFO - Device: mps
[2026-02-23 00:16:07] INFO - Debug: True
[2026-02-23 00:16:07] INFO - Loading expert checkpoints and collecting replay data...
[2026-02-23 00:16:11] INFO - Loaded 3 expert models.
[2026-02-23 00:16:11] INFO - Starting EWC consolidation...
[2026-02-23 00:16:11] INFO - Computing Fisher Information Matrix for EWC...
[2026-02-23 00:16:12] INFO - EWC: Registered task 1. Fisher norm: 1.03
[2026-02-23 00:16:12] INFO - Computing Fisher Information Matrix for EWC...
[2026-02-23 00:16:12] INFO - EWC: Registered task 2. Fisher norm: 0.82
[2026-02-23 00:16:12] INFO - Computing Fisher Information Matrix for EWC...
[2026-02-23 00:16:12] INFO - EWC: Registered task 3. Fisher norm: 1.03
[2026-02-23 00:16:21] INFO - EWC consolidation step 500/500 | Loss: 3.964633 (EWC: 0.041282, Avg: 3.923351)
[2026-02-23 00:16:21] INFO - EWC consolidation complete.
[2026-02-23 00:16:21] INFO - Consolidated model saved to results/checkpoints/debug/consolidated_ewc.pt
[2026-02-23 00:47:04] INFO - Consolidation method: ewc
[2026-02-23 00:47:04] INFO - Device: mps
[2026-02-23 00:47:04] INFO - Debug: True
[2026-02-23 00:47:04] INFO - Loading expert checkpoints and collecting replay data...
[2026-02-23 00:47:07] INFO - Loaded 3 expert models.
[2026-02-23 00:47:07] INFO - Starting EWC consolidation...
[2026-02-23 00:47:07] INFO - Computing Fisher Information Matrix for EWC...
[2026-02-23 00:47:07] INFO - EWC: Registered task 1. Fisher norm: 1.03
[2026-02-23 00:47:07] INFO - Computing Fisher Information Matrix for EWC...
[2026-02-23 00:47:07] INFO - EWC: Registered task 2. Fisher norm: 0.82
[2026-02-23 00:47:07] INFO - Computing Fisher Information Matrix for EWC...
[2026-02-23 00:47:07] INFO - EWC: Registered task 3. Fisher norm: 1.03
[2026-02-23 00:47:16] INFO - EWC consolidation step 500/500 | Loss: 3.964633 (EWC: 0.041282, Avg: 3.923351)
[2026-02-23 00:47:16] INFO - EWC consolidation complete.
[2026-02-23 00:47:16] INFO - Consolidated model saved to results/checkpoints/debug/consolidated_ewc.pt
