[2026-03-08 08:58:04] INFO - Consolidation method: distillation
[2026-03-08 08:58:04] INFO - Device: cuda
[2026-03-08 08:58:04] INFO - Debug: False
[2026-03-08 08:58:04] INFO - Tag: default
[2026-03-08 08:58:04] INFO - Config: configs/base.yaml
[2026-03-08 08:58:04] INFO - Task sequence: ['BreakoutNoFrameskip-v4', 'SpaceInvadersNoFrameskip-v4', 'PongNoFrameskip-v4']
A.L.E: Arcade Learning Environment (version 0.11.2+ecc1138)
[Powered by Stella]
[2026-03-08 08:58:04] INFO - Union action space: [0, 1, 3, 4, 11, 12] (6 actions)
[2026-03-08 08:58:04] INFO - Distillation config: temperature=2.0, alpha=0.5, epochs=500, lr=5e-05, batch_size=64
[2026-03-08 08:58:04] INFO - Loading expert checkpoints and collecting replay data...
[2026-03-08 09:07:01] INFO - Loaded 3 expert models in 537.0s.
[2026-03-08 09:07:01] INFO -   Pong: best_reward=20.20, valid_actions=[0, 1, 2, 3, 4, 5], buffer_size=100000
[2026-03-08 09:07:01] INFO -   Breakout: best_reward=386.30, valid_actions=[0, 1, 2, 3], buffer_size=100000
[2026-03-08 09:07:01] INFO -   SpaceInvaders: best_reward=1162.50, valid_actions=[0, 1, 2, 3, 4, 5], buffer_size=100000
[2026-03-08 09:07:01] INFO - Initializing global model as parameter average of experts...
[2026-03-08 09:07:01] INFO - Starting Knowledge Distillation consolidation...
[2026-03-08 09:07:04] INFO - Task Pong: Q-value stats mean=0.612, std=0.332
[2026-03-08 09:07:04] INFO - Task Breakout: Q-value stats mean=3.494, std=1.348
[2026-03-08 09:07:05] INFO - Task SpaceInvaders: Q-value stats mean=4.136, std=1.863
[2026-03-08 09:10:21] INFO - Distillation epoch 50/500 | Avg loss: 0.001988
[2026-03-08 09:13:57] INFO - Distillation epoch 100/500 | Avg loss: 0.001091
[2026-03-08 09:17:13] INFO - Distillation epoch 150/500 | Avg loss: 0.000863
[2026-03-08 09:20:28] INFO - Distillation epoch 200/500 | Avg loss: 0.000684
[2026-03-08 09:23:44] INFO - Distillation epoch 250/500 | Avg loss: 0.000558
[2026-03-08 09:27:02] INFO - Distillation epoch 300/500 | Avg loss: 0.000436
[2026-03-08 09:30:19] INFO - Distillation epoch 350/500 | Avg loss: 0.000275
[2026-03-08 09:33:32] INFO - Distillation epoch 400/500 | Avg loss: 0.000257
[2026-03-08 09:36:49] INFO - Distillation epoch 450/500 | Avg loss: 0.000173
[2026-03-08 09:40:05] INFO - Distillation epoch 500/500 | Avg loss: 0.000186
[2026-03-08 09:40:05] INFO - Knowledge Distillation consolidation complete.
[2026-03-08 09:40:05] INFO - Distillation model saved to results/checkpoints/default/consolidated_distillation.pt
[2026-03-08 09:40:05] INFO - Consolidated model param norm: 48.2165
[2026-03-08 09:40:05] INFO - Total consolidation time (distillation): 2520.4s
Collecting 100000 replay samples for Pong...
Collecting 100000 replay samples for Breakout...
Collecting 100000 replay samples for SpaceInvaders...
