[2026-03-08 09:40:09] INFO - Consolidation method: oneshot
[2026-03-08 09:40:09] INFO - Device: cuda
[2026-03-08 09:40:09] INFO - Debug: False
[2026-03-08 09:40:09] INFO - Tag: default
[2026-03-08 09:40:09] INFO - Config: configs/base.yaml
[2026-03-08 09:40:09] INFO - Task sequence: ['BreakoutNoFrameskip-v4', 'SpaceInvadersNoFrameskip-v4', 'PongNoFrameskip-v4']
A.L.E: Arcade Learning Environment (version 0.11.2+ecc1138)
[Powered by Stella]
[2026-03-08 09:40:10] INFO - Union action space: [0, 1, 3, 4, 11, 12] (6 actions)
[2026-03-08 09:40:10] INFO - One-Shot config: lambda=100.0, eta=0.9, fisher_samples=20000
[2026-03-08 09:40:10] INFO - Loading expert checkpoints and collecting replay data...
[2026-03-08 09:49:10] INFO - Loaded 3 expert models in 540.0s.
[2026-03-08 09:49:10] INFO -   Pong: best_reward=20.20, valid_actions=[0, 1, 2, 3, 4, 5], buffer_size=100000
[2026-03-08 09:49:10] INFO -   Breakout: best_reward=386.30, valid_actions=[0, 1, 2, 3], buffer_size=100000
[2026-03-08 09:49:10] INFO -   SpaceInvaders: best_reward=1162.50, valid_actions=[0, 1, 2, 3, 4, 5], buffer_size=100000
[2026-03-08 09:49:10] INFO - Filtering replay buffers to top-50000 high-confidence states per expert...
[2026-03-08 09:49:14] INFO -   Pong: 50000 states filtered from 100000 raw transitions
[2026-03-08 09:49:19] INFO -   Breakout: 50000 states filtered from 100000 raw transitions
[2026-03-08 09:49:23] INFO -   SpaceInvaders: 50000 states filtered from 100000 raw transitions
[2026-03-08 09:49:23] INFO - Initialising global model at ensemble-mean anchor (Definition 3.1)...
[2026-03-08 09:49:23] INFO - Starting One-Shot Joint Consolidation (lambda_bar=233.3, per_task={'Pong': 500.0, 'Breakout': 100.0, 'SpaceInvaders': 100.0}, N=3)...
[2026-03-08 09:49:23] INFO -   Computing Fisher/gradient for Pong at anchor position...
[2026-03-08 09:50:52] INFO -   Computing Fisher/gradient for Breakout at anchor position...
[2026-03-08 09:52:15] INFO -   Computing Fisher/gradient for SpaceInvaders at anchor position...
[2026-03-08 09:53:39] INFO - HTCL: mu_min(H) = 0.000000 | Constraint: lambda > -0.000000 | Using lambda = 233.333333
[2026-03-08 09:53:39] INFO -   Averaged Fisher computed | effective lambda_bar = 233.3333
[2026-03-08 09:53:39] INFO -   One-shot update_norm = 28.0749
[2026-03-08 09:53:39] INFO - One-Shot Joint Consolidation complete.
[2026-03-08 09:53:39] INFO - One-Shot model saved to results/checkpoints/default/consolidated_oneshot.pt
[2026-03-08 09:53:39] INFO - Consolidated model param norm: 41.4411
[2026-03-08 09:53:39] INFO - Total consolidation time (oneshot): 809.7s
Collecting 100000 replay samples for Pong...
Collecting 100000 replay samples for Breakout...
Collecting 100000 replay samples for SpaceInvaders...
