[2026-03-08 09:53:44] INFO - Consolidation method: iterative
[2026-03-08 09:53:44] INFO - Device: cuda
[2026-03-08 09:53:44] INFO - Debug: False
[2026-03-08 09:53:44] INFO - Tag: default
[2026-03-08 09:53:44] INFO - Config: configs/base.yaml
[2026-03-08 09:53:44] INFO - Task sequence: ['BreakoutNoFrameskip-v4', 'SpaceInvadersNoFrameskip-v4', 'PongNoFrameskip-v4']
A.L.E: Arcade Learning Environment (version 0.11.2+ecc1138)
[Powered by Stella]
[2026-03-08 09:53:45] INFO - Union action space: [0, 1, 3, 4, 11, 12] (6 actions)
[2026-03-08 09:53:45] INFO - Iterative config: lambda=100.0, eta_0=0.9, gamma=0.9, num_rounds=10, fisher_samples=20000, recompute_fisher=False
[2026-03-08 09:53:45] INFO - Loading expert checkpoints and collecting replay data...
[2026-03-08 10:02:40] INFO - Loaded 3 expert models in 535.7s.
[2026-03-08 10:02:40] INFO -   Pong: best_reward=20.20, valid_actions=[0, 1, 2, 3, 4, 5], buffer_size=100000
[2026-03-08 10:02:40] INFO -   Breakout: best_reward=386.30, valid_actions=[0, 1, 2, 3], buffer_size=100000
[2026-03-08 10:02:40] INFO -   SpaceInvaders: best_reward=1162.50, valid_actions=[0, 1, 2, 3, 4, 5], buffer_size=100000
[2026-03-08 10:02:40] INFO - Filtering replay buffers to top-50000 high-confidence states per expert...
[2026-03-08 10:02:45] INFO -   Pong: 50000 states filtered from 100000 raw transitions
[2026-03-08 10:02:49] INFO -   Breakout: 50000 states filtered from 100000 raw transitions
[2026-03-08 10:02:53] INFO -   SpaceInvaders: 50000 states filtered from 100000 raw transitions
[2026-03-08 10:02:53] INFO - Initialising global model at ensemble-mean anchor (Algorithm 1, line 1)...
[2026-03-08 10:02:53] INFO - Starting Multi-Round Joint Consolidation (lambda_bar=233.3, per_task={'Pong': 500.0, 'Breakout': 100.0, 'SpaceInvaders': 100.0}, eta_0=0.9, gamma=0.9, K=10, N=3, recompute_fisher=False)...
[2026-03-08 10:02:53] INFO - Computing Fisher/gradient ONCE at initial anchor (recompute_fisher=false; each task seen once)...
[2026-03-08 10:02:53] INFO -   [Pong] Computing Fisher/gradient...
[2026-03-08 10:04:17] INFO -   [Breakout] Computing Fisher/gradient...
[2026-03-08 10:05:39] INFO -   [SpaceInvaders] Computing Fisher/gradient...
[2026-03-08 10:07:09] INFO - HTCL: mu_min(H) = 0.000000 | Constraint: lambda > -0.000000 | Using lambda = 233.333333
[2026-03-08 10:07:09] INFO - 
--- Round 1/10 (eta_k=0.900000) ---
[2026-03-08 10:07:09] INFO -   Round 1 | effective lambda = 233.3333
[2026-03-08 10:07:09] INFO -   Round 1 | update_norm=25.2674 | max_drift=57.4535
[2026-03-08 10:07:09] INFO - 
--- Round 2/10 (eta_k=0.810000) ---
[2026-03-08 10:07:09] INFO -   Round 2 | effective lambda = 233.3333
[2026-03-08 10:07:09] INFO -   Round 2 | update_norm=2.3162 | max_drift=73.1679
[2026-03-08 10:07:09] INFO - 
--- Round 3/10 (eta_k=0.729000) ---
[2026-03-08 10:07:09] INFO -   Round 3 | effective lambda = 233.3333
[2026-03-08 10:07:09] INFO -   Round 3 | update_norm=0.4098 | max_drift=74.8588
[2026-03-08 10:07:09] INFO - 
--- Round 4/10 (eta_k=0.656100) ---
[2026-03-08 10:07:09] INFO -   Round 4 | effective lambda = 233.3333
[2026-03-08 10:07:09] INFO -   Round 4 | update_norm=0.1048 | max_drift=75.1550
[2026-03-08 10:07:09] INFO - 
--- Round 5/10 (eta_k=0.590490) ---
[2026-03-08 10:07:09] INFO -   Round 5 | effective lambda = 233.3333
[2026-03-08 10:07:09] INFO -   Round 5 | update_norm=0.0343 | max_drift=75.2284
[2026-03-08 10:07:09] INFO - 
--- Round 6/10 (eta_k=0.531441) ---
[2026-03-08 10:07:09] INFO -   Round 6 | effective lambda = 233.3333
[2026-03-08 10:07:09] INFO -   Round 6 | update_norm=0.0134 | max_drift=75.2514
[2026-03-08 10:07:09] INFO - 
--- Round 7/10 (eta_k=0.478297) ---
[2026-03-08 10:07:09] INFO -   Round 7 | effective lambda = 233.3333
[2026-03-08 10:07:09] INFO -   Round 7 | update_norm=0.0060 | max_drift=75.2600
[2026-03-08 10:07:09] INFO - 
--- Round 8/10 (eta_k=0.430467) ---
[2026-03-08 10:07:09] INFO -   Round 8 | effective lambda = 233.3333
[2026-03-08 10:07:09] INFO -   Round 8 | update_norm=0.0030 | max_drift=75.2637
[2026-03-08 10:07:09] INFO - 
--- Round 9/10 (eta_k=0.387420) ---
[2026-03-08 10:07:09] INFO -   Round 9 | effective lambda = 233.3333
[2026-03-08 10:07:09] INFO -   Round 9 | update_norm=0.0016 | max_drift=75.2654
[2026-03-08 10:07:09] INFO - 
--- Round 10/10 (eta_k=0.348678) ---
[2026-03-08 10:07:09] INFO -   Round 10 | effective lambda = 233.3333
[2026-03-08 10:07:09] INFO -   Round 10 | update_norm=0.0009 | max_drift=75.2663
[2026-03-08 10:07:09] INFO - Multi-Round Joint Consolidation complete.
[2026-03-08 10:07:09] INFO - Iterative model saved to results/checkpoints/default/consolidated_iterative.pt
[2026-03-08 10:07:09] INFO - Consolidated model param norm: 41.4877
[2026-03-08 10:07:09] INFO - Total consolidation time (iterative): 804.6s
Collecting 100000 replay samples for Pong...
Collecting 100000 replay samples for Breakout...
Collecting 100000 replay samples for SpaceInvaders...
