[2026-03-08 10:07:14] INFO - Consolidation method: hybrid
[2026-03-08 10:07:14] INFO - Device: cuda
[2026-03-08 10:07:14] INFO - Debug: False
[2026-03-08 10:07:14] INFO - Tag: default
[2026-03-08 10:07:14] INFO - Config: configs/base.yaml
[2026-03-08 10:07:14] INFO - Task sequence: ['BreakoutNoFrameskip-v4', 'SpaceInvadersNoFrameskip-v4', 'PongNoFrameskip-v4']
A.L.E: Arcade Learning Environment (version 0.11.2+ecc1138)
[Powered by Stella]
[2026-03-08 10:07:14] INFO - Union action space: [0, 1, 3, 4, 11, 12] (6 actions)
[2026-03-08 10:07:14] INFO - Hybrid config: lambda=100.0, K=10, recompute_fisher=False | KD epochs=500, lr=5e-05
[2026-03-08 10:07:14] INFO - Loading expert checkpoints and collecting replay data...
[2026-03-08 10:16:10] INFO - Loaded 3 expert models in 535.9s.
[2026-03-08 10:16:10] INFO -   Pong: best_reward=20.20, valid_actions=[0, 1, 2, 3, 4, 5], buffer_size=100000
[2026-03-08 10:16:10] INFO -   Breakout: best_reward=386.30, valid_actions=[0, 1, 2, 3], buffer_size=100000
[2026-03-08 10:16:10] INFO -   SpaceInvaders: best_reward=1162.50, valid_actions=[0, 1, 2, 3, 4, 5], buffer_size=100000
[2026-03-08 10:16:10] INFO - Filtering replay buffers to top-50000 high-confidence states per expert...
[2026-03-08 10:16:14] INFO -   Pong: 50000 states filtered from 100000 raw transitions
[2026-03-08 10:16:18] INFO -   Breakout: 50000 states filtered from 100000 raw transitions
[2026-03-08 10:16:23] INFO -   SpaceInvaders: 50000 states filtered from 100000 raw transitions
[2026-03-08 10:16:23] INFO - Initialising global model at ensemble-mean anchor (Algorithm 2, line 2)...
[2026-03-08 10:16:23] INFO - Starting Hybrid Consolidation (Phase 1: Joint Taylor K=10, lambda_bar=233.3, per_task={'Pong': 500.0, 'Breakout': 100.0, 'SpaceInvaders': 100.0}, eta_0=0.9, gamma=0.9, recompute_fisher=False | Phase 2: KD epochs=500, lr=5.0e-05)...
[2026-03-08 10:16:23] INFO - 
============================================
 Phase 1: Multi-Round Joint Taylor
============================================
[2026-03-08 10:16:23] INFO - Computing Fisher/gradient ONCE at initial anchor (recompute_fisher=false; each task seen once)...
[2026-03-08 10:16:23] INFO -   [Pong] Computing Fisher/gradient...
[2026-03-08 10:17:53] INFO -   [Breakout] Computing Fisher/gradient...
[2026-03-08 10:19:15] INFO -   [SpaceInvaders] Computing Fisher/gradient...
[2026-03-08 10:20:38] INFO - HTCL: mu_min(H) = 0.000000 | Constraint: lambda > -0.000000 | Using lambda = 233.333333
[2026-03-08 10:20:38] INFO - 
--- Round 1/10 (eta_k=0.900000) ---
[2026-03-08 10:20:38] INFO -   Round 1 | update_norm=25.2674 | effective lambda=233.3333
[2026-03-08 10:20:38] INFO - 
--- Round 2/10 (eta_k=0.810000) ---
[2026-03-08 10:20:38] INFO -   Round 2 | update_norm=2.3162 | effective lambda=233.3333
[2026-03-08 10:20:38] INFO - 
--- Round 3/10 (eta_k=0.729000) ---
[2026-03-08 10:20:38] INFO -   Round 3 | update_norm=0.4098 | effective lambda=233.3333
[2026-03-08 10:20:38] INFO - 
--- Round 4/10 (eta_k=0.656100) ---
[2026-03-08 10:20:38] INFO -   Round 4 | update_norm=0.1048 | effective lambda=233.3333
[2026-03-08 10:20:38] INFO - 
--- Round 5/10 (eta_k=0.590490) ---
[2026-03-08 10:20:38] INFO -   Round 5 | update_norm=0.0343 | effective lambda=233.3333
[2026-03-08 10:20:38] INFO - 
--- Round 6/10 (eta_k=0.531441) ---
[2026-03-08 10:20:38] INFO -   Round 6 | update_norm=0.0134 | effective lambda=233.3333
[2026-03-08 10:20:38] INFO - 
--- Round 7/10 (eta_k=0.478297) ---
[2026-03-08 10:20:38] INFO -   Round 7 | update_norm=0.0060 | effective lambda=233.3333
[2026-03-08 10:20:38] INFO - 
--- Round 8/10 (eta_k=0.430467) ---
[2026-03-08 10:20:38] INFO -   Round 8 | update_norm=0.0030 | effective lambda=233.3333
[2026-03-08 10:20:38] INFO - 
--- Round 9/10 (eta_k=0.387420) ---
[2026-03-08 10:20:38] INFO -   Round 9 | update_norm=0.0016 | effective lambda=233.3333
[2026-03-08 10:20:38] INFO - 
--- Round 10/10 (eta_k=0.348678) ---
[2026-03-08 10:20:38] INFO -   Round 10 | update_norm=0.0009 | effective lambda=233.3333
[2026-03-08 10:20:38] INFO -   Phase 1 complete | param norm = 41.4877
[2026-03-08 10:20:38] INFO - 
============================================
 Phase 2: Knowledge Distillation Refinement
============================================
[2026-03-08 10:24:01] INFO -   KD epoch 50/500 | avg loss: 0.000952
[2026-03-08 10:27:41] INFO -   KD epoch 100/500 | avg loss: 0.000654
[2026-03-08 10:31:00] INFO -   KD epoch 150/500 | avg loss: 0.000480
[2026-03-08 10:34:19] INFO -   KD epoch 200/500 | avg loss: 0.000361
[2026-03-08 10:37:38] INFO -   KD epoch 250/500 | avg loss: 0.000273
[2026-03-08 10:40:57] INFO -   KD epoch 300/500 | avg loss: 0.000264
[2026-03-08 10:44:15] INFO -   KD epoch 350/500 | avg loss: 0.000141
[2026-03-08 10:47:33] INFO -   KD epoch 400/500 | avg loss: 0.000112
[2026-03-08 10:50:53] INFO -   KD epoch 450/500 | avg loss: 0.000096
[2026-03-08 10:54:12] INFO -   KD epoch 500/500 | avg loss: 0.000095
[2026-03-08 10:54:12] INFO -   Phase 2 complete | param norm = 50.8659
[2026-03-08 10:54:12] INFO - Hybrid Consolidation complete.
[2026-03-08 10:54:12] INFO - Hybrid model saved to results/checkpoints/default/consolidated_hybrid.pt
[2026-03-08 10:54:12] INFO - Consolidated model param norm: 50.8659
[2026-03-08 10:54:12] INFO - Total consolidation time (hybrid): 2818.3s
Collecting 100000 replay samples for Pong...
Collecting 100000 replay samples for Breakout...
Collecting 100000 replay samples for SpaceInvaders...
