[2026-03-02 14:06:02] INFO - Consolidation method: distillation
[2026-03-02 14:06:02] INFO - Device: cuda
[2026-03-02 14:06:02] INFO - Debug: False
[2026-03-02 14:06:02] INFO - Tag: default
[2026-03-02 14:06:02] INFO - Config: configs/base.yaml
[2026-03-02 14:06:02] INFO - Task sequence: ['PongNoFrameskip-v4', 'BreakoutNoFrameskip-v4', 'SpaceInvadersNoFrameskip-v4']
[2026-03-02 14:06:03] INFO - Union action space: [0, 1, 3, 4, 11, 12] (6 actions)
[2026-03-02 14:06:03] INFO - Distillation config: temperature=2.0, alpha=0.5, epochs=50, lr=5e-05, batch_size=64
[2026-03-02 14:06:03] INFO - Loading expert checkpoints and collecting replay data...
[2026-03-02 14:06:47] INFO - Loaded 3 expert models in 44.1s.
[2026-03-02 14:06:47] INFO -   Pong: best_reward=20.20, valid_actions=[0, 1, 2, 3, 4, 5], buffer_size=10000
[2026-03-02 14:06:47] INFO -   Breakout: best_reward=386.30, valid_actions=[0, 1, 2, 3], buffer_size=10000
[2026-03-02 14:06:47] INFO -   SpaceInvaders: best_reward=1162.50, valid_actions=[0, 1, 2, 3, 4, 5], buffer_size=10000
[2026-03-02 14:06:47] INFO - Initializing global model as parameter average of experts...
[2026-03-02 14:06:47] INFO - Global model param norm: 38.5809
[2026-03-02 14:06:47] INFO - Starting Knowledge Distillation consolidation...
[2026-03-02 14:06:51] INFO - Task Pong: Q-value stats mean=0.634, std=0.334
[2026-03-02 14:06:52] INFO - Task Breakout: Q-value stats mean=3.515, std=0.745
[2026-03-02 14:06:52] INFO - Task SpaceInvaders: Q-value stats mean=4.037, std=1.837
[2026-03-02 14:07:05] INFO - Distillation epoch 5/50 | Avg loss: 0.014501
[2026-03-02 14:07:17] INFO - Distillation epoch 10/50 | Avg loss: 0.006742
[2026-03-02 14:07:29] INFO - Distillation epoch 15/50 | Avg loss: 0.005288
[2026-03-02 14:07:42] INFO - Distillation epoch 20/50 | Avg loss: 0.003937
[2026-03-02 14:07:54] INFO - Distillation epoch 25/50 | Avg loss: 0.003467
[2026-03-02 14:08:06] INFO - Distillation epoch 30/50 | Avg loss: 0.002938
[2026-03-02 14:08:18] INFO - Distillation epoch 35/50 | Avg loss: 0.002620
[2026-03-02 14:08:35] INFO - Distillation epoch 40/50 | Avg loss: 0.002299
[2026-03-02 14:08:47] INFO - Distillation epoch 45/50 | Avg loss: 0.001992
[2026-03-02 14:09:01] INFO - Distillation epoch 50/50 | Avg loss: 0.001787
[2026-03-02 14:09:01] INFO - Knowledge Distillation consolidation complete.
[2026-03-02 14:09:01] INFO - Consolidated model param norm: 42.2955 (delta: +3.7146)
[2026-03-02 14:09:01] INFO -   Weight drift [features]: 10.690052
[2026-03-02 14:09:01] INFO -   Weight drift [fc]: 17.763818
[2026-03-02 14:09:01] INFO - Consolidated model saved to results/checkpoints/default/consolidated_distillation.pt
[2026-03-02 14:09:01] INFO - Total consolidation time (distillation): 178.1s
[2026-03-02 15:53:13] INFO - Consolidation method: distillation
[2026-03-02 15:53:13] INFO - Device: cuda
[2026-03-02 15:53:13] INFO - Debug: False
[2026-03-02 15:53:13] INFO - Tag: default
[2026-03-02 15:53:13] INFO - Config: configs/base.yaml
[2026-03-02 15:53:13] INFO - Task sequence: ['PongNoFrameskip-v4', 'BreakoutNoFrameskip-v4', 'SpaceInvadersNoFrameskip-v4']
[2026-03-02 15:53:14] INFO - Union action space: [0, 1, 3, 4, 11, 12] (6 actions)
[2026-03-02 15:53:14] INFO - Distillation config: temperature=2.0, alpha=0.5, epochs=50, lr=5e-05, batch_size=64
[2026-03-02 15:53:14] INFO - Loading expert checkpoints and collecting replay data...
[2026-03-02 15:56:46] INFO - Loaded 3 expert models in 211.9s.
[2026-03-02 15:56:46] INFO -   Pong: best_reward=20.20, valid_actions=[0, 1, 2, 3, 4, 5], buffer_size=50000
[2026-03-02 15:56:46] INFO -   Breakout: best_reward=386.30, valid_actions=[0, 1, 2, 3], buffer_size=50000
[2026-03-02 15:56:46] INFO -   SpaceInvaders: best_reward=1162.50, valid_actions=[0, 1, 2, 3, 4, 5], buffer_size=50000
[2026-03-02 15:56:46] INFO - Initializing global model as parameter average of experts...
[2026-03-02 15:56:46] INFO - Global model param norm: 38.5809
[2026-03-02 15:56:46] INFO - Starting Knowledge Distillation consolidation...
[2026-03-02 15:56:53] INFO - Task Pong: Q-value stats mean=0.614, std=0.334
[2026-03-02 15:56:54] INFO - Task Breakout: Q-value stats mean=3.783, std=1.272
[2026-03-02 15:56:54] INFO - Task SpaceInvaders: Q-value stats mean=4.096, std=1.863
[2026-03-02 15:57:12] INFO - Distillation epoch 5/50 | Avg loss: 0.034787
[2026-03-02 15:57:28] INFO - Distillation epoch 10/50 | Avg loss: 0.008720
[2026-03-02 15:57:45] INFO - Distillation epoch 15/50 | Avg loss: 0.005679
[2026-03-02 15:58:02] INFO - Distillation epoch 20/50 | Avg loss: 0.004339
[2026-03-02 15:58:17] INFO - Distillation epoch 25/50 | Avg loss: 0.003616
[2026-03-02 15:58:32] INFO - Distillation epoch 30/50 | Avg loss: 0.002724
[2026-03-02 15:58:47] INFO - Distillation epoch 35/50 | Avg loss: 0.002410
[2026-03-02 15:59:01] INFO - Distillation epoch 40/50 | Avg loss: 0.002269
[2026-03-02 15:59:15] INFO - Distillation epoch 45/50 | Avg loss: 0.001997
[2026-03-02 15:59:28] INFO - Distillation epoch 50/50 | Avg loss: 0.001687
[2026-03-02 15:59:28] INFO - Knowledge Distillation consolidation complete.
[2026-03-02 15:59:28] INFO - Consolidated model param norm: 41.4695 (delta: +2.8886)
[2026-03-02 15:59:28] INFO -   Weight drift [features]: 9.618423
[2026-03-02 15:59:28] INFO -   Weight drift [fc]: 16.205349
[2026-03-02 15:59:28] INFO - Consolidated model saved to results/checkpoints/default/consolidated_distillation.pt
[2026-03-02 15:59:28] INFO - Total consolidation time (distillation): 374.7s
[2026-03-02 16:57:43] INFO - Consolidation method: distillation
[2026-03-02 16:57:43] INFO - Device: cuda
[2026-03-02 16:57:43] INFO - Debug: False
[2026-03-02 16:57:43] INFO - Tag: default
[2026-03-02 16:57:43] INFO - Config: configs/base.yaml
[2026-03-02 16:57:43] INFO - Task sequence: ['PongNoFrameskip-v4', 'BreakoutNoFrameskip-v4', 'SpaceInvadersNoFrameskip-v4']
[2026-03-02 16:57:44] INFO - Union action space: [0, 1, 3, 4, 11, 12] (6 actions)
[2026-03-02 16:57:44] INFO - Distillation config: temperature=2.0, alpha=0.5, epochs=50, lr=5e-05, batch_size=64
[2026-03-02 16:57:44] INFO - Loading expert checkpoints and collecting replay data...
[2026-03-02 17:01:16] INFO - Loaded 3 expert models in 212.0s.
[2026-03-02 17:01:16] INFO -   Pong: best_reward=20.20, valid_actions=[0, 1, 2, 3, 4, 5], buffer_size=50000
[2026-03-02 17:01:16] INFO -   Breakout: best_reward=386.30, valid_actions=[0, 1, 2, 3], buffer_size=50000
[2026-03-02 17:01:16] INFO -   SpaceInvaders: best_reward=1162.50, valid_actions=[0, 1, 2, 3, 4, 5], buffer_size=50000
[2026-03-02 17:01:16] INFO - Initializing global model as parameter average of experts...
[2026-03-02 17:01:16] INFO - Global model param norm: 38.5809
[2026-03-02 17:01:16] INFO - Starting Knowledge Distillation consolidation...
[2026-03-02 17:01:32] INFO - Task Pong: Q-value stats mean=0.614, std=0.334
[2026-03-02 17:01:33] INFO - Task Breakout: Q-value stats mean=3.783, std=1.272
[2026-03-02 17:01:33] INFO - Task SpaceInvaders: Q-value stats mean=4.096, std=1.863
[2026-03-02 17:01:49] INFO - Distillation epoch 5/50 | Avg loss: 0.034787
[2026-03-02 17:02:04] INFO - Distillation epoch 10/50 | Avg loss: 0.008720
[2026-03-02 17:02:17] INFO - Distillation epoch 15/50 | Avg loss: 0.005679
[2026-03-02 17:02:30] INFO - Distillation epoch 20/50 | Avg loss: 0.004339
[2026-03-02 17:02:42] INFO - Distillation epoch 25/50 | Avg loss: 0.003616
[2026-03-02 17:02:55] INFO - Distillation epoch 30/50 | Avg loss: 0.002724
[2026-03-02 17:03:07] INFO - Distillation epoch 35/50 | Avg loss: 0.002410
[2026-03-02 17:03:20] INFO - Distillation epoch 40/50 | Avg loss: 0.002269
[2026-03-02 17:03:32] INFO - Distillation epoch 45/50 | Avg loss: 0.001997
[2026-03-02 17:03:44] INFO - Distillation epoch 50/50 | Avg loss: 0.001687
[2026-03-02 17:03:44] INFO - Knowledge Distillation consolidation complete.
[2026-03-02 17:03:44] INFO - Consolidated model param norm: 41.4695 (delta: +2.8886)
[2026-03-02 17:03:44] INFO -   Weight drift [features]: 9.618423
[2026-03-02 17:03:44] INFO -   Weight drift [fc]: 16.205349
[2026-03-02 17:03:45] INFO - Consolidated model saved to results/checkpoints/default/consolidated_distillation.pt
[2026-03-02 17:03:45] INFO - Total consolidation time (distillation): 360.9s
[2026-03-03 01:51:49] INFO - Consolidation method: distillation
[2026-03-03 01:51:49] INFO - Device: mps
[2026-03-03 01:51:49] INFO - Debug: False
[2026-03-03 01:51:49] INFO - Tag: default
[2026-03-03 01:51:49] INFO - Config: configs/base.yaml
[2026-03-03 01:51:49] INFO - Task sequence: ['PongNoFrameskip-v4', 'BreakoutNoFrameskip-v4', 'SpaceInvadersNoFrameskip-v4']
[2026-03-03 01:51:49] INFO - Union action space: [0, 1, 3, 4, 11, 12] (6 actions)
[2026-03-03 01:51:49] INFO - Distillation config: temperature=2.0, alpha=0.5, epochs=50, lr=5e-05, batch_size=64
[2026-03-03 01:51:49] INFO - Loading expert checkpoints and collecting replay data...
[2026-03-03 01:54:48] INFO - Loaded 3 expert models in 178.9s.
[2026-03-03 01:54:48] INFO -   Pong: best_reward=20.20, valid_actions=[0, 1, 2, 3, 4, 5], buffer_size=50000
[2026-03-03 01:54:48] INFO -   Breakout: best_reward=386.30, valid_actions=[0, 1, 2, 3], buffer_size=50000
[2026-03-03 01:54:48] INFO -   SpaceInvaders: best_reward=1162.50, valid_actions=[0, 1, 2, 3, 4, 5], buffer_size=50000
[2026-03-03 01:54:48] INFO - Initializing global model as parameter average of experts...
[2026-03-03 01:54:48] INFO - Global model param norm: 38.5809
[2026-03-03 01:54:48] INFO - Starting Knowledge Distillation consolidation...
[2026-03-03 01:54:49] INFO - Task Pong: Q-value stats mean=0.609, std=0.333
[2026-03-03 01:54:49] INFO - Task Breakout: Q-value stats mean=3.783, std=1.272
[2026-03-03 01:54:49] INFO - Task SpaceInvaders: Q-value stats mean=4.107, std=1.869
[2026-03-03 01:54:59] INFO - Distillation epoch 5/50 | Avg loss: 0.032139
[2026-03-03 01:55:09] INFO - Distillation epoch 10/50 | Avg loss: 0.008577
[2026-03-03 01:55:19] INFO - Distillation epoch 15/50 | Avg loss: 0.005737
[2026-03-03 01:55:28] INFO - Distillation epoch 20/50 | Avg loss: 0.004120
[2026-03-03 01:55:38] INFO - Distillation epoch 25/50 | Avg loss: 0.003393
[2026-03-03 01:55:48] INFO - Distillation epoch 30/50 | Avg loss: 0.002534
[2026-03-03 01:55:58] INFO - Distillation epoch 35/50 | Avg loss: 0.002179
[2026-03-03 01:56:08] INFO - Distillation epoch 40/50 | Avg loss: 0.002197
[2026-03-03 01:56:18] INFO - Distillation epoch 45/50 | Avg loss: 0.001813
[2026-03-03 01:56:27] INFO - Distillation epoch 50/50 | Avg loss: 0.001552
[2026-03-03 01:56:27] INFO - Knowledge Distillation consolidation complete.
[2026-03-03 01:56:27] INFO - Consolidated model param norm: 41.4859 (delta: +2.9050)
[2026-03-03 01:56:27] INFO -   Weight drift [features]: 9.707089
[2026-03-03 01:56:27] INFO -   Weight drift [fc]: 16.257476
[2026-03-03 01:56:27] INFO - Consolidated model saved to results/checkpoints/default/consolidated_distillation.pt
[2026-03-03 01:56:27] INFO - Total consolidation time (distillation): 278.4s
[2026-03-03 04:24:49] INFO - Consolidation method: distillation
[2026-03-03 04:24:49] INFO - Device: mps
[2026-03-03 04:24:49] INFO - Debug: False
[2026-03-03 04:24:49] INFO - Tag: default
[2026-03-03 04:24:49] INFO - Config: configs/base.yaml
[2026-03-03 04:24:49] INFO - Task sequence: ['PongNoFrameskip-v4', 'BreakoutNoFrameskip-v4', 'SpaceInvadersNoFrameskip-v4']
[2026-03-03 04:24:49] INFO - Union action space: [0, 1, 3, 4, 11, 12] (6 actions)
[2026-03-03 04:24:49] INFO - Distillation config: temperature=2.0, alpha=0.5, epochs=50, lr=5e-05, batch_size=64
[2026-03-03 04:24:49] INFO - Loading expert checkpoints and collecting replay data...
[2026-03-03 04:30:53] INFO - Loaded 3 expert models in 364.4s.
[2026-03-03 04:30:53] INFO -   Pong: best_reward=20.20, valid_actions=[0, 1, 2, 3, 4, 5], buffer_size=100000
[2026-03-03 04:30:53] INFO -   Breakout: best_reward=386.30, valid_actions=[0, 1, 2, 3], buffer_size=100000
[2026-03-03 04:30:53] INFO -   SpaceInvaders: best_reward=1162.50, valid_actions=[0, 1, 2, 3, 4, 5], buffer_size=100000
[2026-03-03 04:30:53] INFO - Initializing global model as parameter average of experts...
[2026-03-03 04:30:53] INFO - Global model param norm: 38.5809
[2026-03-03 04:30:53] INFO - Starting Knowledge Distillation consolidation...
[2026-03-03 04:30:54] INFO - Task Pong: Q-value stats mean=0.612, std=0.332
[2026-03-03 04:30:54] INFO - Task Breakout: Q-value stats mean=3.513, std=1.558
[2026-03-03 04:30:55] INFO - Task SpaceInvaders: Q-value stats mean=4.133, std=1.898
[2026-03-03 04:31:05] INFO - Distillation epoch 5/50 | Avg loss: 0.022047
[2026-03-03 04:31:15] INFO - Distillation epoch 10/50 | Avg loss: 0.007375
[2026-03-03 04:31:25] INFO - Distillation epoch 15/50 | Avg loss: 0.005260
[2026-03-03 04:31:35] INFO - Distillation epoch 20/50 | Avg loss: 0.003719
[2026-03-03 04:31:45] INFO - Distillation epoch 25/50 | Avg loss: 0.003279
[2026-03-03 04:31:55] INFO - Distillation epoch 30/50 | Avg loss: 0.002447
[2026-03-03 04:32:05] INFO - Distillation epoch 35/50 | Avg loss: 0.002036
[2026-03-03 04:32:15] INFO - Distillation epoch 40/50 | Avg loss: 0.001990
[2026-03-03 04:32:25] INFO - Distillation epoch 45/50 | Avg loss: 0.001712
[2026-03-03 04:32:35] INFO - Distillation epoch 50/50 | Avg loss: 0.001500
[2026-03-03 04:32:35] INFO - Knowledge Distillation consolidation complete.
[2026-03-03 04:32:35] INFO - Total consolidation time (distillation): 466.4s
[2026-03-03 04:32:35] INFO - Consolidated model param norm: 41.6476 (delta: +3.0667)
[2026-03-03 04:32:35] INFO -   Weight drift [features]: 9.536392
[2026-03-03 04:32:35] INFO -   Weight drift [fc]: 16.809052
[2026-03-03 04:32:35] INFO - Consolidated model saved to results/checkpoints/default/consolidated_distillation.pt
