[2026-02-23 04:07:43] ============================================================
[2026-02-23 04:07:43]  CRL-Atari Experiment Pipeline
[2026-02-23 04:07:43] ============================================================
[2026-02-23 04:07:43]  Hostname:  node242
[2026-02-23 04:07:43]  Date:      Mon Feb 23 04:07:43 EST 2026
[2026-02-23 04:07:43]  Tag:       default
[2026-02-23 04:07:43]  Config:    configs/base.yaml
[2026-02-23 04:07:43]  Debug:     off
[2026-02-23 04:07:43]  Device:    auto
[2026-02-23 04:07:43]  Log dir:   results/logs/pipeline_default_20260223_040743
[2026-02-23 04:07:43]  Master log: results/logs/pipeline_default_20260223_040743/pipeline_master.log
[2026-02-23 04:07:43] ============================================================
[2026-02-23 04:07:47] Environment snapshot saved to results/logs/pipeline_default_20260223_040743/environment_snapshot.log
[2026-02-23 04:07:47] ============================================================
[2026-02-23 04:07:47]  Step 1/4: Training Expert Agents
[2026-02-23 04:07:47] ============================================================
[2026-02-23 04:07:47] START: 01_train_experts
[2026-02-23 04:07:47] CMD: python scripts/train_experts.py --config configs/base.yaml --tag default
[2026-02-23 04:07:47] Step log: results/logs/pipeline_default_20260223_040743/01_train_experts.log
[2026-02-23 04:07:51] INFO - Device: cuda
[2026-02-23 04:07:51] INFO - Debug mode: False
[2026-02-23 04:07:51] INFO - Task sequence: ['PongNoFrameskip-v4', 'BreakoutNoFrameskip-v4', 'SpaceInvadersNoFrameskip-v4']
[2026-02-23 04:07:51] INFO - Git commit: fa381ae
[2026-02-23 04:07:51] INFO - Model parameters: 1,693,362
[2026-02-23 04:07:51] INFO - 
============================================================
[2026-02-23 04:07:51] INFO - Training Expert 1/3: PongNoFrameskip-v4
[2026-02-23 04:07:51] INFO - ============================================================
A.L.E: Arcade Learning Environment (version 0.11.2+ecc1138)
[Powered by Stella]
[2026-02-23 04:07:51] INFO - Task: PongNoFrameskip-v4 | Valid actions: [0, 1, 3, 4, 11, 12] (6 actions)
[2026-02-23 04:07:55] INFO - Initializing expert from global model weights.
[2026-02-23 04:08:06] INFO - [Pong] Step 9452/1000000 | Ep 10 | Reward: -20.0 | Mean100: -20.1 | Eps: 0.963 | Time: 10s
[2026-02-23 04:08:20] INFO - [Pong] Eval at step 10000: mean reward = -21.00
[2026-02-23 04:08:20] INFO - [Pong] New best model saved: -21.00
[2026-02-23 04:08:54] INFO - [Pong] Step 18783/1000000 | Ep 20 | Reward: -21.0 | Mean100: -20.1 | Eps: 0.926 | Time: 59s
[2026-02-23 04:09:12] INFO - [Pong] Eval at step 20000: mean reward = -21.00
