[2026-03-08 00:53:25] INFO - Consolidation method: oneshot
[2026-03-08 00:53:25] INFO - Device: cuda
[2026-03-08 00:53:25] INFO - Debug: False
[2026-03-08 00:53:25] INFO - Tag: default
[2026-03-08 00:53:25] INFO - Config: configs/base.yaml
[2026-03-08 00:53:25] INFO - Task sequence: ['BreakoutNoFrameskip-v4', 'SpaceInvadersNoFrameskip-v4', 'PongNoFrameskip-v4']
[2026-03-08 00:53:26] INFO - Union action space: [0, 1, 3, 4, 11, 12] (6 actions)
[2026-03-08 00:53:26] INFO - One-Shot config: lambda=100.0, eta=0.9, fisher_samples=5000
[2026-03-08 00:53:26] INFO - Loading expert checkpoints and collecting replay data...
[2026-03-08 01:00:38] INFO - Loaded 3 expert models in 432.6s.
[2026-03-08 01:00:38] INFO -   Pong: best_reward=20.20, valid_actions=[0, 1, 2, 3, 4, 5], buffer_size=100000
[2026-03-08 01:00:38] INFO -   Breakout: best_reward=386.30, valid_actions=[0, 1, 2, 3], buffer_size=100000
[2026-03-08 01:00:38] INFO -   SpaceInvaders: best_reward=1162.50, valid_actions=[0, 1, 2, 3, 4, 5], buffer_size=100000
[2026-03-08 01:00:38] INFO - Filtering replay buffers to top-50000 high-confidence states per expert...
[2026-03-08 01:00:50] INFO -   Pong: 50000 states filtered from 100000 raw transitions
[2026-03-08 01:01:02] INFO -   Breakout: 50000 states filtered from 100000 raw transitions
[2026-03-08 01:01:13] INFO -   SpaceInvaders: 50000 states filtered from 100000 raw transitions
[2026-03-08 01:01:13] INFO - Initialising global model at ensemble-mean anchor (Definition 3.1)...
[2026-03-08 01:01:13] INFO - Starting One-Shot Joint Consolidation (lambda=100.0, N=3)...
[2026-03-08 01:01:13] INFO -   Computing Fisher/gradient for Pong at anchor position...
[2026-03-08 01:02:13] INFO - HTCL: Fisher (task) after Pong | global min=0.000000, max=0.1503, mean=0.000003, std=0.000373, nonzero=7.0%
[2026-03-08 01:02:13] INFO -   Top-1 Fisher layer: fc.2.bias | mean=0.138616, max=0.1503
[2026-03-08 01:02:13] INFO -   Top-2 Fisher layer: features.4.bias | mean=0.012773, max=0.1472
[2026-03-08 01:02:13] INFO -   Top-3 Fisher layer: features.2.bias | mean=0.010305, max=0.0898
[2026-03-08 01:02:13] INFO -   Top-4 Fisher layer: fc.2.weight | mean=0.000387, max=0.0175
[2026-03-08 01:02:13] INFO -   Top-5 Fisher layer: fc.0.bias | mean=0.000344, max=0.0252
[2026-03-08 01:02:13] INFO -   Computing Fisher/gradient for Breakout at anchor position...
[2026-03-08 01:03:12] INFO - HTCL: Fisher (task) after Breakout | global min=0.000000, max=0.1913, mean=0.000002, std=0.000314, nonzero=18.4%
[2026-03-08 01:03:12] INFO -   Top-1 Fisher layer: fc.2.bias | mean=0.124994, max=0.1913
[2026-03-08 01:03:12] INFO -   Top-2 Fisher layer: features.4.bias | mean=0.004490, max=0.0874
[2026-03-08 01:03:12] INFO -   Top-3 Fisher layer: features.2.bias | mean=0.003993, max=0.0395
[2026-03-08 01:03:12] INFO -   Top-4 Fisher layer: features.0.bias | mean=0.002875, max=0.0304
[2026-03-08 01:03:12] INFO -   Top-5 Fisher layer: fc.2.weight | mean=0.000346, max=0.0221
[2026-03-08 01:03:12] INFO -   Computing Fisher/gradient for SpaceInvaders at anchor position...
[2026-03-08 01:04:11] INFO - HTCL: Fisher (task) after SpaceInvaders | global min=0.000000, max=0.1473, mean=0.000002, std=0.000302, nonzero=26.7%
[2026-03-08 01:04:11] INFO -   Top-1 Fisher layer: fc.2.bias | mean=0.138693, max=0.1473
[2026-03-08 01:04:11] INFO -   Top-2 Fisher layer: features.4.bias | mean=0.006830, max=0.1213
[2026-03-08 01:04:11] INFO -   Top-3 Fisher layer: features.0.bias | mean=0.005403, max=0.0616
[2026-03-08 01:04:11] INFO -   Top-4 Fisher layer: features.2.bias | mean=0.003708, max=0.0408
[2026-03-08 01:04:11] INFO -   Top-5 Fisher layer: fc.0.bias | mean=0.000463, max=0.0250
[2026-03-08 01:04:11] INFO - HTCL: Fisher (cumulative) after averaged | global min=0.000000, max=0.1630, mean=0.000002, std=0.000307, nonzero=26.2%
[2026-03-08 01:04:11] INFO -   Top-1 Fisher layer: fc.2.bias | mean=0.134101, max=0.1630
[2026-03-08 01:04:11] INFO -   Top-2 Fisher layer: features.4.bias | mean=0.008031, max=0.0830
[2026-03-08 01:04:11] INFO -   Top-3 Fisher layer: features.2.bias | mean=0.006002, max=0.0567
[2026-03-08 01:04:11] INFO -   Top-4 Fisher layer: features.0.bias | mean=0.002843, max=0.0275
[2026-03-08 01:04:11] INFO -   Top-5 Fisher layer: fc.2.weight | mean=0.000350, max=0.0176
[2026-03-08 01:04:11] INFO - HTCL: mu_min(H) = 0.000000 | Constraint: lambda > -0.000000 | Using lambda = 100.000000
[2026-03-08 01:04:11] INFO -   Averaged Fisher computed | effective lambda = 100.0000
[2026-03-08 01:04:11] INFO -   One-shot update_norm = 0.8298
[2026-03-08 01:04:11] INFO - One-Shot Joint Consolidation complete.
[2026-03-08 01:04:12] INFO - One-Shot model saved to results/checkpoints/default/consolidated_oneshot.pt
[2026-03-08 01:04:12] INFO - HTCL: Fisher log saved to results/checkpoints/default/oneshot_fisher_log.json
[2026-03-08 01:04:12] INFO - Consolidated model param norm: 38.6424
[2026-03-08 01:04:12] INFO - Total consolidation time (oneshot): 646.6s
[2026-03-08 08:41:22] INFO - Consolidation method: oneshot
[2026-03-08 08:41:22] INFO - Device: cuda
[2026-03-08 08:41:22] INFO - Debug: False
[2026-03-08 08:41:22] INFO - Tag: default
[2026-03-08 08:41:22] INFO - Config: configs/base.yaml
[2026-03-08 08:41:22] INFO - Task sequence: ['BreakoutNoFrameskip-v4', 'SpaceInvadersNoFrameskip-v4', 'PongNoFrameskip-v4']
[2026-03-08 08:41:22] INFO - Union action space: [0, 1, 3, 4, 11, 12] (6 actions)
[2026-03-08 08:41:22] INFO - One-Shot config: lambda=100.0, eta=0.9, fisher_samples=20000
[2026-03-08 08:41:22] INFO - Loading expert checkpoints and collecting replay data...
[2026-03-08 08:50:20] INFO - Loaded 3 expert models in 537.7s.
[2026-03-08 08:50:20] INFO -   Pong: best_reward=20.20, valid_actions=[0, 1, 2, 3, 4, 5], buffer_size=100000
[2026-03-08 08:50:20] INFO -   Breakout: best_reward=386.30, valid_actions=[0, 1, 2, 3], buffer_size=100000
[2026-03-08 08:50:20] INFO -   SpaceInvaders: best_reward=1162.50, valid_actions=[0, 1, 2, 3, 4, 5], buffer_size=100000
[2026-03-08 08:50:20] INFO - Filtering replay buffers to top-50000 high-confidence states per expert...
[2026-03-08 08:50:25] INFO -   Pong: 50000 states filtered from 100000 raw transitions
[2026-03-08 09:40:09] INFO - Consolidation method: oneshot
[2026-03-08 09:40:09] INFO - Device: cuda
[2026-03-08 09:40:09] INFO - Debug: False
[2026-03-08 09:40:09] INFO - Tag: default
[2026-03-08 09:40:09] INFO - Config: configs/base.yaml
[2026-03-08 09:40:09] INFO - Task sequence: ['BreakoutNoFrameskip-v4', 'SpaceInvadersNoFrameskip-v4', 'PongNoFrameskip-v4']
[2026-03-08 09:40:10] INFO - Union action space: [0, 1, 3, 4, 11, 12] (6 actions)
[2026-03-08 09:40:10] INFO - One-Shot config: lambda=100.0, eta=0.9, fisher_samples=20000
[2026-03-08 09:40:10] INFO - Loading expert checkpoints and collecting replay data...
[2026-03-08 09:49:10] INFO - Loaded 3 expert models in 540.0s.
[2026-03-08 09:49:10] INFO -   Pong: best_reward=20.20, valid_actions=[0, 1, 2, 3, 4, 5], buffer_size=100000
[2026-03-08 09:49:10] INFO -   Breakout: best_reward=386.30, valid_actions=[0, 1, 2, 3], buffer_size=100000
[2026-03-08 09:49:10] INFO -   SpaceInvaders: best_reward=1162.50, valid_actions=[0, 1, 2, 3, 4, 5], buffer_size=100000
[2026-03-08 09:49:10] INFO - Filtering replay buffers to top-50000 high-confidence states per expert...
[2026-03-08 09:49:14] INFO -   Pong: 50000 states filtered from 100000 raw transitions
[2026-03-08 09:49:19] INFO -   Breakout: 50000 states filtered from 100000 raw transitions
[2026-03-08 09:49:23] INFO -   SpaceInvaders: 50000 states filtered from 100000 raw transitions
[2026-03-08 09:49:23] INFO - Initialising global model at ensemble-mean anchor (Definition 3.1)...
[2026-03-08 09:49:23] INFO - Starting One-Shot Joint Consolidation (lambda_bar=233.3, per_task={'Pong': 500.0, 'Breakout': 100.0, 'SpaceInvaders': 100.0}, N=3)...
[2026-03-08 09:49:23] INFO -   Computing Fisher/gradient for Pong at anchor position...
[2026-03-08 09:50:52] INFO -   Computing Fisher/gradient for Breakout at anchor position...
[2026-03-08 09:52:15] INFO -   Computing Fisher/gradient for SpaceInvaders at anchor position...
[2026-03-08 09:53:39] INFO - HTCL: mu_min(H) = 0.000000 | Constraint: lambda > -0.000000 | Using lambda = 233.333333
[2026-03-08 09:53:39] INFO -   Averaged Fisher computed | effective lambda_bar = 233.3333
[2026-03-08 09:53:39] INFO -   One-shot update_norm = 28.0749
[2026-03-08 09:53:39] INFO - One-Shot Joint Consolidation complete.
[2026-03-08 09:53:39] INFO - One-Shot model saved to results/checkpoints/default/consolidated_oneshot.pt
[2026-03-08 09:53:39] INFO - Consolidated model param norm: 41.4411
[2026-03-08 09:53:39] INFO - Total consolidation time (oneshot): 809.7s
