[2026-02-23 02:46:05] INFO - Device: cuda
[2026-02-23 02:46:05] INFO - Debug mode: False
[2026-02-23 02:46:05] INFO - Task sequence: ['PongNoFrameskip-v4', 'BreakoutNoFrameskip-v4', 'SpaceInvadersNoFrameskip-v4']
[2026-02-23 02:46:05] INFO - Git commit: 32244cb
[2026-02-23 02:46:06] INFO - Model parameters: 6,737,234
[2026-02-23 02:46:06] INFO - 
============================================================
[2026-02-23 02:46:06] INFO - Training Expert 1/3: PongNoFrameskip-v4
[2026-02-23 02:46:06] INFO - ============================================================
A.L.E: Arcade Learning Environment (version 0.11.2+ecc1138)
[Powered by Stella]
[2026-02-23 02:46:06] INFO - Task: PongNoFrameskip-v4 | Valid actions: [0, 1, 3, 4, 11, 12] (6 actions)
[2026-02-23 02:46:16] INFO - Initializing expert from global model weights.
[2026-02-23 02:46:26] INFO - [Pong] Step 9195/1000000 | Ep 10 | Reward: -21.0 | Mean100: -20.4 | Eps: 1.000 | Time: 9s
[2026-02-23 02:46:45] INFO - [Pong] Eval at step 10000: mean reward = -21.00
[2026-02-23 02:46:45] INFO - [Pong] New best model saved: -21.00
[2026-02-23 02:47:20] INFO - [Pong] Step 18508/1000000 | Ep 20 | Reward: -21.0 | Mean100: -20.3 | Eps: 0.992 | Time: 64s
[2026-02-23 02:47:41] INFO - [Pong] Eval at step 20000: mean reward = -21.00
[2026-02-23 02:48:14] INFO - [Pong] Step 27909/1000000 | Ep 30 | Reward: -19.0 | Mean100: -20.1 | Eps: 0.982 | Time: 117s
[2026-02-23 02:48:36] INFO - [Pong] Eval at step 30000: mean reward = -21.00
[2026-02-23 02:49:02] INFO - [Pong] Step 36587/1000000 | Ep 40 | Reward: -21.0 | Mean100: -20.3 | Eps: 0.974 | Time: 166s
[2026-02-23 02:49:31] INFO - [Pong] Eval at step 40000: mean reward = -21.00
[2026-02-23 02:49:52] INFO - [Pong] Step 45180/1000000 | Ep 50 | Reward: -21.0 | Mean100: -20.4 | Eps: 0.965 | Time: 216s
[2026-02-23 02:50:26] INFO - [Pong] Eval at step 50000: mean reward = -21.00
[2026-02-23 02:50:44] INFO - [Pong] Step 54502/1000000 | Ep 60 | Reward: -21.0 | Mean100: -20.4 | Eps: 0.956 | Time: 268s
[2026-02-23 02:51:20] INFO - [Pong] Eval at step 60000: mean reward = -21.00
[2026-02-23 02:51:34] INFO - [Pong] Step 63385/1000000 | Ep 70 | Reward: -21.0 | Mean100: -20.4 | Eps: 0.947 | Time: 318s
[2026-02-23 02:52:16] INFO - [Pong] Eval at step 70000: mean reward = -21.00
[2026-02-23 02:52:25] INFO - [Pong] Step 72232/1000000 | Ep 80 | Reward: -20.0 | Mean100: -20.4 | Eps: 0.938 | Time: 369s
[2026-02-23 02:53:11] INFO - [Pong] Eval at step 80000: mean reward = -21.00
[2026-02-23 02:53:17] INFO - [Pong] Step 81546/1000000 | Ep 90 | Reward: -18.0 | Mean100: -20.3 | Eps: 0.929 | Time: 421s
[2026-02-23 02:54:06] INFO - [Pong] Eval at step 90000: mean reward = -21.00
[2026-02-23 02:54:11] INFO - [Pong] Step 91239/1000000 | Ep 100 | Reward: -21.0 | Mean100: -20.4 | Eps: 0.920 | Time: 475s
[2026-02-23 02:55:01] INFO - [Pong] Eval at step 100000: mean reward = -21.00
[2026-02-23 02:55:06] INFO - [Pong] Step 101199/1000000 | Ep 110 | Reward: -19.0 | Mean100: -20.3 | Eps: 0.910 | Time: 530s
[2026-02-23 02:55:56] INFO - [Pong] Eval at step 110000: mean reward = -21.00
[2026-02-23 02:55:57] INFO - [Pong] Step 110181/1000000 | Ep 120 | Reward: -21.0 | Mean100: -20.4 | Eps: 0.901 | Time: 581s
[2026-02-23 02:56:35] INFO - [Pong] Step 119115/1000000 | Ep 130 | Reward: -21.0 | Mean100: -20.5 | Eps: 0.892 | Time: 618s
[2026-02-23 02:56:51] INFO - [Pong] Eval at step 120000: mean reward = -21.00
[2026-02-23 02:57:26] INFO - [Pong] Step 128228/1000000 | Ep 140 | Reward: -21.0 | Mean100: -20.4 | Eps: 0.883 | Time: 670s
[2026-02-23 02:57:46] INFO - [Pong] Eval at step 130000: mean reward = -21.00
[2026-02-23 02:58:17] INFO - [Pong] Step 137235/1000000 | Ep 150 | Reward: -20.0 | Mean100: -20.4 | Eps: 0.874 | Time: 721s
[2026-02-23 02:58:43] INFO - [Pong] Eval at step 140000: mean reward = -21.00
[2026-02-23 02:59:12] INFO - [Pong] Step 146204/1000000 | Ep 160 | Reward: -21.0 | Mean100: -20.4 | Eps: 0.865 | Time: 775s
[2026-02-23 02:59:42] INFO - [Pong] Eval at step 150000: mean reward = -21.00
[2026-02-23 03:00:06] INFO - [Pong] Step 155068/1000000 | Ep 170 | Reward: -21.0 | Mean100: -20.4 | Eps: 0.856 | Time: 829s
[2026-02-23 03:00:45] INFO - [Pong] Eval at step 160000: mean reward = -21.00
[2026-02-23 03:01:04] INFO - [Pong] Step 164357/1000000 | Ep 180 | Reward: -20.0 | Mean100: -20.4 | Eps: 0.847 | Time: 888s
[2026-02-23 03:01:41] INFO - [Pong] Eval at step 170000: mean reward = -21.00
[2026-02-23 03:01:59] INFO - [Pong] Step 174065/1000000 | Ep 190 | Reward: -21.0 | Mean100: -20.3 | Eps: 0.838 | Time: 942s
[2026-02-23 03:02:39] INFO - [Pong] Eval at step 180000: mean reward = -21.00
[2026-02-23 03:02:51] INFO - [Pong] Step 182958/1000000 | Ep 200 | Reward: -21.0 | Mean100: -20.3 | Eps: 0.829 | Time: 995s
[2026-02-23 03:03:37] INFO - [Pong] Eval at step 190000: mean reward = -21.00
[2026-02-23 03:03:48] INFO - [Pong] Step 192546/1000000 | Ep 210 | Reward: -21.0 | Mean100: -20.3 | Eps: 0.819 | Time: 1052s
[2026-02-23 03:04:34] INFO - [Pong] Eval at step 200000: mean reward = -21.00
[2026-02-23 03:04:40] INFO - [Pong] Step 201329/1000000 | Ep 220 | Reward: -21.0 | Mean100: -20.3 | Eps: 0.811 | Time: 1104s
[2026-02-23 03:05:31] INFO - [Pong] Eval at step 210000: mean reward = -21.00
[2026-02-23 03:05:35] INFO - [Pong] Step 210827/1000000 | Ep 230 | Reward: -20.0 | Mean100: -20.2 | Eps: 0.801 | Time: 1159s
[2026-02-23 03:06:14] INFO - [Pong] Step 219267/1000000 | Ep 240 | Reward: -21.0 | Mean100: -20.3 | Eps: 0.793 | Time: 1197s
[2026-02-23 03:06:30] INFO - [Pong] Eval at step 220000: mean reward = -21.00
[2026-02-23 03:07:10] INFO - [Pong] Step 228551/1000000 | Ep 250 | Reward: -16.0 | Mean100: -20.2 | Eps: 0.784 | Time: 1253s
[2026-02-23 03:07:30] INFO - [Pong] Eval at step 230000: mean reward = -21.00
[2026-02-23 03:08:04] INFO - [Pong] Step 237795/1000000 | Ep 260 | Reward: -20.0 | Mean100: -20.1 | Eps: 0.774 | Time: 1308s
[2026-02-23 03:08:27] INFO - [Pong] Eval at step 240000: mean reward = -21.00
[2026-02-23 03:08:57] INFO - [Pong] Step 246827/1000000 | Ep 270 | Reward: -21.0 | Mean100: -20.1 | Eps: 0.766 | Time: 1361s
[2026-02-23 03:09:26] INFO - [Pong] Eval at step 250000: mean reward = -21.00
[2026-02-23 03:09:51] INFO - [Pong] Step 255476/1000000 | Ep 280 | Reward: -21.0 | Mean100: -20.1 | Eps: 0.757 | Time: 1415s
[2026-02-23 03:10:24] INFO - [Pong] Eval at step 260000: mean reward = -21.00
[2026-02-23 03:10:45] INFO - [Pong] Step 264768/1000000 | Ep 290 | Reward: -21.0 | Mean100: -20.2 | Eps: 0.748 | Time: 1469s
[2026-02-23 03:11:22] INFO - [Pong] Eval at step 270000: mean reward = -21.00
[2026-02-23 03:11:35] INFO - [Pong] Step 273094/1000000 | Ep 300 | Reward: -21.0 | Mean100: -20.2 | Eps: 0.740 | Time: 1519s
[2026-02-23 03:12:21] INFO - [Pong] Eval at step 280000: mean reward = -21.00
[2026-02-23 03:12:28] INFO - [Pong] Step 281572/1000000 | Ep 310 | Reward: -21.0 | Mean100: -20.3 | Eps: 0.731 | Time: 1572s
[2026-02-23 03:13:07] INFO - [Pong] Step 289925/1000000 | Ep 320 | Reward: -21.0 | Mean100: -20.3 | Eps: 0.723 | Time: 1610s
[2026-02-23 03:13:20] INFO - [Pong] Eval at step 290000: mean reward = -21.00
[2026-02-23 03:13:59] INFO - [Pong] Step 298458/1000000 | Ep 330 | Reward: -20.0 | Mean100: -20.3 | Eps: 0.714 | Time: 1662s
[2026-02-23 03:14:19] INFO - [Pong] Eval at step 300000: mean reward = -21.00
[2026-02-23 03:14:53] INFO - [Pong] Step 307187/1000000 | Ep 340 | Reward: -21.0 | Mean100: -20.3 | Eps: 0.706 | Time: 1717s
[2026-02-23 03:15:20] INFO - [Pong] Eval at step 310000: mean reward = -21.00
[2026-02-23 03:15:49] INFO - [Pong] Step 316254/1000000 | Ep 350 | Reward: -20.0 | Mean100: -20.4 | Eps: 0.697 | Time: 1773s
[2026-02-23 03:16:20] INFO - [Pong] Eval at step 320000: mean reward = -21.00
[2026-02-23 03:16:44] INFO - [Pong] Step 325211/1000000 | Ep 360 | Reward: -21.0 | Mean100: -20.5 | Eps: 0.688 | Time: 1828s
[2026-02-23 03:17:19] INFO - [Pong] Eval at step 330000: mean reward = -21.00
[2026-02-23 03:17:38] INFO - [Pong] Step 334088/1000000 | Ep 370 | Reward: -20.0 | Mean100: -20.5 | Eps: 0.679 | Time: 1882s
[2026-02-23 03:18:18] INFO - [Pong] Eval at step 340000: mean reward = -21.00
[2026-02-23 03:18:32] INFO - [Pong] Step 342881/1000000 | Ep 380 | Reward: -21.0 | Mean100: -20.5 | Eps: 0.670 | Time: 1935s
[2026-02-23 03:19:19] INFO - [Pong] Eval at step 350000: mean reward = -21.00
[2026-02-23 03:19:25] INFO - [Pong] Step 351181/1000000 | Ep 390 | Reward: -21.0 | Mean100: -20.6 | Eps: 0.662 | Time: 1988s
[2026-02-23 03:20:04] INFO - [Pong] Step 359427/1000000 | Ep 400 | Reward: -21.0 | Mean100: -20.6 | Eps: 0.654 | Time: 2028s
[2026-02-23 03:20:20] INFO - [Pong] Eval at step 360000: mean reward = -21.00
[2026-02-23 03:20:57] INFO - [Pong] Step 368083/1000000 | Ep 410 | Reward: -20.0 | Mean100: -20.6 | Eps: 0.645 | Time: 2081s
[2026-02-23 03:21:19] INFO - [Pong] Eval at step 370000: mean reward = -21.00
[2026-02-23 03:21:51] INFO - [Pong] Step 376923/1000000 | Ep 420 | Reward: -20.0 | Mean100: -20.6 | Eps: 0.637 | Time: 2135s
[2026-02-23 03:22:19] INFO - [Pong] Eval at step 380000: mean reward = -21.00
[2026-02-23 03:22:48] INFO - [Pong] Step 386179/1000000 | Ep 430 | Reward: -20.0 | Mean100: -20.5 | Eps: 0.628 | Time: 2192s
[2026-02-23 03:23:19] INFO - [Pong] Eval at step 390000: mean reward = -21.00
[2026-02-23 03:23:42] INFO - [Pong] Step 394996/1000000 | Ep 440 | Reward: -21.0 | Mean100: -20.5 | Eps: 0.619 | Time: 2246s
[2026-02-23 03:24:18] INFO - [Pong] Eval at step 400000: mean reward = -21.00
[2026-02-23 03:24:37] INFO - [Pong] Step 403907/1000000 | Ep 450 | Reward: -21.0 | Mean100: -20.5 | Eps: 0.610 | Time: 2300s
[2026-02-23 03:25:19] INFO - [Pong] Eval at step 410000: mean reward = -21.00
[2026-02-23 03:25:33] INFO - [Pong] Step 412743/1000000 | Ep 460 | Reward: -19.0 | Mean100: -20.5 | Eps: 0.601 | Time: 2356s
[2026-02-23 03:26:20] INFO - [Pong] Eval at step 420000: mean reward = -21.00
[2026-02-23 03:26:28] INFO - [Pong] Step 421672/1000000 | Ep 470 | Reward: -20.0 | Mean100: -20.5 | Eps: 0.592 | Time: 2412s
[2026-02-23 03:27:20] INFO - [Pong] Eval at step 430000: mean reward = -21.00
[2026-02-23 03:27:23] INFO - [Pong] Step 430479/1000000 | Ep 480 | Reward: -21.0 | Mean100: -20.5 | Eps: 0.584 | Time: 2466s
[2026-02-23 03:28:03] INFO - [Pong] Step 439233/1000000 | Ep 490 | Reward: -20.0 | Mean100: -20.5 | Eps: 0.575 | Time: 2507s
[2026-02-23 03:28:20] INFO - [Pong] Eval at step 440000: mean reward = -21.00
[2026-02-23 03:29:00] INFO - [Pong] Step 448185/1000000 | Ep 500 | Reward: -20.0 | Mean100: -20.4 | Eps: 0.566 | Time: 2563s
[2026-02-23 03:29:22] INFO - [Pong] Eval at step 450000: mean reward = -21.00
[2026-02-23 03:29:55] INFO - [Pong] Step 456819/1000000 | Ep 510 | Reward: -21.0 | Mean100: -20.4 | Eps: 0.558 | Time: 2619s
[2026-02-23 03:30:23] INFO - [Pong] Eval at step 460000: mean reward = -21.00
[2026-02-23 03:30:49] INFO - [Pong] Step 465517/1000000 | Ep 520 | Reward: -21.0 | Mean100: -20.4 | Eps: 0.549 | Time: 2673s
[2026-02-23 03:31:24] INFO - [Pong] Eval at step 470000: mean reward = -21.00
[2026-02-23 03:31:43] INFO - [Pong] Step 473960/1000000 | Ep 530 | Reward: -20.0 | Mean100: -20.5 | Eps: 0.541 | Time: 2726s
[2026-02-23 03:32:24] INFO - [Pong] Eval at step 480000: mean reward = -21.00
[2026-02-23 03:32:37] INFO - [Pong] Step 482627/1000000 | Ep 540 | Reward: -20.0 | Mean100: -20.5 | Eps: 0.532 | Time: 2781s
[2026-02-23 03:33:25] INFO - [Pong] Eval at step 490000: mean reward = -21.00
[2026-02-23 03:33:31] INFO - [Pong] Step 491264/1000000 | Ep 550 | Reward: -21.0 | Mean100: -20.5 | Eps: 0.524 | Time: 2835s
[2026-02-23 03:34:27] INFO - [Pong] Eval at step 500000: mean reward = -21.00
[2026-02-23 03:34:29] INFO - [Pong] Step 500524/1000000 | Ep 560 | Reward: -21.0 | Mean100: -20.5 | Eps: 0.514 | Time: 2893s
[2026-02-23 03:35:10] INFO - [Pong] Step 508964/1000000 | Ep 570 | Reward: -20.0 | Mean100: -20.5 | Eps: 0.506 | Time: 2934s
[2026-02-23 03:35:29] INFO - [Pong] Eval at step 510000: mean reward = -21.00
[2026-02-23 03:36:06] INFO - [Pong] Step 517822/1000000 | Ep 580 | Reward: -21.0 | Mean100: -20.5 | Eps: 0.497 | Time: 2990s
[2026-02-23 03:36:31] INFO - [Pong] Eval at step 520000: mean reward = -21.00
[2026-02-23 03:37:03] INFO - [Pong] Step 526619/1000000 | Ep 590 | Reward: -21.0 | Mean100: -20.5 | Eps: 0.489 | Time: 3047s
[2026-02-23 03:37:33] INFO - [Pong] Eval at step 530000: mean reward = -21.00
[2026-02-23 03:38:00] INFO - [Pong] Step 535729/1000000 | Ep 600 | Reward: -20.0 | Mean100: -20.5 | Eps: 0.480 | Time: 3104s
[2026-02-23 03:38:35] INFO - [Pong] Eval at step 540000: mean reward = -21.00
[2026-02-23 03:38:58] INFO - [Pong] Step 544747/1000000 | Ep 610 | Reward: -20.0 | Mean100: -20.5 | Eps: 0.471 | Time: 3162s
[2026-02-23 03:39:37] INFO - [Pong] Eval at step 550000: mean reward = -21.00
[2026-02-23 03:39:55] INFO - [Pong] Step 553525/1000000 | Ep 620 | Reward: -21.0 | Mean100: -20.4 | Eps: 0.462 | Time: 3218s
[2026-02-23 03:40:39] INFO - [Pong] Eval at step 560000: mean reward = -21.00
[2026-02-23 03:40:48] INFO - [Pong] Step 561835/1000000 | Ep 630 | Reward: -21.0 | Mean100: -20.5 | Eps: 0.454 | Time: 3272s
[2026-02-23 03:41:41] INFO - [Pong] Eval at step 570000: mean reward = -21.00
[2026-02-23 03:41:43] INFO - [Pong] Step 570296/1000000 | Ep 640 | Reward: -21.0 | Mean100: -20.5 | Eps: 0.445 | Time: 3326s
[2026-02-23 03:42:26] INFO - [Pong] Step 579330/1000000 | Ep 650 | Reward: -21.0 | Mean100: -20.4 | Eps: 0.436 | Time: 3370s
[2026-02-23 03:42:43] INFO - [Pong] Eval at step 580000: mean reward = -21.00
[2026-02-23 03:43:23] INFO - [Pong] Step 587882/1000000 | Ep 660 | Reward: -20.0 | Mean100: -20.5 | Eps: 0.428 | Time: 3427s
[2026-02-23 03:43:47] INFO - [Pong] Eval at step 590000: mean reward = -21.00
[2026-02-23 03:44:19] INFO - [Pong] Step 596622/1000000 | Ep 670 | Reward: -21.0 | Mean100: -20.4 | Eps: 0.419 | Time: 3483s
[2026-02-23 03:44:49] INFO - [Pong] Eval at step 600000: mean reward = -21.00
[2026-02-23 03:45:16] INFO - [Pong] Step 605277/1000000 | Ep 680 | Reward: -20.0 | Mean100: -20.5 | Eps: 0.411 | Time: 3540s
[2026-02-23 03:45:53] INFO - [Pong] Eval at step 610000: mean reward = -21.00
[2026-02-23 03:46:14] INFO - [Pong] Step 614318/1000000 | Ep 690 | Reward: -21.0 | Mean100: -20.5 | Eps: 0.402 | Time: 3598s
[2026-02-23 03:46:55] INFO - [Pong] Eval at step 620000: mean reward = -21.00
[2026-02-23 03:47:09] INFO - [Pong] Step 622884/1000000 | Ep 700 | Reward: -21.0 | Mean100: -20.5 | Eps: 0.393 | Time: 3653s
[2026-02-23 03:47:57] INFO - [Pong] Eval at step 630000: mean reward = -21.00
[2026-02-23 03:48:07] INFO - [Pong] Step 632001/1000000 | Ep 710 | Reward: -21.0 | Mean100: -20.5 | Eps: 0.384 | Time: 3711s
[2026-02-23 03:48:48] INFO - [Pong] Step 639946/1000000 | Ep 720 | Reward: -21.0 | Mean100: -20.6 | Eps: 0.376 | Time: 3752s
[2026-02-23 03:49:02] INFO - [Pong] Eval at step 640000: mean reward = -21.00
[2026-02-23 03:49:43] INFO - [Pong] Step 648395/1000000 | Ep 730 | Reward: -21.0 | Mean100: -20.6 | Eps: 0.368 | Time: 3807s
[2026-02-23 03:50:05] INFO - [Pong] Eval at step 650000: mean reward = -21.00
[2026-02-23 03:50:40] INFO - [Pong] Step 657072/1000000 | Ep 740 | Reward: -20.0 | Mean100: -20.6 | Eps: 0.359 | Time: 3863s
[2026-02-23 03:51:08] INFO - [Pong] Eval at step 660000: mean reward = -21.00
[2026-02-23 03:51:35] INFO - [Pong] Step 665586/1000000 | Ep 750 | Reward: -21.0 | Mean100: -20.6 | Eps: 0.351 | Time: 3919s
[2026-02-23 03:52:11] INFO - [Pong] Eval at step 670000: mean reward = -21.00
[2026-02-23 03:52:32] INFO - [Pong] Step 674198/1000000 | Ep 760 | Reward: -20.0 | Mean100: -20.6 | Eps: 0.342 | Time: 3975s
[2026-02-23 03:53:14] INFO - [Pong] Eval at step 680000: mean reward = -21.00
[2026-02-23 03:53:25] INFO - [Pong] Step 682348/1000000 | Ep 770 | Reward: -21.0 | Mean100: -20.6 | Eps: 0.334 | Time: 4029s
[2026-02-23 03:54:17] INFO - [Pong] Eval at step 690000: mean reward = -21.00
[2026-02-23 03:54:23] INFO - [Pong] Step 691344/1000000 | Ep 780 | Reward: -21.0 | Mean100: -20.6 | Eps: 0.325 | Time: 4087s
[2026-02-23 03:55:20] INFO - [Pong] Eval at step 700000: mean reward = -21.00
[2026-02-23 03:55:21] INFO - [Pong] Step 700109/1000000 | Ep 790 | Reward: -21.0 | Mean100: -20.6 | Eps: 0.317 | Time: 4144s
[2026-02-23 03:56:03] INFO - [Pong] Step 708688/1000000 | Ep 800 | Reward: -21.0 | Mean100: -20.6 | Eps: 0.308 | Time: 4187s
[2026-02-23 03:56:23] INFO - [Pong] Eval at step 710000: mean reward = -21.00
[2026-02-23 03:56:59] INFO - [Pong] Step 717234/1000000 | Ep 810 | Reward: -21.0 | Mean100: -20.6 | Eps: 0.300 | Time: 4243s
[2026-02-23 03:57:26] INFO - [Pong] Eval at step 720000: mean reward = -21.00
[2026-02-23 03:57:57] INFO - [Pong] Step 726045/1000000 | Ep 820 | Reward: -20.0 | Mean100: -20.6 | Eps: 0.291 | Time: 4300s
[2026-02-23 03:58:30] INFO - [Pong] Eval at step 730000: mean reward = -21.00
[2026-02-23 03:58:40] INFO - [Pong] Step 732000/1000000 | Ep 827 | Reward: -20.0 | Mean100: -20.6 | Eps: 0.285 | Time: 4344s
[2026-02-23 03:58:53] INFO - [Pong] Step 734615/1000000 | Ep 830 | Reward: -20.0 | Mean100: -20.5 | Eps: 0.283 | Time: 4357s
[2026-02-23 03:59:33] INFO - [Pong] Eval at step 740000: mean reward = -21.00
[2026-02-23 03:59:47] INFO - [Pong] Step 742775/1000000 | Ep 840 | Reward: -21.0 | Mean100: -20.6 | Eps: 0.275 | Time: 4411s
[2026-02-23 04:00:37] INFO - [Pong] Eval at step 750000: mean reward = -21.00
[2026-02-23 04:00:41] INFO - [Pong] Step 750802/1000000 | Ep 850 | Reward: -21.0 | Mean100: -20.6 | Eps: 0.267 | Time: 4464s
[2026-02-23 04:01:23] INFO - [Pong] Step 759161/1000000 | Ep 860 | Reward: -21.0 | Mean100: -20.6 | Eps: 0.258 | Time: 4506s
[2026-02-23 04:01:40] INFO - [Pong] Eval at step 760000: mean reward = -21.00
[2026-02-23 04:02:18] INFO - [Pong] Step 767541/1000000 | Ep 870 | Reward: -21.0 | Mean100: -20.6 | Eps: 0.250 | Time: 4562s
[2026-02-23 04:02:44] INFO - [Pong] Eval at step 770000: mean reward = -21.00
[2026-02-23 04:03:14] INFO - [Pong] Step 776122/1000000 | Ep 880 | Reward: -21.0 | Mean100: -20.7 | Eps: 0.242 | Time: 4618s
[2026-02-23 04:03:47] INFO - [Pong] Eval at step 780000: mean reward = -21.00
[2026-02-23 04:04:13] INFO - [Pong] Step 785009/1000000 | Ep 890 | Reward: -21.0 | Mean100: -20.7 | Eps: 0.233 | Time: 4676s
[2026-02-23 04:04:51] INFO - [Pong] Eval at step 790000: mean reward = -21.00
[2026-02-23 04:05:07] INFO - [Pong] Step 793067/1000000 | Ep 900 | Reward: -21.0 | Mean100: -20.7 | Eps: 0.225 | Time: 4730s
