[2026-03-02 15:53:13] INFO - Consolidation method: distillation
[2026-03-02 15:53:13] INFO - Device: cuda
[2026-03-02 15:53:13] INFO - Debug: False
[2026-03-02 15:53:13] INFO - Tag: default
[2026-03-02 15:53:13] INFO - Config: configs/base.yaml
[2026-03-02 15:53:13] INFO - Task sequence: ['PongNoFrameskip-v4', 'BreakoutNoFrameskip-v4', 'SpaceInvadersNoFrameskip-v4']
A.L.E: Arcade Learning Environment (version 0.11.2+ecc1138)
[Powered by Stella]
[2026-03-02 15:53:14] INFO - Union action space: [0, 1, 3, 4, 11, 12] (6 actions)
[2026-03-02 15:53:14] INFO - Distillation config: temperature=2.0, alpha=0.5, epochs=50, lr=5e-05, batch_size=64
[2026-03-02 15:53:14] INFO - Loading expert checkpoints and collecting replay data...
[2026-03-02 15:56:46] INFO - Loaded 3 expert models in 211.9s.
[2026-03-02 15:56:46] INFO -   Pong: best_reward=20.20, valid_actions=[0, 1, 2, 3, 4, 5], buffer_size=50000
[2026-03-02 15:56:46] INFO -   Breakout: best_reward=386.30, valid_actions=[0, 1, 2, 3], buffer_size=50000
[2026-03-02 15:56:46] INFO -   SpaceInvaders: best_reward=1162.50, valid_actions=[0, 1, 2, 3, 4, 5], buffer_size=50000
[2026-03-02 15:56:46] INFO - Initializing global model as parameter average of experts...
[2026-03-02 15:56:46] INFO - Global model param norm: 38.5809
[2026-03-02 15:56:46] INFO - Starting Knowledge Distillation consolidation...
[2026-03-02 15:56:53] INFO - Task Pong: Q-value stats mean=0.614, std=0.334
[2026-03-02 15:56:54] INFO - Task Breakout: Q-value stats mean=3.783, std=1.272
[2026-03-02 15:56:54] INFO - Task SpaceInvaders: Q-value stats mean=4.096, std=1.863
[2026-03-02 15:57:12] INFO - Distillation epoch 5/50 | Avg loss: 0.034787
[2026-03-02 15:57:28] INFO - Distillation epoch 10/50 | Avg loss: 0.008720
[2026-03-02 15:57:45] INFO - Distillation epoch 15/50 | Avg loss: 0.005679
[2026-03-02 15:58:02] INFO - Distillation epoch 20/50 | Avg loss: 0.004339
[2026-03-02 15:58:17] INFO - Distillation epoch 25/50 | Avg loss: 0.003616
[2026-03-02 15:58:32] INFO - Distillation epoch 30/50 | Avg loss: 0.002724
[2026-03-02 15:58:47] INFO - Distillation epoch 35/50 | Avg loss: 0.002410
[2026-03-02 15:59:01] INFO - Distillation epoch 40/50 | Avg loss: 0.002269
[2026-03-02 15:59:15] INFO - Distillation epoch 45/50 | Avg loss: 0.001997
[2026-03-02 15:59:28] INFO - Distillation epoch 50/50 | Avg loss: 0.001687
[2026-03-02 15:59:28] INFO - Knowledge Distillation consolidation complete.
[2026-03-02 15:59:28] INFO - Consolidated model param norm: 41.4695 (delta: +2.8886)
[2026-03-02 15:59:28] INFO -   Weight drift [features]: 9.618423
[2026-03-02 15:59:28] INFO -   Weight drift [fc]: 16.205349
[2026-03-02 15:59:28] INFO - Consolidated model saved to results/checkpoints/default/consolidated_distillation.pt
[2026-03-02 15:59:28] INFO - Total consolidation time (distillation): 374.7s
Collecting 50000 replay samples for Pong...
Collecting 50000 replay samples for Breakout...
Collecting 50000 replay samples for SpaceInvaders...
